{
	"/Users/jw/Desktop/repos/odin-book-backend/src/config/database.ts": {
		"path": "/Users/jw/Desktop/repos/odin-book-backend/src/config/database.ts",
		"statementMap": {
			"0": {
				"start": { "line": 1, "column": 0 },
				"end": { "line": 1, "column": 32 }
			},
			"1": {
				"start": { "line": 2, "column": 0 },
				"end": { "line": 2, "column": 26 }
			},
			"2": {
				"start": { "line": 3, "column": 0 },
				"end": { "line": 3, "column": 44 }
			},
			"3": {
				"start": { "line": 5, "column": 12 },
				"end": { "line": 5, "column": 33 }
			},
			"4": {
				"start": { "line": 7, "column": 24 },
				"end": { "line": 29, "column": 1 }
			},
			"5": {
				"start": { "line": 8, "column": 1 },
				"end": { "line": 28, "column": null }
			},
			"6": {
				"start": { "line": 9, "column": 2 },
				"end": { "line": 9, "column": 37 }
			},
			"7": {
				"start": { "line": 11, "column": 2 },
				"end": { "line": 13, "column": 5 }
			},
			"8": {
				"start": { "line": 12, "column": 3 },
				"end": { "line": 12, "column": 29 }
			},
			"9": {
				"start": { "line": 15, "column": 2 },
				"end": { "line": 18, "column": 5 }
			},
			"10": {
				"start": { "line": 16, "column": 3 },
				"end": { "line": 16, "column": 42 }
			},
			"11": {
				"start": { "line": 17, "column": 3 },
				"end": { "line": 17, "column": 52 }
			},
			"12": {
				"start": { "line": 20, "column": 2 },
				"end": { "line": 20, "column": 34 }
			},
			"13": {
				"start": { "line": 22, "column": 2 },
				"end": { "line": 22, "column": 34 }
			},
			"14": {
				"start": { "line": 23, "column": 2 },
				"end": { "line": 23, "column": 37 }
			},
			"15": {
				"start": { "line": 24, "column": 2 },
				"end": { "line": 24, "column": 30 }
			},
			"16": {
				"start": { "line": 26, "column": 2 },
				"end": { "line": 26, "column": 37 }
			},
			"17": {
				"start": { "line": 27, "column": 2 },
				"end": { "line": 27, "column": 21 }
			},
			"18": {
				"start": { "line": 7, "column": 13 },
				"end": { "line": 7, "column": 24 }
			},
			"19": {
				"start": { "line": 31, "column": 38 },
				"end": { "line": 38, "column": 1 }
			},
			"20": {
				"start": { "line": 32, "column": 1 },
				"end": { "line": 37, "column": null }
			},
			"21": {
				"start": { "line": 33, "column": 2 },
				"end": { "line": 33, "column": 39 }
			},
			"22": {
				"start": { "line": 34, "column": 2 },
				"end": { "line": 34, "column": 30 }
			},
			"23": {
				"start": { "line": 36, "column": 2 },
				"end": { "line": 36, "column": 21 }
			},
			"24": {
				"start": { "line": 31, "column": 13 },
				"end": { "line": 31, "column": 38 }
			}
		},
		"fnMap": {
			"0": {
				"name": "(anonymous_1)",
				"decl": {
					"start": { "line": 7, "column": 24 },
					"end": { "line": 7, "column": 29 }
				},
				"loc": {
					"start": { "line": 7, "column": 35 },
					"end": { "line": 29, "column": 1 }
				}
			},
			"1": {
				"name": "(anonymous_2)",
				"decl": {
					"start": { "line": 11, "column": 38 },
					"end": { "line": 11, "column": 41 }
				},
				"loc": {
					"start": { "line": 11, "column": 43 },
					"end": { "line": 13, "column": 3 }
				}
			},
			"2": {
				"name": "(anonymous_3)",
				"decl": {
					"start": { "line": 15, "column": 34 },
					"end": { "line": 15, "column": 35 }
				},
				"loc": {
					"start": { "line": 15, "column": 42 },
					"end": { "line": 18, "column": 3 }
				}
			},
			"3": {
				"name": "(anonymous_4)",
				"decl": {
					"start": { "line": 31, "column": 38 },
					"end": { "line": 31, "column": 43 }
				},
				"loc": {
					"start": { "line": 31, "column": 49 },
					"end": { "line": 38, "column": 1 }
				}
			}
		},
		"branchMap": {},
		"s": {
			"0": 4,
			"1": 4,
			"2": 4,
			"3": 4,
			"4": 4,
			"5": 4,
			"6": 4,
			"7": 4,
			"8": 4,
			"9": 4,
			"10": 0,
			"11": 0,
			"12": 4,
			"13": 4,
			"14": 4,
			"15": 4,
			"16": 0,
			"17": 0,
			"18": 4,
			"19": 4,
			"20": 4,
			"21": 4,
			"22": 4,
			"23": 0,
			"24": 4
		},
		"f": { "0": 4, "1": 4, "2": 0, "3": 4 },
		"b": {}
	},
	"/Users/jw/Desktop/repos/odin-book-backend/src/config/envVariables.ts": {
		"path": "/Users/jw/Desktop/repos/odin-book-backend/src/config/envVariables.ts",
		"statementMap": {
			"0": {
				"start": { "line": 1, "column": 0 },
				"end": { "line": 1, "column": 28 }
			},
			"1": {
				"start": { "line": 3, "column": 0 },
				"end": { "line": 3, "column": 16 }
			},
			"2": {
				"start": { "line": 5, "column": 31 },
				"end": { "line": 12, "column": 1 }
			},
			"3": {
				"start": { "line": 6, "column": 18 },
				"end": { "line": 6, "column": 35 }
			},
			"4": {
				"start": { "line": 7, "column": 1 },
				"end": { "line": 10, "column": null }
			},
			"5": {
				"start": { "line": 8, "column": 2 },
				"end": { "line": 8, "column": 39 }
			},
			"6": {
				"start": { "line": 9, "column": 2 },
				"end": { "line": 9, "column": 18 }
			},
			"7": {
				"start": { "line": 11, "column": 1 },
				"end": { "line": 11, "column": 17 }
			},
			"8": {
				"start": { "line": 14, "column": 13 },
				"end": { "line": 14, "column": 45 }
			},
			"9": {
				"start": { "line": 16, "column": 13 },
				"end": { "line": 16, "column": 62 }
			},
			"10": {
				"start": { "line": 18, "column": 13 },
				"end": { "line": 20, "column": 2 }
			},
			"11": {
				"start": { "line": 22, "column": 13 },
				"end": { "line": 22, "column": 64 }
			},
			"12": {
				"start": { "line": 24, "column": 13 },
				"end": { "line": 24, "column": 77 }
			},
			"13": {
				"start": { "line": 26, "column": 13 },
				"end": { "line": 28, "column": 2 }
			},
			"14": {
				"start": { "line": 30, "column": 13 },
				"end": { "line": 32, "column": 2 }
			},
			"15": {
				"start": { "line": 34, "column": 13 },
				"end": { "line": 34, "column": 71 }
			},
			"16": {
				"start": { "line": 36, "column": 13 },
				"end": { "line": 36, "column": 79 }
			},
			"17": {
				"start": { "line": 38, "column": 13 },
				"end": { "line": 38, "column": 73 }
			},
			"18": {
				"start": { "line": 40, "column": 13 },
				"end": { "line": 42, "column": 2 }
			},
			"19": {
				"start": { "line": 44, "column": 13 },
				"end": { "line": 44, "column": 73 }
			},
			"20": {
				"start": { "line": 46, "column": 13 },
				"end": { "line": 48, "column": 2 }
			},
			"21": {
				"start": { "line": 50, "column": 13 },
				"end": { "line": 50, "column": 62 }
			},
			"22": {
				"start": { "line": 52, "column": 13 },
				"end": { "line": 52, "column": 70 }
			},
			"23": {
				"start": { "line": 54, "column": 13 },
				"end": { "line": 54, "column": 77 }
			},
			"24": {
				"start": { "line": 56, "column": 13 },
				"end": { "line": 56, "column": 75 }
			},
			"25": {
				"start": { "line": 58, "column": 13 },
				"end": { "line": 58, "column": 79 }
			},
			"26": {
				"start": { "line": 60, "column": 13 },
				"end": { "line": 60, "column": 58 }
			},
			"27": {
				"start": { "line": 62, "column": 13 },
				"end": { "line": 65, "column": 42 }
			},
			"28": {
				"start": { "line": 67, "column": 13 },
				"end": { "line": 67, "column": 58 }
			},
			"29": {
				"start": { "line": 70, "column": 13 },
				"end": { "line": 75, "column": 42 }
			}
		},
		"fnMap": {
			"0": {
				"name": "(anonymous_1)",
				"decl": {
					"start": { "line": 5, "column": 31 },
					"end": { "line": 5, "column": 32 }
				},
				"loc": {
					"start": { "line": 5, "column": 48 },
					"end": { "line": 12, "column": 1 }
				}
			}
		},
		"branchMap": {
			"0": {
				"loc": {
					"start": { "line": 7, "column": 1 },
					"end": { "line": 10, "column": null }
				},
				"type": "if",
				"locations": [
					{
						"start": { "line": 7, "column": 1 },
						"end": { "line": 10, "column": null }
					}
				]
			},
			"1": {
				"loc": {
					"start": { "line": 14, "column": 20 },
					"end": { "line": 14, "column": 44 }
				},
				"type": "binary-expr",
				"locations": [
					{
						"start": { "line": 14, "column": 20 },
						"end": { "line": 14, "column": 36 }
					},
					{
						"start": { "line": 14, "column": 40 },
						"end": { "line": 14, "column": 44 }
					}
				]
			},
			"2": {
				"loc": {
					"start": { "line": 63, "column": 1 },
					"end": { "line": 65, "column": 41 }
				},
				"type": "cond-expr",
				"locations": [
					{
						"start": { "line": 64, "column": 4 },
						"end": { "line": 64, "column": 42 }
					},
					{
						"start": { "line": 65, "column": 4 },
						"end": { "line": 65, "column": 41 }
					}
				]
			},
			"3": {
				"loc": {
					"start": { "line": 71, "column": 1 },
					"end": { "line": 75, "column": 41 }
				},
				"type": "cond-expr",
				"locations": [
					{
						"start": { "line": 72, "column": 4 },
						"end": { "line": 72, "column": 41 }
					},
					{
						"start": { "line": 73, "column": 4 },
						"end": { "line": 75, "column": 41 }
					}
				]
			},
			"4": {
				"loc": {
					"start": { "line": 73, "column": 4 },
					"end": { "line": 75, "column": 41 }
				},
				"type": "cond-expr",
				"locations": [
					{
						"start": { "line": 74, "column": 4 },
						"end": { "line": 74, "column": 40 }
					},
					{
						"start": { "line": 75, "column": 4 },
						"end": { "line": 75, "column": 41 }
					}
				]
			}
		},
		"s": {
			"0": 4,
			"1": 4,
			"2": 4,
			"3": 84,
			"4": 84,
			"5": 0,
			"6": 0,
			"7": 84,
			"8": 4,
			"9": 4,
			"10": 4,
			"11": 4,
			"12": 4,
			"13": 4,
			"14": 4,
			"15": 4,
			"16": 4,
			"17": 4,
			"18": 4,
			"19": 4,
			"20": 4,
			"21": 4,
			"22": 4,
			"23": 4,
			"24": 4,
			"25": 4,
			"26": 4,
			"27": 4,
			"28": 4,
			"29": 4
		},
		"f": { "0": 84 },
		"b": { "0": [0], "1": [4, 4], "2": [0, 4], "3": [0, 4], "4": [0, 4] }
	},
	"/Users/jw/Desktop/repos/odin-book-backend/src/config/nodemailer.ts": {
		"path": "/Users/jw/Desktop/repos/odin-book-backend/src/config/nodemailer.ts",
		"statementMap": {
			"0": {
				"start": { "line": 1, "column": 0 },
				"end": { "line": 1, "column": 36 }
			},
			"1": {
				"start": { "line": 2, "column": 0 },
				"end": { "line": 2, "column": 74 }
			},
			"2": {
				"start": { "line": 4, "column": 0 },
				"end": { "line": 4, "column": 36 }
			},
			"3": {
				"start": { "line": 6, "column": 20 },
				"end": { "line": 12, "column": 2 }
			},
			"4": {
				"start": { "line": 14, "column": 34 },
				"end": { "line": 17, "column": 2 }
			},
			"5": {
				"start": { "line": 14, "column": 41 },
				"end": { "line": 17, "column": 2 }
			},
			"6": {
				"start": { "line": 14, "column": 13 },
				"end": { "line": 14, "column": 34 }
			},
			"7": {
				"start": { "line": 19, "column": 28 },
				"end": { "line": 20, "column": 46 }
			},
			"8": {
				"start": { "line": 20, "column": 1 },
				"end": { "line": 20, "column": 46 }
			},
			"9": {
				"start": { "line": 22, "column": 36 },
				"end": { "line": 55, "column": 1 }
			},
			"10": {
				"start": { "line": 26, "column": 1 },
				"end": { "line": 54, "column": 3 }
			},
			"11": {
				"start": { "line": 22, "column": 13 },
				"end": { "line": 22, "column": 36 }
			},
			"12": {
				"start": { "line": 57, "column": 29 },
				"end": { "line": 58, "column": 54 }
			},
			"13": {
				"start": { "line": 58, "column": 1 },
				"end": { "line": 58, "column": 54 }
			},
			"14": {
				"start": { "line": 60, "column": 35 },
				"end": { "line": 84, "column": 1 }
			},
			"15": {
				"start": { "line": 64, "column": 1 },
				"end": { "line": 83, "column": 3 }
			},
			"16": {
				"start": { "line": 60, "column": 13 },
				"end": { "line": 60, "column": 35 }
			},
			"17": {
				"start": { "line": 86, "column": 25 },
				"end": { "line": 93, "column": 1 }
			},
			"18": {
				"start": { "line": 87, "column": 1 },
				"end": { "line": 92, "column": null }
			},
			"19": {
				"start": { "line": 88, "column": 15 },
				"end": { "line": 88, "column": 54 }
			},
			"20": {
				"start": { "line": 89, "column": 2 },
				"end": { "line": 89, "column": 46 }
			},
			"21": {
				"start": { "line": 91, "column": 2 },
				"end": { "line": 91, "column": 21 }
			},
			"22": {
				"start": { "line": 86, "column": 13 },
				"end": { "line": 86, "column": 25 }
			},
			"23": {
				"start": { "line": 95, "column": 37 },
				"end": { "line": 101, "column": 1 }
			},
			"24": {
				"start": { "line": 99, "column": 21 },
				"end": { "line": 99, "column": 66 }
			},
			"25": {
				"start": { "line": 100, "column": 1 },
				"end": { "line": 100, "column": 30 }
			},
			"26": {
				"start": { "line": 95, "column": 13 },
				"end": { "line": 95, "column": 37 }
			},
			"27": {
				"start": { "line": 103, "column": 38 },
				"end": { "line": 109, "column": 1 }
			},
			"28": {
				"start": { "line": 107, "column": 21 },
				"end": { "line": 107, "column": 66 }
			},
			"29": {
				"start": { "line": 108, "column": 1 },
				"end": { "line": 108, "column": 30 }
			},
			"30": {
				"start": { "line": 103, "column": 13 },
				"end": { "line": 103, "column": 38 }
			}
		},
		"fnMap": {
			"0": {
				"name": "(anonymous_1)",
				"decl": {
					"start": { "line": 14, "column": 34 },
					"end": { "line": 14, "column": 37 }
				},
				"loc": {
					"start": { "line": 14, "column": 41 },
					"end": { "line": 17, "column": 2 }
				}
			},
			"1": {
				"name": "(anonymous_2)",
				"decl": {
					"start": { "line": 19, "column": 28 },
					"end": { "line": 19, "column": 29 }
				},
				"loc": {
					"start": { "line": 20, "column": 1 },
					"end": { "line": 20, "column": 46 }
				}
			},
			"2": {
				"name": "(anonymous_3)",
				"decl": {
					"start": { "line": 22, "column": 36 },
					"end": { "line": 22, "column": null }
				},
				"loc": {
					"start": { "line": 25, "column": 4 },
					"end": { "line": 55, "column": 1 }
				}
			},
			"3": {
				"name": "(anonymous_4)",
				"decl": {
					"start": { "line": 57, "column": 29 },
					"end": { "line": 57, "column": 30 }
				},
				"loc": {
					"start": { "line": 58, "column": 1 },
					"end": { "line": 58, "column": 54 }
				}
			},
			"4": {
				"name": "(anonymous_5)",
				"decl": {
					"start": { "line": 60, "column": 35 },
					"end": { "line": 60, "column": null }
				},
				"loc": {
					"start": { "line": 63, "column": 4 },
					"end": { "line": 84, "column": 1 }
				}
			},
			"5": {
				"name": "(anonymous_6)",
				"decl": {
					"start": { "line": 86, "column": 25 },
					"end": { "line": 86, "column": 30 }
				},
				"loc": {
					"start": { "line": 86, "column": 61 },
					"end": { "line": 93, "column": 1 }
				}
			},
			"6": {
				"name": "(anonymous_7)",
				"decl": {
					"start": { "line": 95, "column": 37 },
					"end": { "line": 95, "column": 42 }
				},
				"loc": {
					"start": { "line": 98, "column": 4 },
					"end": { "line": 101, "column": 1 }
				}
			},
			"7": {
				"name": "(anonymous_8)",
				"decl": {
					"start": { "line": 103, "column": 38 },
					"end": { "line": 103, "column": 43 }
				},
				"loc": {
					"start": { "line": 106, "column": 4 },
					"end": { "line": 109, "column": 1 }
				}
			}
		},
		"branchMap": {},
		"s": {
			"0": 4,
			"1": 4,
			"2": 4,
			"3": 4,
			"4": 4,
			"5": 9,
			"6": 4,
			"7": 4,
			"8": 0,
			"9": 4,
			"10": 0,
			"11": 4,
			"12": 4,
			"13": 0,
			"14": 4,
			"15": 0,
			"16": 4,
			"17": 4,
			"18": 0,
			"19": 0,
			"20": 0,
			"21": 0,
			"22": 4,
			"23": 4,
			"24": 0,
			"25": 0,
			"26": 4,
			"27": 4,
			"28": 0,
			"29": 0,
			"30": 4
		},
		"f": { "0": 9, "1": 0, "2": 0, "3": 0, "4": 0, "5": 0, "6": 0, "7": 0 },
		"b": {}
	},
	"/Users/jw/Desktop/repos/odin-book-backend/src/config/twilio.ts": {
		"path": "/Users/jw/Desktop/repos/odin-book-backend/src/config/twilio.ts",
		"statementMap": {
			"0": {
				"start": { "line": 1, "column": 0 },
				"end": { "line": 1, "column": 28 }
			},
			"1": {
				"start": { "line": 2, "column": 0 },
				"end": { "line": 2, "column": null }
			},
			"2": {
				"start": { "line": 9, "column": 15 },
				"end": { "line": 9, "column": 56 }
			},
			"3": {
				"start": { "line": 11, "column": 32 },
				"end": { "line": 14, "column": 2 }
			},
			"4": {
				"start": { "line": 11, "column": 39 },
				"end": { "line": 14, "column": 2 }
			},
			"5": {
				"start": { "line": 11, "column": 13 },
				"end": { "line": 11, "column": 32 }
			},
			"6": {
				"start": { "line": 16, "column": 28 },
				"end": { "line": 28, "column": 1 }
			},
			"7": {
				"start": { "line": 17, "column": 1 },
				"end": { "line": 27, "column": null }
			},
			"8": {
				"start": { "line": 18, "column": 18 },
				"end": { "line": 22, "column": 4 }
			},
			"9": {
				"start": { "line": 24, "column": 2 },
				"end": { "line": 24, "column": 17 }
			},
			"10": {
				"start": { "line": 26, "column": 2 },
				"end": { "line": 26, "column": 21 }
			},
			"11": {
				"start": { "line": 30, "column": 28 },
				"end": { "line": 31, "column": 46 }
			},
			"12": {
				"start": { "line": 31, "column": 1 },
				"end": { "line": 31, "column": 46 }
			},
			"13": {
				"start": { "line": 33, "column": 31 },
				"end": { "line": 41, "column": 1 }
			},
			"14": {
				"start": { "line": 34, "column": 1 },
				"end": { "line": 40, "column": 104 }
			},
			"15": {
				"start": { "line": 43, "column": 29 },
				"end": { "line": 44, "column": 54 }
			},
			"16": {
				"start": { "line": 44, "column": 1 },
				"end": { "line": 44, "column": 54 }
			},
			"17": {
				"start": { "line": 46, "column": 32 },
				"end": { "line": 54, "column": 1 }
			},
			"18": {
				"start": { "line": 47, "column": 1 },
				"end": { "line": 53, "column": 100 }
			},
			"19": {
				"start": { "line": 56, "column": 35 },
				"end": { "line": 62, "column": 1 }
			},
			"20": {
				"start": { "line": 60, "column": 17 },
				"end": { "line": 60, "column": 57 }
			},
			"21": {
				"start": { "line": 61, "column": 1 },
				"end": { "line": 61, "column": 49 }
			},
			"22": {
				"start": { "line": 56, "column": 13 },
				"end": { "line": 56, "column": 35 }
			},
			"23": {
				"start": { "line": 64, "column": 36 },
				"end": { "line": 70, "column": 1 }
			},
			"24": {
				"start": { "line": 68, "column": 17 },
				"end": { "line": 68, "column": 59 }
			},
			"25": {
				"start": { "line": 69, "column": 1 },
				"end": { "line": 69, "column": 49 }
			},
			"26": {
				"start": { "line": 64, "column": 13 },
				"end": { "line": 64, "column": 36 }
			}
		},
		"fnMap": {
			"0": {
				"name": "(anonymous_1)",
				"decl": {
					"start": { "line": 11, "column": 32 },
					"end": { "line": 11, "column": 35 }
				},
				"loc": {
					"start": { "line": 11, "column": 39 },
					"end": { "line": 14, "column": 2 }
				}
			},
			"1": {
				"name": "(anonymous_2)",
				"decl": {
					"start": { "line": 16, "column": 28 },
					"end": { "line": 16, "column": 33 }
				},
				"loc": {
					"start": { "line": 16, "column": 63 },
					"end": { "line": 28, "column": 1 }
				}
			},
			"2": {
				"name": "(anonymous_3)",
				"decl": {
					"start": { "line": 30, "column": 28 },
					"end": { "line": 30, "column": 29 }
				},
				"loc": {
					"start": { "line": 31, "column": 1 },
					"end": { "line": 31, "column": 46 }
				}
			},
			"3": {
				"name": "(anonymous_4)",
				"decl": {
					"start": { "line": 33, "column": 31 },
					"end": { "line": 33, "column": 32 }
				},
				"loc": {
					"start": { "line": 33, "column": 48 },
					"end": { "line": 41, "column": 1 }
				}
			},
			"4": {
				"name": "(anonymous_5)",
				"decl": {
					"start": { "line": 43, "column": 29 },
					"end": { "line": 43, "column": 30 }
				},
				"loc": {
					"start": { "line": 44, "column": 1 },
					"end": { "line": 44, "column": 54 }
				}
			},
			"5": {
				"name": "(anonymous_6)",
				"decl": {
					"start": { "line": 46, "column": 32 },
					"end": { "line": 46, "column": 33 }
				},
				"loc": {
					"start": { "line": 46, "column": 62 },
					"end": { "line": 54, "column": 1 }
				}
			},
			"6": {
				"name": "(anonymous_7)",
				"decl": {
					"start": { "line": 56, "column": 35 },
					"end": { "line": 56, "column": 40 }
				},
				"loc": {
					"start": { "line": 59, "column": 4 },
					"end": { "line": 62, "column": 1 }
				}
			},
			"7": {
				"name": "(anonymous_8)",
				"decl": {
					"start": { "line": 64, "column": 36 },
					"end": { "line": 64, "column": 41 }
				},
				"loc": {
					"start": { "line": 67, "column": 4 },
					"end": { "line": 70, "column": 1 }
				}
			}
		},
		"branchMap": {},
		"s": {
			"0": 4,
			"1": 4,
			"2": 4,
			"3": 4,
			"4": 13,
			"5": 4,
			"6": 4,
			"7": 0,
			"8": 0,
			"9": 0,
			"10": 0,
			"11": 4,
			"12": 0,
			"13": 4,
			"14": 0,
			"15": 4,
			"16": 0,
			"17": 4,
			"18": 0,
			"19": 4,
			"20": 0,
			"21": 0,
			"22": 4,
			"23": 4,
			"24": 0,
			"25": 0,
			"26": 4
		},
		"f": { "0": 13, "1": 0, "2": 0, "3": 0, "4": 0, "5": 0, "6": 0, "7": 0 },
		"b": {}
	},
	"/Users/jw/Desktop/repos/odin-book-backend/src/controllers/auth.controller.ts": {
		"path": "/Users/jw/Desktop/repos/odin-book-backend/src/controllers/auth.controller.ts",
		"statementMap": {
			"0": {
				"start": { "line": 1, "column": 0 },
				"end": { "line": 1, "column": 56 }
			},
			"1": {
				"start": { "line": 3, "column": 0 },
				"end": { "line": 3, "column": 59 }
			},
			"2": {
				"start": { "line": 4, "column": 0 },
				"end": { "line": 4, "column": 32 }
			},
			"3": {
				"start": { "line": 5, "column": 0 },
				"end": { "line": 5, "column": 31 }
			},
			"4": {
				"start": { "line": 6, "column": 0 },
				"end": { "line": 6, "column": 26 }
			},
			"5": {
				"start": { "line": 8, "column": 0 },
				"end": { "line": 8, "column": 62 }
			},
			"6": {
				"start": { "line": 9, "column": 0 },
				"end": { "line": 9, "column": 80 }
			},
			"7": {
				"start": { "line": 10, "column": 0 },
				"end": { "line": 10, "column": 65 }
			},
			"8": {
				"start": { "line": 11, "column": 0 },
				"end": { "line": 11, "column": 59 }
			},
			"9": {
				"start": { "line": 13, "column": 12 },
				"end": { "line": 13, "column": 40 }
			},
			"10": {
				"start": { "line": 14, "column": 17 },
				"end": { "line": 14, "column": 47 }
			},
			"11": {
				"start": { "line": 17, "column": 31 },
				"end": { "line": 61, "column": 1 }
			},
			"12": {
				"start": { "line": 18, "column": 17 },
				"end": { "line": 18, "column": 33 }
			},
			"13": {
				"start": { "line": 20, "column": 18 },
				"end": { "line": 22, "column": 3 }
			},
			"14": {
				"start": { "line": 24, "column": 22 },
				"end": { "line": 26, "column": 3 }
			},
			"15": {
				"start": { "line": 28, "column": 1 },
				"end": { "line": 28, "column": 39 }
			},
			"16": {
				"start": { "line": 29, "column": 1 },
				"end": { "line": 29, "column": 19 }
			},
			"17": {
				"start": { "line": 31, "column": 1 },
				"end": { "line": 36, "column": 4 }
			},
			"18": {
				"start": { "line": 38, "column": 1 },
				"end": { "line": 43, "column": 4 }
			},
			"19": {
				"start": { "line": 45, "column": 49 },
				"end": { "line": 45, "column": 64 }
			},
			"20": {
				"start": { "line": 46, "column": 1 },
				"end": { "line": 49, "column": 4 }
			},
			"21": {
				"start": { "line": 51, "column": 30 },
				"end": { "line": 51, "column": 47 }
			},
			"22": {
				"start": { "line": 52, "column": 1 },
				"end": { "line": 52, "column": 75 }
			},
			"23": {
				"start": { "line": 52, "column": 68 },
				"end": { "line": 52, "column": 75 }
			},
			"24": {
				"start": { "line": 54, "column": 1 },
				"end": { "line": 60, "column": null }
			},
			"25": {
				"start": { "line": 55, "column": 2 },
				"end": { "line": 55, "column": 57 }
			},
			"26": {
				"start": { "line": 57, "column": 2 },
				"end": { "line": 57, "column": 21 }
			},
			"27": {
				"start": { "line": 58, "column": 2 },
				"end": { "line": 58, "column": 49 }
			},
			"28": {
				"start": { "line": 59, "column": 2 },
				"end": { "line": 59, "column": 9 }
			},
			"29": {
				"start": { "line": 17, "column": 13 },
				"end": { "line": 17, "column": 31 }
			},
			"30": {
				"start": { "line": 66, "column": 13 },
				"end": { "line": 103, "column": 2 }
			},
			"31": {
				"start": { "line": 71, "column": 3 },
				"end": { "line": 100, "column": null }
			},
			"32": {
				"start": { "line": 72, "column": 19 },
				"end": { "line": 72, "column": 40 }
			},
			"33": {
				"start": { "line": 74, "column": 4 },
				"end": { "line": 77, "column": null }
			},
			"34": {
				"start": { "line": 75, "column": 5 },
				"end": { "line": 75, "column": 54 }
			},
			"35": {
				"start": { "line": 76, "column": 5 },
				"end": { "line": 76, "column": 12 }
			},
			"36": {
				"start": { "line": 79, "column": 4 },
				"end": { "line": 96, "column": 22 }
			},
			"37": {
				"start": { "line": 83, "column": 6 },
				"end": { "line": 86, "column": null }
			},
			"38": {
				"start": { "line": 84, "column": 7 },
				"end": { "line": 84, "column": 54 }
			},
			"39": {
				"start": { "line": 85, "column": 7 },
				"end": { "line": 85, "column": 14 }
			},
			"40": {
				"start": { "line": 88, "column": 6 },
				"end": { "line": 93, "column": null }
			},
			"41": {
				"start": { "line": 89, "column": 7 },
				"end": { "line": 91, "column": 66 }
			},
			"42": {
				"start": { "line": 92, "column": 7 },
				"end": { "line": 92, "column": 14 }
			},
			"43": {
				"start": { "line": 94, "column": 6 },
				"end": { "line": 94, "column": 33 }
			},
			"44": {
				"start": { "line": 98, "column": 4 },
				"end": { "line": 98, "column": 18 }
			},
			"45": {
				"start": { "line": 99, "column": 4 },
				"end": { "line": 99, "column": 54 }
			},
			"46": {
				"start": { "line": 108, "column": 13 },
				"end": { "line": 125, "column": 2 }
			},
			"47": {
				"start": { "line": 110, "column": 2 },
				"end": { "line": 123, "column": null }
			},
			"48": {
				"start": { "line": 111, "column": 16 },
				"end": { "line": 117, "column": null }
			},
			"49": {
				"start": { "line": 119, "column": 3 },
				"end": { "line": 119, "column": 30 }
			},
			"50": {
				"start": { "line": 121, "column": 3 },
				"end": { "line": 121, "column": 17 }
			},
			"51": {
				"start": { "line": 122, "column": 3 },
				"end": { "line": 122, "column": 53 }
			},
			"52": {
				"start": { "line": 130, "column": 13 },
				"end": { "line": 210, "column": 2 }
			},
			"53": {
				"start": { "line": 170, "column": 2 },
				"end": { "line": 208, "column": null }
			},
			"54": {
				"start": { "line": 171, "column": 18 },
				"end": { "line": 171, "column": 39 }
			},
			"55": {
				"start": { "line": 172, "column": 3 },
				"end": { "line": 175, "column": null }
			},
			"56": {
				"start": { "line": 173, "column": 4 },
				"end": { "line": 173, "column": 72 }
			},
			"57": {
				"start": { "line": 174, "column": 4 },
				"end": { "line": 174, "column": 11 }
			},
			"58": {
				"start": { "line": 177, "column": 65 },
				"end": { "line": 177, "column": 73 }
			},
			"59": {
				"start": { "line": 179, "column": 18 },
				"end": { "line": 179, "column": 66 }
			},
			"60": {
				"start": { "line": 181, "column": 22 },
				"end": { "line": 181, "column": 64 }
			},
			"61": {
				"start": { "line": 182, "column": 3 },
				"end": { "line": 187, "column": null }
			},
			"62": {
				"start": { "line": 183, "column": 4 },
				"end": { "line": 185, "column": 69 }
			},
			"63": {
				"start": { "line": 186, "column": 4 },
				"end": { "line": 186, "column": 11 }
			},
			"64": {
				"start": { "line": 189, "column": 16 },
				"end": { "line": 200, "column": 5 }
			},
			"65": {
				"start": { "line": 202, "column": 3 },
				"end": { "line": 202, "column": 21 }
			},
			"66": {
				"start": { "line": 204, "column": 3 },
				"end": { "line": 204, "column": 30 }
			},
			"67": {
				"start": { "line": 206, "column": 3 },
				"end": { "line": 206, "column": 17 }
			},
			"68": {
				"start": { "line": 207, "column": 3 },
				"end": { "line": 207, "column": 70 }
			},
			"69": {
				"start": { "line": 215, "column": 13 },
				"end": { "line": 260, "column": 2 }
			},
			"70": {
				"start": { "line": 217, "column": 23 },
				"end": { "line": 217, "column": 47 }
			},
			"71": {
				"start": { "line": 219, "column": 2 },
				"end": { "line": 222, "column": null }
			},
			"72": {
				"start": { "line": 220, "column": 3 },
				"end": { "line": 220, "column": 64 }
			},
			"73": {
				"start": { "line": 221, "column": 3 },
				"end": { "line": 221, "column": 10 }
			},
			"74": {
				"start": { "line": 224, "column": 2 },
				"end": { "line": 244, "column": null }
			},
			"75": {
				"start": { "line": 225, "column": 19 },
				"end": { "line": 225, "column": null }
			},
			"76": {
				"start": { "line": 229, "column": 18 },
				"end": { "line": 229, "column": 28 }
			},
			"77": {
				"start": { "line": 231, "column": 16 },
				"end": { "line": 231, "column": 43 }
			},
			"78": {
				"start": { "line": 232, "column": 3 },
				"end": { "line": 235, "column": null }
			},
			"79": {
				"start": { "line": 233, "column": 4 },
				"end": { "line": 233, "column": 66 }
			},
			"80": {
				"start": { "line": 234, "column": 4 },
				"end": { "line": 234, "column": 11 }
			},
			"81": {
				"start": { "line": 237, "column": 3 },
				"end": { "line": 239, "column": 5 }
			},
			"82": {
				"start": { "line": 238, "column": 15 },
				"end": { "line": 238, "column": 37 }
			},
			"83": {
				"start": { "line": 240, "column": 3 },
				"end": { "line": 240, "column": 21 }
			},
			"84": {
				"start": { "line": 242, "column": 3 },
				"end": { "line": 242, "column": 65 }
			},
			"85": {
				"start": { "line": 243, "column": 3 },
				"end": { "line": 243, "column": 10 }
			},
			"86": {
				"start": { "line": 246, "column": 2 },
				"end": { "line": 250, "column": 5 }
			},
			"87": {
				"start": { "line": 252, "column": 2 },
				"end": { "line": 256, "column": 5 }
			},
			"88": {
				"start": { "line": 258, "column": 2 },
				"end": { "line": 258, "column": 68 }
			},
			"89": {
				"start": { "line": 265, "column": 13 },
				"end": { "line": 295, "column": 2 }
			},
			"90": {
				"start": { "line": 267, "column": 16 },
				"end": { "line": 267, "column": 31 }
			},
			"91": {
				"start": { "line": 268, "column": 2 },
				"end": { "line": 273, "column": null }
			},
			"92": {
				"start": { "line": 269, "column": 3 },
				"end": { "line": 271, "column": 68 }
			},
			"93": {
				"start": { "line": 272, "column": 3 },
				"end": { "line": 272, "column": 10 }
			},
			"94": {
				"start": { "line": 275, "column": 2 },
				"end": { "line": 293, "column": null }
			},
			"95": {
				"start": { "line": 276, "column": 18 },
				"end": { "line": 276, "column": 64 }
			},
			"96": {
				"start": { "line": 278, "column": 16 },
				"end": { "line": 280, "column": null }
			},
			"97": {
				"start": { "line": 282, "column": 3 },
				"end": { "line": 287, "column": null }
			},
			"98": {
				"start": { "line": 283, "column": 4 },
				"end": { "line": 285, "column": 66 }
			},
			"99": {
				"start": { "line": 286, "column": 4 },
				"end": { "line": 286, "column": 11 }
			},
			"100": {
				"start": { "line": 289, "column": 3 },
				"end": { "line": 289, "column": 57 }
			},
			"101": {
				"start": { "line": 291, "column": 3 },
				"end": { "line": 291, "column": 17 }
			},
			"102": {
				"start": { "line": 292, "column": 3 },
				"end": { "line": 292, "column": 74 }
			},
			"103": {
				"start": { "line": 300, "column": 13 },
				"end": { "line": 358, "column": 2 }
			},
			"104": {
				"start": { "line": 302, "column": 16 },
				"end": { "line": 302, "column": 40 }
			},
			"105": {
				"start": { "line": 303, "column": 2 },
				"end": { "line": 306, "column": null }
			},
			"106": {
				"start": { "line": 304, "column": 3 },
				"end": { "line": 304, "column": 64 }
			},
			"107": {
				"start": { "line": 305, "column": 3 },
				"end": { "line": 305, "column": 10 }
			},
			"108": {
				"start": { "line": 308, "column": 27 },
				"end": { "line": 308, "column": 31 }
			},
			"109": {
				"start": { "line": 309, "column": 2 },
				"end": { "line": 321, "column": null }
			},
			"110": {
				"start": { "line": 310, "column": 18 },
				"end": { "line": 310, "column": 73 }
			},
			"111": {
				"start": { "line": 311, "column": 3 },
				"end": { "line": 311, "column": 77 }
			},
			"112": {
				"start": { "line": 312, "column": 3 },
				"end": { "line": 317, "column": null }
			},
			"113": {
				"start": { "line": 313, "column": 4 },
				"end": { "line": 315, "column": 67 }
			},
			"114": {
				"start": { "line": 316, "column": 4 },
				"end": { "line": 316, "column": 11 }
			},
			"115": {
				"start": { "line": 319, "column": 3 },
				"end": { "line": 319, "column": 65 }
			},
			"116": {
				"start": { "line": 320, "column": 3 },
				"end": { "line": 320, "column": 10 }
			},
			"117": {
				"start": { "line": 323, "column": 2 },
				"end": { "line": 356, "column": null }
			},
			"118": {
				"start": { "line": 324, "column": 22 },
				"end": { "line": 324, "column": 60 }
			},
			"119": {
				"start": { "line": 325, "column": 23 },
				"end": { "line": 327, "column": 5 }
			},
			"120": {
				"start": { "line": 328, "column": 27 },
				"end": { "line": 330, "column": 5 }
			},
			"121": {
				"start": { "line": 332, "column": 3 },
				"end": { "line": 332, "column": 70 }
			},
			"122": {
				"start": { "line": 332, "column": 57 },
				"end": { "line": 332, "column": 68 }
			},
			"123": {
				"start": { "line": 333, "column": 3 },
				"end": { "line": 333, "column": 44 }
			},
			"124": {
				"start": { "line": 334, "column": 3 },
				"end": { "line": 334, "column": 21 }
			},
			"125": {
				"start": { "line": 336, "column": 3 },
				"end": { "line": 341, "column": 6 }
			},
			"126": {
				"start": { "line": 342, "column": 3 },
				"end": { "line": 347, "column": 6 }
			},
			"127": {
				"start": { "line": 349, "column": 3 },
				"end": { "line": 349, "column": 70 }
			},
			"128": {
				"start": { "line": 351, "column": 3 },
				"end": { "line": 351, "column": 17 }
			},
			"129": {
				"start": { "line": 352, "column": 3 },
				"end": { "line": 355, "column": 6 }
			},
			"130": {
				"start": { "line": 363, "column": 13 },
				"end": { "line": 365, "column": 3 }
			},
			"131": {
				"start": { "line": 367, "column": 13 },
				"end": { "line": 376, "column": 2 }
			},
			"132": {
				"start": { "line": 374, "column": 2 },
				"end": { "line": 374, "column": 42 }
			},
			"133": {
				"start": { "line": 381, "column": 13 },
				"end": { "line": 383, "column": 3 }
			},
			"134": {
				"start": { "line": 385, "column": 13 },
				"end": { "line": 394, "column": 2 }
			},
			"135": {
				"start": { "line": 392, "column": 2 },
				"end": { "line": 392, "column": 42 }
			},
			"136": {
				"start": { "line": 399, "column": 13 },
				"end": { "line": 401, "column": 3 }
			},
			"137": {
				"start": { "line": 403, "column": 13 },
				"end": { "line": 411, "column": 2 }
			},
			"138": {
				"start": { "line": 409, "column": 2 },
				"end": { "line": 409, "column": 42 }
			},
			"139": {
				"start": { "line": 416, "column": 13 },
				"end": { "line": 472, "column": 2 }
			},
			"140": {
				"start": { "line": 419, "column": 23 },
				"end": { "line": 419, "column": 40 }
			},
			"141": {
				"start": { "line": 420, "column": 2 },
				"end": { "line": 423, "column": null }
			},
			"142": {
				"start": { "line": 421, "column": 3 },
				"end": { "line": 421, "column": 60 }
			},
			"143": {
				"start": { "line": 422, "column": 3 },
				"end": { "line": 422, "column": 10 }
			},
			"144": {
				"start": { "line": 425, "column": 2 },
				"end": { "line": 470, "column": null }
			},
			"145": {
				"start": { "line": 426, "column": 16 },
				"end": { "line": 426, "column": 53 }
			},
			"146": {
				"start": { "line": 427, "column": 3 },
				"end": { "line": 430, "column": null }
			},
			"147": {
				"start": { "line": 428, "column": 4 },
				"end": { "line": 428, "column": 57 }
			},
			"148": {
				"start": { "line": 429, "column": 4 },
				"end": { "line": 429, "column": 11 }
			},
			"149": {
				"start": { "line": 432, "column": 3 },
				"end": { "line": 439, "column": null }
			},
			"150": {
				"start": { "line": 433, "column": 4 },
				"end": { "line": 433, "column": 67 }
			},
			"151": {
				"start": { "line": 435, "column": 4 },
				"end": { "line": 435, "column": 40 }
			},
			"152": {
				"start": { "line": 436, "column": 4 },
				"end": { "line": 436, "column": 47 }
			},
			"153": {
				"start": { "line": 437, "column": 4 },
				"end": { "line": 437, "column": 22 }
			},
			"154": {
				"start": { "line": 438, "column": 4 },
				"end": { "line": 438, "column": 11 }
			},
			"155": {
				"start": { "line": 441, "column": 33 },
				"end": { "line": 441, "column": 43 }
			},
			"156": {
				"start": { "line": 442, "column": 28 },
				"end": { "line": 442, "column": 32 }
			},
			"157": {
				"start": { "line": 443, "column": 3 },
				"end": { "line": 446, "column": null }
			},
			"158": {
				"start": { "line": 444, "column": 4 },
				"end": { "line": 444, "column": 68 }
			},
			"159": {
				"start": { "line": 445, "column": 4 },
				"end": { "line": 445, "column": 11 }
			},
			"160": {
				"start": { "line": 448, "column": 3 },
				"end": { "line": 456, "column": null }
			},
			"161": {
				"start": { "line": 449, "column": 4 },
				"end": { "line": 451, "column": 7 }
			},
			"162": {
				"start": { "line": 452, "column": 4 },
				"end": { "line": 452, "column": 40 }
			},
			"163": {
				"start": { "line": 453, "column": 4 },
				"end": { "line": 453, "column": 47 }
			},
			"164": {
				"start": { "line": 454, "column": 4 },
				"end": { "line": 454, "column": 22 }
			},
			"165": {
				"start": { "line": 455, "column": 4 },
				"end": { "line": 455, "column": 11 }
			},
			"166": {
				"start": { "line": 458, "column": 3 },
				"end": { "line": 458, "column": 39 }
			},
			"167": {
				"start": { "line": 459, "column": 3 },
				"end": { "line": 459, "column": 39 }
			},
			"168": {
				"start": { "line": 460, "column": 3 },
				"end": { "line": 460, "column": 46 }
			},
			"169": {
				"start": { "line": 462, "column": 3 },
				"end": { "line": 462, "column": 21 }
			},
			"170": {
				"start": { "line": 463, "column": 3 },
				"end": { "line": 463, "column": 65 }
			},
			"171": {
				"start": { "line": 465, "column": 3 },
				"end": { "line": 465, "column": 19 }
			},
			"172": {
				"start": { "line": 466, "column": 3 },
				"end": { "line": 469, "column": 6 }
			},
			"173": {
				"start": { "line": 477, "column": 13 },
				"end": { "line": 524, "column": 2 }
			},
			"174": {
				"start": { "line": 479, "column": 32 },
				"end": { "line": 479, "column": 42 }
			},
			"175": {
				"start": { "line": 481, "column": 2 },
				"end": { "line": 522, "column": null }
			},
			"176": {
				"start": { "line": 482, "column": 16 },
				"end": { "line": 485, "column": 5 }
			},
			"177": {
				"start": { "line": 487, "column": 3 },
				"end": { "line": 490, "column": null }
			},
			"178": {
				"start": { "line": 488, "column": 4 },
				"end": { "line": 488, "column": 68 }
			},
			"179": {
				"start": { "line": 489, "column": 4 },
				"end": { "line": 489, "column": 11 }
			},
			"180": {
				"start": { "line": 492, "column": 3 },
				"end": { "line": 498, "column": null }
			},
			"181": {
				"start": { "line": 493, "column": 4 },
				"end": { "line": 493, "column": 40 }
			},
			"182": {
				"start": { "line": 494, "column": 4 },
				"end": { "line": 494, "column": 47 }
			},
			"183": {
				"start": { "line": 495, "column": 4 },
				"end": { "line": 495, "column": 22 }
			},
			"184": {
				"start": { "line": 496, "column": 4 },
				"end": { "line": 496, "column": 67 }
			},
			"185": {
				"start": { "line": 497, "column": 4 },
				"end": { "line": 497, "column": 11 }
			},
			"186": {
				"start": { "line": 500, "column": 28 },
				"end": { "line": 500, "column": 32 }
			},
			"187": {
				"start": { "line": 501, "column": 3 },
				"end": { "line": 509, "column": null }
			},
			"188": {
				"start": { "line": 502, "column": 4 },
				"end": { "line": 502, "column": 40 }
			},
			"189": {
				"start": { "line": 503, "column": 4 },
				"end": { "line": 503, "column": 47 }
			},
			"190": {
				"start": { "line": 504, "column": 4 },
				"end": { "line": 504, "column": 22 }
			},
			"191": {
				"start": { "line": 505, "column": 4 },
				"end": { "line": 507, "column": 7 }
			},
			"192": {
				"start": { "line": 508, "column": 4 },
				"end": { "line": 508, "column": 11 }
			},
			"193": {
				"start": { "line": 511, "column": 3 },
				"end": { "line": 511, "column": 39 }
			},
			"194": {
				"start": { "line": 512, "column": 3 },
				"end": { "line": 512, "column": 39 }
			},
			"195": {
				"start": { "line": 513, "column": 3 },
				"end": { "line": 513, "column": 46 }
			},
			"196": {
				"start": { "line": 514, "column": 3 },
				"end": { "line": 514, "column": 21 }
			},
			"197": {
				"start": { "line": 516, "column": 3 },
				"end": { "line": 516, "column": 26 }
			},
			"198": {
				"start": { "line": 518, "column": 3 },
				"end": { "line": 518, "column": 17 }
			},
			"199": {
				"start": { "line": 519, "column": 3 },
				"end": { "line": 521, "column": 76 }
			},
			"200": {
				"start": { "line": 529, "column": 13 },
				"end": { "line": 557, "column": 2 }
			},
			"201": {
				"start": { "line": 532, "column": 15 },
				"end": { "line": 532, "column": 32 }
			},
			"202": {
				"start": { "line": 535, "column": 31 },
				"end": { "line": 535, "column": 48 }
			},
			"203": {
				"start": { "line": 536, "column": 2 },
				"end": { "line": 541, "column": null }
			},
			"204": {
				"start": { "line": 537, "column": 3 },
				"end": { "line": 539, "column": 6 }
			},
			"205": {
				"start": { "line": 540, "column": 3 },
				"end": { "line": 540, "column": 10 }
			},
			"206": {
				"start": { "line": 543, "column": 2 },
				"end": { "line": 555, "column": null }
			},
			"207": {
				"start": { "line": 544, "column": 3 },
				"end": { "line": 544, "column": 58 }
			},
			"208": {
				"start": { "line": 545, "column": 23 },
				"end": { "line": 545, "column": 71 }
			},
			"209": {
				"start": { "line": 546, "column": 3 },
				"end": { "line": 548, "column": 6 }
			},
			"210": {
				"start": { "line": 550, "column": 3 },
				"end": { "line": 550, "column": 17 }
			},
			"211": {
				"start": { "line": 551, "column": 3 },
				"end": { "line": 554, "column": 6 }
			},
			"212": {
				"start": { "line": 562, "column": 13 },
				"end": { "line": 598, "column": 2 }
			},
			"213": {
				"start": { "line": 569, "column": 17 },
				"end": { "line": 569, "column": 38 }
			},
			"214": {
				"start": { "line": 570, "column": 2 },
				"end": { "line": 573, "column": null }
			},
			"215": {
				"start": { "line": 571, "column": 3 },
				"end": { "line": 571, "column": 52 }
			},
			"216": {
				"start": { "line": 572, "column": 3 },
				"end": { "line": 572, "column": 10 }
			},
			"217": {
				"start": { "line": 575, "column": 21 },
				"end": { "line": 575, "column": 29 }
			},
			"218": {
				"start": { "line": 576, "column": 17 },
				"end": { "line": 576, "column": 63 }
			},
			"219": {
				"start": { "line": 578, "column": 2 },
				"end": { "line": 596, "column": null }
			},
			"220": {
				"start": { "line": 579, "column": 16 },
				"end": { "line": 579, "column": 56 }
			},
			"221": {
				"start": { "line": 580, "column": 3 },
				"end": { "line": 585, "column": null }
			},
			"222": {
				"start": { "line": 581, "column": 4 },
				"end": { "line": 583, "column": 7 }
			},
			"223": {
				"start": { "line": 584, "column": 4 },
				"end": { "line": 584, "column": 11 }
			},
			"224": {
				"start": { "line": 587, "column": 3 },
				"end": { "line": 587, "column": 61 }
			},
			"225": {
				"start": { "line": 588, "column": 3 },
				"end": { "line": 590, "column": 6 }
			},
			"226": {
				"start": { "line": 592, "column": 3 },
				"end": { "line": 592, "column": 17 }
			},
			"227": {
				"start": { "line": 593, "column": 3 },
				"end": { "line": 595, "column": 6 }
			},
			"228": {
				"start": { "line": 603, "column": 13 },
				"end": { "line": 668, "column": 2 }
			},
			"229": {
				"start": { "line": 620, "column": 3 },
				"end": { "line": 622, "column": null }
			},
			"230": {
				"start": { "line": 621, "column": 4 },
				"end": { "line": 621, "column": 47 }
			},
			"231": {
				"start": { "line": 623, "column": 3 },
				"end": { "line": 623, "column": 15 }
			},
			"232": {
				"start": { "line": 626, "column": 17 },
				"end": { "line": 626, "column": 38 }
			},
			"233": {
				"start": { "line": 627, "column": 2 },
				"end": { "line": 630, "column": null }
			},
			"234": {
				"start": { "line": 628, "column": 3 },
				"end": { "line": 628, "column": 52 }
			},
			"235": {
				"start": { "line": 629, "column": 3 },
				"end": { "line": 629, "column": 10 }
			},
			"236": {
				"start": { "line": 632, "column": 26 },
				"end": { "line": 632, "column": 34 }
			},
			"237": {
				"start": { "line": 634, "column": 21 },
				"end": { "line": 634, "column": 42 }
			},
			"238": {
				"start": { "line": 635, "column": 2 },
				"end": { "line": 666, "column": null }
			},
			"239": {
				"start": { "line": 636, "column": 16 },
				"end": { "line": 636, "column": 73 }
			},
			"240": {
				"start": { "line": 638, "column": 3 },
				"end": { "line": 641, "column": null }
			},
			"241": {
				"start": { "line": 639, "column": 4 },
				"end": { "line": 639, "column": 70 }
			},
			"242": {
				"start": { "line": 640, "column": 4 },
				"end": { "line": 640, "column": 11 }
			},
			"243": {
				"start": { "line": 643, "column": 29 },
				"end": { "line": 643, "column": 33 }
			},
			"244": {
				"start": { "line": 644, "column": 3 },
				"end": { "line": 652, "column": null }
			},
			"245": {
				"start": { "line": 648, "column": 4 },
				"end": { "line": 650, "column": 7 }
			},
			"246": {
				"start": { "line": 651, "column": 4 },
				"end": { "line": 651, "column": 11 }
			},
			"247": {
				"start": { "line": 654, "column": 3 },
				"end": { "line": 654, "column": 31 }
			},
			"248": {
				"start": { "line": 655, "column": 3 },
				"end": { "line": 655, "column": 40 }
			},
			"249": {
				"start": { "line": 656, "column": 3 },
				"end": { "line": 656, "column": 47 }
			},
			"250": {
				"start": { "line": 658, "column": 3 },
				"end": { "line": 658, "column": 21 }
			},
			"251": {
				"start": { "line": 660, "column": 3 },
				"end": { "line": 660, "column": 69 }
			},
			"252": {
				"start": { "line": 662, "column": 3 },
				"end": { "line": 662, "column": 17 }
			},
			"253": {
				"start": { "line": 663, "column": 3 },
				"end": { "line": 665, "column": 75 }
			},
			"254": {
				"start": { "line": 673, "column": 13 },
				"end": { "line": 739, "column": 2 }
			},
			"255": {
				"start": { "line": 691, "column": 3 },
				"end": { "line": 693, "column": null }
			},
			"256": {
				"start": { "line": 692, "column": 4 },
				"end": { "line": 692, "column": 46 }
			},
			"257": {
				"start": { "line": 694, "column": 3 },
				"end": { "line": 694, "column": 15 }
			},
			"258": {
				"start": { "line": 698, "column": 2 },
				"end": { "line": 698, "column": 32 }
			},
			"259": {
				"start": { "line": 700, "column": 17 },
				"end": { "line": 700, "column": 38 }
			},
			"260": {
				"start": { "line": 701, "column": 2 },
				"end": { "line": 704, "column": null }
			},
			"261": {
				"start": { "line": 702, "column": 3 },
				"end": { "line": 702, "column": 52 }
			},
			"262": {
				"start": { "line": 703, "column": 3 },
				"end": { "line": 703, "column": 10 }
			},
			"263": {
				"start": { "line": 706, "column": 18 },
				"end": { "line": 706, "column": 35 }
			},
			"264": {
				"start": { "line": 707, "column": 15 },
				"end": { "line": 707, "column": 67 }
			},
			"265": {
				"start": { "line": 708, "column": 2 },
				"end": { "line": 711, "column": null }
			},
			"266": {
				"start": { "line": 709, "column": 3 },
				"end": { "line": 709, "column": 59 }
			},
			"267": {
				"start": { "line": 710, "column": 3 },
				"end": { "line": 710, "column": 10 }
			},
			"268": {
				"start": { "line": 713, "column": 2 },
				"end": { "line": 718, "column": null }
			},
			"269": {
				"start": { "line": 714, "column": 3 },
				"end": { "line": 716, "column": 66 }
			},
			"270": {
				"start": { "line": 717, "column": 3 },
				"end": { "line": 717, "column": 10 }
			},
			"271": {
				"start": { "line": 720, "column": 39 },
				"end": { "line": 720, "column": 47 }
			},
			"272": {
				"start": { "line": 721, "column": 2 },
				"end": { "line": 737, "column": null }
			},
			"273": {
				"start": { "line": 722, "column": 19 },
				"end": { "line": 722, "column": 58 }
			},
			"274": {
				"start": { "line": 723, "column": 3 },
				"end": { "line": 726, "column": null }
			},
			"275": {
				"start": { "line": 724, "column": 4 },
				"end": { "line": 724, "column": 61 }
			},
			"276": {
				"start": { "line": 725, "column": 4 },
				"end": { "line": 725, "column": 11 }
			},
			"277": {
				"start": { "line": 728, "column": 3 },
				"end": { "line": 728, "column": 31 }
			},
			"278": {
				"start": { "line": 729, "column": 3 },
				"end": { "line": 729, "column": 21 }
			},
			"279": {
				"start": { "line": 731, "column": 3 },
				"end": { "line": 731, "column": 71 }
			},
			"280": {
				"start": { "line": 733, "column": 3 },
				"end": { "line": 733, "column": 17 }
			},
			"281": {
				"start": { "line": 734, "column": 3 },
				"end": { "line": 736, "column": 74 }
			}
		},
		"fnMap": {
			"0": {
				"name": "(anonymous_1)",
				"decl": {
					"start": { "line": 17, "column": 31 },
					"end": { "line": 17, "column": 36 }
				},
				"loc": {
					"start": { "line": 17, "column": 68 },
					"end": { "line": 61, "column": 1 }
				}
			},
			"1": {
				"name": "(anonymous_2)",
				"decl": {
					"start": { "line": 70, "column": 2 },
					"end": { "line": 70, "column": 7 }
				},
				"loc": {
					"start": { "line": 70, "column": 60 },
					"end": { "line": 101, "column": 3 }
				}
			},
			"2": {
				"name": "(anonymous_3)",
				"decl": {
					"start": { "line": 82, "column": 5 },
					"end": { "line": 82, "column": 15 }
				},
				"loc": {
					"start": { "line": 82, "column": 65 },
					"end": { "line": 95, "column": 6 }
				}
			},
			"3": {
				"name": "(anonymous_4)",
				"decl": {
					"start": { "line": 109, "column": 1 },
					"end": { "line": 109, "column": 6 }
				},
				"loc": {
					"start": { "line": 109, "column": 39 },
					"end": { "line": 124, "column": 2 }
				}
			},
			"4": {
				"name": "(anonymous_5)",
				"decl": {
					"start": { "line": 169, "column": 21 },
					"end": { "line": 169, "column": 26 }
				},
				"loc": {
					"start": { "line": 169, "column": 59 },
					"end": { "line": 209, "column": 2 }
				}
			},
			"5": {
				"name": "(anonymous_6)",
				"decl": {
					"start": { "line": 216, "column": 1 },
					"end": { "line": 216, "column": 6 }
				},
				"loc": {
					"start": { "line": 216, "column": 59 },
					"end": { "line": 259, "column": 2 }
				}
			},
			"6": {
				"name": "(anonymous_7)",
				"decl": {
					"start": { "line": 238, "column": 4 },
					"end": { "line": 238, "column": 5 }
				},
				"loc": {
					"start": { "line": 238, "column": 15 },
					"end": { "line": 238, "column": 37 }
				}
			},
			"7": {
				"name": "(anonymous_8)",
				"decl": {
					"start": { "line": 266, "column": 1 },
					"end": { "line": 266, "column": 6 }
				},
				"loc": {
					"start": { "line": 266, "column": 39 },
					"end": { "line": 294, "column": 2 }
				}
			},
			"8": {
				"name": "(anonymous_9)",
				"decl": {
					"start": { "line": 301, "column": 1 },
					"end": { "line": 301, "column": 6 }
				},
				"loc": {
					"start": { "line": 301, "column": 39 },
					"end": { "line": 357, "column": 2 }
				}
			},
			"9": {
				"name": "(anonymous_10)",
				"decl": {
					"start": { "line": 332, "column": 50 },
					"end": { "line": 332, "column": 51 }
				},
				"loc": {
					"start": { "line": 332, "column": 57 },
					"end": { "line": 332, "column": 68 }
				}
			},
			"10": {
				"name": "(anonymous_11)",
				"decl": {
					"start": { "line": 373, "column": 1 },
					"end": { "line": 373, "column": 2 }
				},
				"loc": {
					"start": { "line": 373, "column": 33 },
					"end": { "line": 375, "column": 2 }
				}
			},
			"11": {
				"name": "(anonymous_12)",
				"decl": {
					"start": { "line": 391, "column": 1 },
					"end": { "line": 391, "column": 2 }
				},
				"loc": {
					"start": { "line": 391, "column": 33 },
					"end": { "line": 393, "column": 2 }
				}
			},
			"12": {
				"name": "(anonymous_13)",
				"decl": {
					"start": { "line": 408, "column": 1 },
					"end": { "line": 408, "column": 2 }
				},
				"loc": {
					"start": { "line": 408, "column": 33 },
					"end": { "line": 410, "column": 2 }
				}
			},
			"13": {
				"name": "(anonymous_14)",
				"decl": {
					"start": { "line": 418, "column": 21 },
					"end": { "line": 418, "column": 26 }
				},
				"loc": {
					"start": { "line": 418, "column": 59 },
					"end": { "line": 471, "column": 2 }
				}
			},
			"14": {
				"name": "(anonymous_15)",
				"decl": {
					"start": { "line": 478, "column": 1 },
					"end": { "line": 478, "column": 6 }
				},
				"loc": {
					"start": { "line": 478, "column": 39 },
					"end": { "line": 523, "column": 2 }
				}
			},
			"15": {
				"name": "(anonymous_16)",
				"decl": {
					"start": { "line": 531, "column": 21 },
					"end": { "line": 531, "column": 26 }
				},
				"loc": {
					"start": { "line": 531, "column": 59 },
					"end": { "line": 556, "column": 2 }
				}
			},
			"16": {
				"name": "(anonymous_17)",
				"decl": {
					"start": { "line": 568, "column": 21 },
					"end": { "line": 568, "column": 26 }
				},
				"loc": {
					"start": { "line": 568, "column": 40 },
					"end": { "line": 597, "column": 2 }
				}
			},
			"17": {
				"name": "(anonymous_18)",
				"decl": {
					"start": { "line": 619, "column": 10 },
					"end": { "line": 619, "column": 11 }
				},
				"loc": {
					"start": { "line": 619, "column": 39 },
					"end": { "line": 624, "column": 3 }
				}
			},
			"18": {
				"name": "(anonymous_19)",
				"decl": {
					"start": { "line": 625, "column": 21 },
					"end": { "line": 625, "column": 26 }
				},
				"loc": {
					"start": { "line": 625, "column": 40 },
					"end": { "line": 667, "column": 2 }
				}
			},
			"19": {
				"name": "(anonymous_20)",
				"decl": {
					"start": { "line": 690, "column": 10 },
					"end": { "line": 690, "column": 11 }
				},
				"loc": {
					"start": { "line": 690, "column": 39 },
					"end": { "line": 695, "column": 3 }
				}
			},
			"20": {
				"name": "(anonymous_21)",
				"decl": {
					"start": { "line": 697, "column": 21 },
					"end": { "line": 697, "column": 26 }
				},
				"loc": {
					"start": { "line": 697, "column": 40 },
					"end": { "line": 738, "column": 2 }
				}
			}
		},
		"branchMap": {
			"0": {
				"loc": {
					"start": { "line": 52, "column": 1 },
					"end": { "line": 52, "column": 75 }
				},
				"type": "if",
				"locations": [
					{
						"start": { "line": 52, "column": 1 },
						"end": { "line": 52, "column": 75 }
					}
				]
			},
			"1": {
				"loc": {
					"start": { "line": 52, "column": 5 },
					"end": { "line": 52, "column": 66 }
				},
				"type": "binary-expr",
				"locations": [
					{
						"start": { "line": 52, "column": 5 },
						"end": { "line": 52, "column": 15 }
					},
					{
						"start": { "line": 52, "column": 19 },
						"end": { "line": 52, "column": 37 }
					},
					{
						"start": { "line": 52, "column": 41 },
						"end": { "line": 52, "column": 66 }
					}
				]
			},
			"2": {
				"loc": {
					"start": { "line": 74, "column": 4 },
					"end": { "line": 77, "column": null }
				},
				"type": "if",
				"locations": [
					{
						"start": { "line": 74, "column": 4 },
						"end": { "line": 77, "column": null }
					}
				]
			},
			"3": {
				"loc": {
					"start": { "line": 83, "column": 6 },
					"end": { "line": 86, "column": null }
				},
				"type": "if",
				"locations": [
					{
						"start": { "line": 83, "column": 6 },
						"end": { "line": 86, "column": null }
					}
				]
			},
			"4": {
				"loc": {
					"start": { "line": 88, "column": 6 },
					"end": { "line": 93, "column": null }
				},
				"type": "if",
				"locations": [
					{
						"start": { "line": 88, "column": 6 },
						"end": { "line": 93, "column": null }
					}
				]
			},
			"5": {
				"loc": {
					"start": { "line": 91, "column": 25 },
					"end": { "line": 91, "column": 62 }
				},
				"type": "binary-expr",
				"locations": [
					{
						"start": { "line": 91, "column": 25 },
						"end": { "line": 91, "column": 37 }
					},
					{
						"start": { "line": 91, "column": 41 },
						"end": { "line": 91, "column": 62 }
					}
				]
			},
			"6": {
				"loc": {
					"start": { "line": 172, "column": 3 },
					"end": { "line": 175, "column": null }
				},
				"type": "if",
				"locations": [
					{
						"start": { "line": 172, "column": 3 },
						"end": { "line": 175, "column": null }
					}
				]
			},
			"7": {
				"loc": {
					"start": { "line": 179, "column": 18 },
					"end": { "line": 179, "column": 66 }
				},
				"type": "cond-expr",
				"locations": [
					{
						"start": { "line": 179, "column": 43 },
						"end": { "line": 179, "column": 50 }
					},
					{
						"start": { "line": 179, "column": 53 },
						"end": { "line": 179, "column": 66 }
					}
				]
			},
			"8": {
				"loc": {
					"start": { "line": 182, "column": 3 },
					"end": { "line": 187, "column": null }
				},
				"type": "if",
				"locations": [
					{
						"start": { "line": 182, "column": 3 },
						"end": { "line": 187, "column": null }
					}
				]
			},
			"9": {
				"loc": {
					"start": { "line": 194, "column": 14 },
					"end": { "line": 194, "column": 45 }
				},
				"type": "binary-expr",
				"locations": [
					{
						"start": { "line": 194, "column": 14 },
						"end": { "line": 194, "column": 32 }
					},
					{
						"start": { "line": 194, "column": 36 },
						"end": { "line": 194, "column": 45 }
					}
				]
			},
			"10": {
				"loc": {
					"start": { "line": 219, "column": 2 },
					"end": { "line": 222, "column": null }
				},
				"type": "if",
				"locations": [
					{
						"start": { "line": 219, "column": 2 },
						"end": { "line": 222, "column": null }
					}
				]
			},
			"11": {
				"loc": {
					"start": { "line": 232, "column": 3 },
					"end": { "line": 235, "column": null }
				},
				"type": "if",
				"locations": [
					{
						"start": { "line": 232, "column": 3 },
						"end": { "line": 235, "column": null }
					}
				]
			},
			"12": {
				"loc": {
					"start": { "line": 268, "column": 2 },
					"end": { "line": 273, "column": null }
				},
				"type": "if",
				"locations": [
					{
						"start": { "line": 268, "column": 2 },
						"end": { "line": 273, "column": null }
					}
				]
			},
			"13": {
				"loc": {
					"start": { "line": 282, "column": 3 },
					"end": { "line": 287, "column": null }
				},
				"type": "if",
				"locations": [
					{
						"start": { "line": 282, "column": 3 },
						"end": { "line": 287, "column": null }
					}
				]
			},
			"14": {
				"loc": {
					"start": { "line": 303, "column": 2 },
					"end": { "line": 306, "column": null }
				},
				"type": "if",
				"locations": [
					{
						"start": { "line": 303, "column": 2 },
						"end": { "line": 306, "column": null }
					}
				]
			},
			"15": {
				"loc": {
					"start": { "line": 312, "column": 3 },
					"end": { "line": 317, "column": null }
				},
				"type": "if",
				"locations": [
					{
						"start": { "line": 312, "column": 3 },
						"end": { "line": 317, "column": null }
					}
				]
			},
			"16": {
				"loc": {
					"start": { "line": 312, "column": 7 },
					"end": { "line": 312, "column": 56 }
				},
				"type": "binary-expr",
				"locations": [
					{
						"start": { "line": 312, "column": 7 },
						"end": { "line": 312, "column": 12 }
					},
					{
						"start": { "line": 312, "column": 16 },
						"end": { "line": 312, "column": 56 }
					}
				]
			},
			"17": {
				"loc": {
					"start": { "line": 420, "column": 2 },
					"end": { "line": 423, "column": null }
				},
				"type": "if",
				"locations": [
					{
						"start": { "line": 420, "column": 2 },
						"end": { "line": 423, "column": null }
					}
				]
			},
			"18": {
				"loc": {
					"start": { "line": 427, "column": 3 },
					"end": { "line": 430, "column": null }
				},
				"type": "if",
				"locations": [
					{
						"start": { "line": 427, "column": 3 },
						"end": { "line": 430, "column": null }
					}
				]
			},
			"19": {
				"loc": {
					"start": { "line": 432, "column": 3 },
					"end": { "line": 439, "column": null }
				},
				"type": "if",
				"locations": [
					{
						"start": { "line": 432, "column": 3 },
						"end": { "line": 439, "column": null }
					}
				]
			},
			"20": {
				"loc": {
					"start": { "line": 443, "column": 3 },
					"end": { "line": 446, "column": null }
				},
				"type": "if",
				"locations": [
					{
						"start": { "line": 443, "column": 3 },
						"end": { "line": 446, "column": null }
					}
				]
			},
			"21": {
				"loc": {
					"start": { "line": 448, "column": 3 },
					"end": { "line": 456, "column": null }
				},
				"type": "if",
				"locations": [
					{
						"start": { "line": 448, "column": 3 },
						"end": { "line": 456, "column": null }
					}
				]
			},
			"22": {
				"loc": {
					"start": { "line": 448, "column": 7 },
					"end": { "line": 448, "column": 74 }
				},
				"type": "binary-expr",
				"locations": [
					{
						"start": { "line": 448, "column": 7 },
						"end": { "line": 448, "column": 32 }
					},
					{
						"start": { "line": 448, "column": 36 },
						"end": { "line": 448, "column": 74 }
					}
				]
			},
			"23": {
				"loc": {
					"start": { "line": 468, "column": 5 },
					"end": { "line": 468, "column": 71 }
				},
				"type": "binary-expr",
				"locations": [
					{
						"start": { "line": 468, "column": 5 },
						"end": { "line": 468, "column": 18 }
					},
					{
						"start": { "line": 468, "column": 22 },
						"end": { "line": 468, "column": 71 }
					}
				]
			},
			"24": {
				"loc": {
					"start": { "line": 487, "column": 3 },
					"end": { "line": 490, "column": null }
				},
				"type": "if",
				"locations": [
					{
						"start": { "line": 487, "column": 3 },
						"end": { "line": 490, "column": null }
					}
				]
			},
			"25": {
				"loc": {
					"start": { "line": 492, "column": 3 },
					"end": { "line": 498, "column": null }
				},
				"type": "if",
				"locations": [
					{
						"start": { "line": 492, "column": 3 },
						"end": { "line": 498, "column": null }
					}
				]
			},
			"26": {
				"loc": {
					"start": { "line": 501, "column": 3 },
					"end": { "line": 509, "column": null }
				},
				"type": "if",
				"locations": [
					{
						"start": { "line": 501, "column": 3 },
						"end": { "line": 509, "column": null }
					}
				]
			},
			"27": {
				"loc": {
					"start": { "line": 501, "column": 7 },
					"end": { "line": 501, "column": 74 }
				},
				"type": "binary-expr",
				"locations": [
					{
						"start": { "line": 501, "column": 7 },
						"end": { "line": 501, "column": 32 }
					},
					{
						"start": { "line": 501, "column": 36 },
						"end": { "line": 501, "column": 74 }
					}
				]
			},
			"28": {
				"loc": {
					"start": { "line": 521, "column": 21 },
					"end": { "line": 521, "column": 72 }
				},
				"type": "binary-expr",
				"locations": [
					{
						"start": { "line": 521, "column": 21 },
						"end": { "line": 521, "column": 32 }
					},
					{
						"start": { "line": 521, "column": 36 },
						"end": { "line": 521, "column": 72 }
					}
				]
			},
			"29": {
				"loc": {
					"start": { "line": 536, "column": 2 },
					"end": { "line": 541, "column": null }
				},
				"type": "if",
				"locations": [
					{
						"start": { "line": 536, "column": 2 },
						"end": { "line": 541, "column": null }
					}
				]
			},
			"30": {
				"loc": {
					"start": { "line": 545, "column": 23 },
					"end": { "line": 545, "column": 71 }
				},
				"type": "cond-expr",
				"locations": [
					{
						"start": { "line": 545, "column": 42 },
						"end": { "line": 545, "column": 52 }
					},
					{
						"start": { "line": 545, "column": 55 },
						"end": { "line": 545, "column": 71 }
					}
				]
			},
			"31": {
				"loc": {
					"start": { "line": 553, "column": 5 },
					"end": { "line": 553, "column": 72 }
				},
				"type": "binary-expr",
				"locations": [
					{
						"start": { "line": 553, "column": 5 },
						"end": { "line": 553, "column": 16 }
					},
					{
						"start": { "line": 553, "column": 20 },
						"end": { "line": 553, "column": 72 }
					}
				]
			},
			"32": {
				"loc": {
					"start": { "line": 570, "column": 2 },
					"end": { "line": 573, "column": null }
				},
				"type": "if",
				"locations": [
					{
						"start": { "line": 570, "column": 2 },
						"end": { "line": 573, "column": null }
					}
				]
			},
			"33": {
				"loc": {
					"start": { "line": 576, "column": 17 },
					"end": { "line": 576, "column": 63 }
				},
				"type": "cond-expr",
				"locations": [
					{
						"start": { "line": 576, "column": 40 },
						"end": { "line": 576, "column": 47 }
					},
					{
						"start": { "line": 576, "column": 50 },
						"end": { "line": 576, "column": 63 }
					}
				]
			},
			"34": {
				"loc": {
					"start": { "line": 580, "column": 3 },
					"end": { "line": 585, "column": null }
				},
				"type": "if",
				"locations": [
					{
						"start": { "line": 580, "column": 3 },
						"end": { "line": 585, "column": null }
					}
				]
			},
			"35": {
				"loc": {
					"start": { "line": 594, "column": 13 },
					"end": { "line": 594, "column": 66 }
				},
				"type": "binary-expr",
				"locations": [
					{
						"start": { "line": 594, "column": 13 },
						"end": { "line": 594, "column": 24 }
					},
					{
						"start": { "line": 594, "column": 28 },
						"end": { "line": 594, "column": 66 }
					}
				]
			},
			"36": {
				"loc": {
					"start": { "line": 620, "column": 3 },
					"end": { "line": 622, "column": null }
				},
				"type": "if",
				"locations": [
					{
						"start": { "line": 620, "column": 3 },
						"end": { "line": 622, "column": null }
					}
				]
			},
			"37": {
				"loc": {
					"start": { "line": 627, "column": 2 },
					"end": { "line": 630, "column": null }
				},
				"type": "if",
				"locations": [
					{
						"start": { "line": 627, "column": 2 },
						"end": { "line": 630, "column": null }
					}
				]
			},
			"38": {
				"loc": {
					"start": { "line": 638, "column": 3 },
					"end": { "line": 641, "column": null }
				},
				"type": "if",
				"locations": [
					{
						"start": { "line": 638, "column": 3 },
						"end": { "line": 641, "column": null }
					}
				]
			},
			"39": {
				"loc": {
					"start": { "line": 644, "column": 3 },
					"end": { "line": 652, "column": null }
				},
				"type": "if",
				"locations": [
					{
						"start": { "line": 644, "column": 3 },
						"end": { "line": 652, "column": null }
					}
				]
			},
			"40": {
				"loc": {
					"start": { "line": 645, "column": 4 },
					"end": { "line": 646, "column": 43 }
				},
				"type": "binary-expr",
				"locations": [
					{
						"start": { "line": 645, "column": 4 },
						"end": { "line": 645, "column": 30 }
					},
					{
						"start": { "line": 646, "column": 4 },
						"end": { "line": 646, "column": 43 }
					}
				]
			},
			"41": {
				"loc": {
					"start": { "line": 691, "column": 3 },
					"end": { "line": 693, "column": null }
				},
				"type": "if",
				"locations": [
					{
						"start": { "line": 691, "column": 3 },
						"end": { "line": 693, "column": null }
					}
				]
			},
			"42": {
				"loc": {
					"start": { "line": 701, "column": 2 },
					"end": { "line": 704, "column": null }
				},
				"type": "if",
				"locations": [
					{
						"start": { "line": 701, "column": 2 },
						"end": { "line": 704, "column": null }
					}
				]
			},
			"43": {
				"loc": {
					"start": { "line": 708, "column": 2 },
					"end": { "line": 711, "column": null }
				},
				"type": "if",
				"locations": [
					{
						"start": { "line": 708, "column": 2 },
						"end": { "line": 711, "column": null }
					}
				]
			},
			"44": {
				"loc": {
					"start": { "line": 713, "column": 2 },
					"end": { "line": 718, "column": null }
				},
				"type": "if",
				"locations": [
					{
						"start": { "line": 713, "column": 2 },
						"end": { "line": 718, "column": null }
					}
				]
			},
			"45": {
				"loc": {
					"start": { "line": 723, "column": 3 },
					"end": { "line": 726, "column": null }
				},
				"type": "if",
				"locations": [
					{
						"start": { "line": 723, "column": 3 },
						"end": { "line": 726, "column": null }
					}
				]
			}
		},
		"s": {
			"0": 4,
			"1": 4,
			"2": 4,
			"3": 4,
			"4": 4,
			"5": 4,
			"6": 4,
			"7": 4,
			"8": 4,
			"9": 4,
			"10": 4,
			"11": 4,
			"12": 4,
			"13": 4,
			"14": 4,
			"15": 4,
			"16": 4,
			"17": 4,
			"18": 4,
			"19": 4,
			"20": 4,
			"21": 4,
			"22": 4,
			"23": 4,
			"24": 0,
			"25": 0,
			"26": 0,
			"27": 0,
			"28": 0,
			"29": 4,
			"30": 4,
			"31": 4,
			"32": 4,
			"33": 4,
			"34": 0,
			"35": 0,
			"36": 4,
			"37": 4,
			"38": 0,
			"39": 0,
			"40": 4,
			"41": 3,
			"42": 3,
			"43": 1,
			"44": 0,
			"45": 0,
			"46": 4,
			"47": 1,
			"48": 1,
			"49": 1,
			"50": 0,
			"51": 0,
			"52": 4,
			"53": 5,
			"54": 5,
			"55": 5,
			"56": 2,
			"57": 2,
			"58": 3,
			"59": 3,
			"60": 3,
			"61": 3,
			"62": 1,
			"63": 1,
			"64": 2,
			"65": 2,
			"66": 2,
			"67": 0,
			"68": 0,
			"69": 4,
			"70": 3,
			"71": 3,
			"72": 1,
			"73": 1,
			"74": 2,
			"75": 2,
			"76": 1,
			"77": 1,
			"78": 1,
			"79": 0,
			"80": 0,
			"81": 1,
			"82": 1,
			"83": 1,
			"84": 1,
			"85": 1,
			"86": 1,
			"87": 1,
			"88": 1,
			"89": 4,
			"90": 4,
			"91": 4,
			"92": 1,
			"93": 1,
			"94": 3,
			"95": 3,
			"96": 2,
			"97": 2,
			"98": 1,
			"99": 1,
			"100": 1,
			"101": 1,
			"102": 1,
			"103": 4,
			"104": 5,
			"105": 5,
			"106": 1,
			"107": 1,
			"108": 4,
			"109": 4,
			"110": 4,
			"111": 3,
			"112": 3,
			"113": 1,
			"114": 1,
			"115": 1,
			"116": 1,
			"117": 2,
			"118": 2,
			"119": 2,
			"120": 2,
			"121": 2,
			"122": 2,
			"123": 2,
			"124": 2,
			"125": 1,
			"126": 1,
			"127": 1,
			"128": 1,
			"129": 1,
			"130": 4,
			"131": 4,
			"132": 0,
			"133": 4,
			"134": 4,
			"135": 0,
			"136": 4,
			"137": 4,
			"138": 0,
			"139": 4,
			"140": 4,
			"141": 4,
			"142": 0,
			"143": 0,
			"144": 4,
			"145": 4,
			"146": 4,
			"147": 0,
			"148": 0,
			"149": 4,
			"150": 1,
			"151": 1,
			"152": 1,
			"153": 1,
			"154": 1,
			"155": 3,
			"156": 3,
			"157": 3,
			"158": 1,
			"159": 1,
			"160": 2,
			"161": 1,
			"162": 1,
			"163": 1,
			"164": 1,
			"165": 1,
			"166": 1,
			"167": 1,
			"168": 1,
			"169": 1,
			"170": 1,
			"171": 0,
			"172": 0,
			"173": 4,
			"174": 6,
			"175": 6,
			"176": 6,
			"177": 6,
			"178": 2,
			"179": 2,
			"180": 4,
			"181": 1,
			"182": 1,
			"183": 1,
			"184": 1,
			"185": 1,
			"186": 3,
			"187": 3,
			"188": 1,
			"189": 1,
			"190": 1,
			"191": 1,
			"192": 1,
			"193": 2,
			"194": 2,
			"195": 2,
			"196": 2,
			"197": 1,
			"198": 1,
			"199": 1,
			"200": 4,
			"201": 3,
			"202": 3,
			"203": 3,
			"204": 1,
			"205": 1,
			"206": 2,
			"207": 2,
			"208": 1,
			"209": 1,
			"210": 1,
			"211": 1,
			"212": 4,
			"213": 4,
			"214": 4,
			"215": 1,
			"216": 1,
			"217": 3,
			"218": 3,
			"219": 3,
			"220": 3,
			"221": 3,
			"222": 1,
			"223": 1,
			"224": 2,
			"225": 1,
			"226": 1,
			"227": 1,
			"228": 4,
			"229": 6,
			"230": 1,
			"231": 5,
			"232": 6,
			"233": 6,
			"234": 2,
			"235": 2,
			"236": 4,
			"237": 4,
			"238": 4,
			"239": 4,
			"240": 4,
			"241": 1,
			"242": 1,
			"243": 3,
			"244": 3,
			"245": 1,
			"246": 1,
			"247": 2,
			"248": 2,
			"249": 2,
			"250": 2,
			"251": 1,
			"252": 1,
			"253": 1,
			"254": 4,
			"255": 8,
			"256": 1,
			"257": 7,
			"258": 8,
			"259": 8,
			"260": 8,
			"261": 4,
			"262": 4,
			"263": 4,
			"264": 4,
			"265": 4,
			"266": 0,
			"267": 0,
			"268": 4,
			"269": 1,
			"270": 1,
			"271": 3,
			"272": 3,
			"273": 3,
			"274": 3,
			"275": 1,
			"276": 1,
			"277": 2,
			"278": 2,
			"279": 1,
			"280": 1,
			"281": 1
		},
		"f": {
			"0": 4,
			"1": 4,
			"2": 4,
			"3": 1,
			"4": 5,
			"5": 3,
			"6": 1,
			"7": 4,
			"8": 5,
			"9": 2,
			"10": 0,
			"11": 0,
			"12": 0,
			"13": 4,
			"14": 6,
			"15": 3,
			"16": 4,
			"17": 6,
			"18": 6,
			"19": 8,
			"20": 8
		},
		"b": {
			"0": [4],
			"1": [4, 4, 0],
			"2": [0],
			"3": [0],
			"4": [3],
			"5": [3, 0],
			"6": [2],
			"7": [3, 0],
			"8": [1],
			"9": [2, 1],
			"10": [1],
			"11": [0],
			"12": [1],
			"13": [1],
			"14": [1],
			"15": [1],
			"16": [3, 2],
			"17": [0],
			"18": [0],
			"19": [1],
			"20": [1],
			"21": [1],
			"22": [2, 2],
			"23": [0, 0],
			"24": [2],
			"25": [1],
			"26": [1],
			"27": [3, 3],
			"28": [1, 0],
			"29": [1],
			"30": [1, 0],
			"31": [1, 0],
			"32": [1],
			"33": [2, 1],
			"34": [1],
			"35": [1, 0],
			"36": [1],
			"37": [2],
			"38": [1],
			"39": [1],
			"40": [3, 3],
			"41": [1],
			"42": [4],
			"43": [0],
			"44": [1],
			"45": [1]
		}
	},
	"/Users/jw/Desktop/repos/odin-book-backend/src/controllers/comment.controller.ts": {
		"path": "/Users/jw/Desktop/repos/odin-book-backend/src/controllers/comment.controller.ts",
		"statementMap": {
			"0": {
				"start": { "line": 1, "column": 0 },
				"end": { "line": 1, "column": 59 }
			},
			"1": {
				"start": { "line": 3, "column": 0 },
				"end": { "line": 3, "column": 26 }
			},
			"2": {
				"start": { "line": 4, "column": 0 },
				"end": { "line": 4, "column": 56 }
			},
			"3": {
				"start": { "line": 5, "column": 0 },
				"end": { "line": 5, "column": 50 }
			},
			"4": {
				"start": { "line": 7, "column": 0 },
				"end": { "line": 7, "column": 46 }
			},
			"5": {
				"start": { "line": 8, "column": 0 },
				"end": { "line": 8, "column": 67 }
			},
			"6": {
				"start": { "line": 10, "column": 0 },
				"end": { "line": 10, "column": 40 }
			},
			"7": {
				"start": { "line": 11, "column": 0 },
				"end": { "line": 11, "column": 59 }
			},
			"8": {
				"start": { "line": 13, "column": 12 },
				"end": { "line": 13, "column": 43 }
			},
			"9": {
				"start": { "line": 14, "column": 17 },
				"end": { "line": 14, "column": 50 }
			},
			"10": {
				"start": { "line": 19, "column": 13 },
				"end": { "line": 76, "column": 2 }
			},
			"11": {
				"start": { "line": 21, "column": 2 },
				"end": { "line": 74, "column": null }
			},
			"12": {
				"start": { "line": 22, "column": 18 },
				"end": { "line": 22, "column": 33 }
			},
			"13": {
				"start": { "line": 24, "column": 54 },
				"end": { "line": 28, "column": 5 }
			},
			"14": {
				"start": { "line": 30, "column": 3 },
				"end": { "line": 33, "column": null }
			},
			"15": {
				"start": { "line": 31, "column": 4 },
				"end": { "line": 31, "column": 56 }
			},
			"16": {
				"start": { "line": 32, "column": 4 },
				"end": { "line": 32, "column": 11 }
			},
			"17": {
				"start": { "line": 35, "column": 25 },
				"end": { "line": 35, "column": 76 }
			},
			"18": {
				"start": { "line": 37, "column": 3 },
				"end": { "line": 40, "column": null }
			},
			"19": {
				"start": { "line": 38, "column": 19 },
				"end": { "line": 38, "column": 55 }
			},
			"20": {
				"start": { "line": 39, "column": 4 },
				"end": { "line": 39, "column": 31 }
			},
			"21": {
				"start": { "line": 42, "column": 3 },
				"end": { "line": 45, "column": null }
			},
			"22": {
				"start": { "line": 43, "column": 18 },
				"end": { "line": 43, "column": 53 }
			},
			"23": {
				"start": { "line": 44, "column": 4 },
				"end": { "line": 44, "column": 31 }
			},
			"24": {
				"start": { "line": 48, "column": 3 },
				"end": { "line": 63, "column": null }
			},
			"25": {
				"start": { "line": 49, "column": 17 },
				"end": { "line": 49, "column": 43 }
			},
			"26": {
				"start": { "line": 50, "column": 4 },
				"end": { "line": 62, "column": null }
			},
			"27": {
				"start": { "line": 51, "column": 5 },
				"end": { "line": 51, "column": 54 }
			},
			"28": {
				"start": { "line": 52, "column": 11 },
				"end": { "line": 62, "column": null }
			},
			"29": {
				"start": { "line": 53, "column": 5 },
				"end": { "line": 53, "column": 57 }
			},
			"30": {
				"start": { "line": 54, "column": 11 },
				"end": { "line": 62, "column": null }
			},
			"31": {
				"start": { "line": 55, "column": 5 },
				"end": { "line": 55, "column": 58 }
			},
			"32": {
				"start": { "line": 56, "column": 11 },
				"end": { "line": 62, "column": null }
			},
			"33": {
				"start": { "line": 57, "column": 5 },
				"end": { "line": 57, "column": 43 }
			},
			"34": {
				"start": { "line": 58, "column": 11 },
				"end": { "line": 62, "column": null }
			},
			"35": {
				"start": { "line": 59, "column": 5 },
				"end": { "line": 59, "column": 56 }
			},
			"36": {
				"start": { "line": 61, "column": 5 },
				"end": { "line": 61, "column": 40 }
			},
			"37": {
				"start": { "line": 65, "column": 20 },
				"end": { "line": 65, "column": 46 }
			},
			"38": {
				"start": { "line": 67, "column": 3 },
				"end": { "line": 70, "column": 6 }
			},
			"39": {
				"start": { "line": 72, "column": 3 },
				"end": { "line": 72, "column": 19 }
			},
			"40": {
				"start": { "line": 73, "column": 3 },
				"end": { "line": 73, "column": 52 }
			},
			"41": {
				"start": { "line": 81, "column": 13 },
				"end": { "line": 114, "column": 2 }
			},
			"42": {
				"start": { "line": 83, "column": 2 },
				"end": { "line": 112, "column": null }
			},
			"43": {
				"start": { "line": 84, "column": 27 },
				"end": { "line": 87, "column": 5 }
			},
			"44": {
				"start": { "line": 89, "column": 3 },
				"end": { "line": 92, "column": null }
			},
			"45": {
				"start": { "line": 90, "column": 4 },
				"end": { "line": 90, "column": 56 }
			},
			"46": {
				"start": { "line": 91, "column": 4 },
				"end": { "line": 91, "column": 11 }
			},
			"47": {
				"start": { "line": 94, "column": 3 },
				"end": { "line": 97, "column": null }
			},
			"48": {
				"start": { "line": 95, "column": 4 },
				"end": { "line": 95, "column": 59 }
			},
			"49": {
				"start": { "line": 96, "column": 4 },
				"end": { "line": 96, "column": 11 }
			},
			"50": {
				"start": { "line": 99, "column": 37 },
				"end": { "line": 99, "column": 46 }
			},
			"51": {
				"start": { "line": 101, "column": 19 },
				"end": { "line": 106, "column": 11 }
			},
			"52": {
				"start": { "line": 108, "column": 3 },
				"end": { "line": 108, "column": 37 }
			},
			"53": {
				"start": { "line": 110, "column": 3 },
				"end": { "line": 110, "column": 19 }
			},
			"54": {
				"start": { "line": 111, "column": 3 },
				"end": { "line": 111, "column": 52 }
			},
			"55": {
				"start": { "line": 119, "column": 13 },
				"end": { "line": 146, "column": 2 }
			},
			"56": {
				"start": { "line": 121, "column": 2 },
				"end": { "line": 144, "column": null }
			},
			"57": {
				"start": { "line": 122, "column": 27 },
				"end": { "line": 128, "column": 5 }
			},
			"58": {
				"start": { "line": 130, "column": 3 },
				"end": { "line": 133, "column": null }
			},
			"59": {
				"start": { "line": 131, "column": 4 },
				"end": { "line": 131, "column": 56 }
			},
			"60": {
				"start": { "line": 132, "column": 4 },
[...]
						"start": { "line": 133, "column": 3 },
						"end": { "line": 133, "column": 22 }
					}
				]
			},
			"15": {
				"loc": {
					"start": { "line": 137, "column": 2 },
					"end": { "line": 144, "column": null }
				},
				"type": "if",
				"locations": [
					{
						"start": { "line": 137, "column": 2 },
						"end": { "line": 144, "column": null }
					}
				]
			},
			"16": {
				"loc": {
					"start": { "line": 138, "column": 3 },
					"end": { "line": 141, "column": 22 }
				},
				"type": "binary-expr",
				"locations": [
					{
						"start": { "line": 138, "column": 3 },
						"end": { "line": 138, "column": 19 }
					},
					{
						"start": { "line": 139, "column": 3 },
						"end": { "line": 139, "column": 19 }
					},
					{
						"start": { "line": 140, "column": 3 },
						"end": { "line": 140, "column": 31 }
					},
					{
						"start": { "line": 141, "column": 3 },
						"end": { "line": 141, "column": 22 }
					}
				]
			},
			"17": {
				"loc": {
					"start": { "line": 151, "column": 2 },
					"end": { "line": 153, "column": null }
				},
				"type": "if",
				"locations": [
					{
						"start": { "line": 151, "column": 2 },
						"end": { "line": 153, "column": null }
					}
				]
			},
			"18": {
				"loc": {
					"start": { "line": 151, "column": 6 },
					"end": { "line": 151, "column": 55 }
				},
				"type": "binary-expr",
				"locations": [
					{
						"start": { "line": 151, "column": 6 },
						"end": { "line": 151, "column": 22 }
					},
					{
						"start": { "line": 151, "column": 26 },
						"end": { "line": 151, "column": 55 }
					}
				]
			},
			"19": {
				"loc": {
					"start": { "line": 155, "column": 2 },
					"end": { "line": 157, "column": null }
				},
				"type": "if",
				"locations": [
					{
						"start": { "line": 155, "column": 2 },
						"end": { "line": 157, "column": null }
					}
				]
			},
			"20": {
				"loc": {
					"start": { "line": 155, "column": 6 },
					"end": { "line": 155, "column": 54 }
				},
				"type": "binary-expr",
				"locations": [
					{
						"start": { "line": 155, "column": 6 },
						"end": { "line": 155, "column": 22 }
					},
					{
						"start": { "line": 155, "column": 26 },
						"end": { "line": 155, "column": 54 }
					}
				]
			}
		},
		"s": {
			"0": 3,
			"1": 3,
			"2": 3,
			"3": 20,
			"4": 20,
			"5": 20,
			"6": 20,
			"7": 20,
			"8": 20,
			"9": 20,
			"10": 20,
			"11": 20,
			"12": 20,
			"13": 20,
			"14": 20,
			"15": 20,
			"16": 20,
			"17": 20,
			"18": 979,
			"19": 44,
			"20": 44,
			"21": 44,
			"22": 44,
			"23": 44,
			"24": 979,
			"25": 18,
			"26": 18,
			"27": 18,
			"28": 979,
			"29": 10,
			"30": 10,
			"31": 10,
			"32": 979,
			"33": 8,
			"34": 8,
			"35": 8,
			"36": 979,
			"37": 13,
			"38": 13,
			"39": 979,
			"40": 36,
			"41": 36,
			"42": 979,
			"43": 17,
			"44": 17,
			"45": 979,
			"46": 979,
			"47": 17,
			"48": 979,
			"49": 6,
			"50": 979,
			"51": 979,
			"52": 39,
			"53": 979,
			"54": 26,
			"55": 979,
			"56": 20,
			"57": 20,
			"58": 20,
			"59": 20,
			"60": 3
		},
		"f": { "0": 20 },
		"b": {
			"0": [44],
			"1": [18],
			"2": [979, 623, 18],
			"3": [10],
			"4": [979, 30, 24, 10],
			"5": [8],
			"6": [979, 481, 54],
			"7": [13],
			"8": [979, 551, 106, 15, 13],
			"9": [36],
			"10": [979, 533, 447],
			"11": [17],
			"12": [979, 587, 129],
			"13": [17],
			"14": [979, 551, 147, 22],
			"15": [6],
			"16": [979, 404, 131, 6],
			"17": [39],
			"18": [979, 587],
			"19": [26],
			"20": [979, 419]
		}
	},
	"/Users/jw/Desktop/repos/odin-book-backend/tools/populateDbs/users/utils/userOptions.ts": {
		"path": "/Users/jw/Desktop/repos/odin-book-backend/tools/populateDbs/users/utils/userOptions.ts",
		"statementMap": {
			"0": {
				"start": { "line": 1, "column": 13 },
				"end": { "line": 7, "column": 2 }
			},
			"1": {
				"start": { "line": 9, "column": 13 },
				"end": { "line": 21, "column": 2 }
			},
			"2": {
				"start": { "line": 23, "column": 13 },
				"end": { "line": 169, "column": 2 }
			},
			"3": {
				"start": { "line": 171, "column": 13 },
				"end": { "line": 182, "column": 2 }
			},
			"4": {
				"start": { "line": 184, "column": 13 },
				"end": { "line": 205, "column": 2 }
			},
			"5": {
				"start": { "line": 207, "column": 13 },
				"end": { "line": 218, "column": 2 }
			}
		},
		"fnMap": {},
		"branchMap": {},
		"s": { "0": 3, "1": 3, "2": 3, "3": 3, "4": 3, "5": 3 },
		"f": {},
		"b": {}
	},
	"/Users/jw/Desktop/repos/odin-book-backend/tools/populateDbs/utils/clearDatabase.ts": {
		"path": "/Users/jw/Desktop/repos/odin-book-backend/tools/populateDbs/utils/clearDatabase.ts",
		"statementMap": {
			"0": {
				"start": { "line": 1, "column": 0 },
				"end": { "line": 1, "column": 61 }
			},
			"1": {
				"start": { "line": 2, "column": 0 },
				"end": { "line": 2, "column": 50 }
			},
			"2": {
				"start": { "line": 3, "column": 0 },
				"end": { "line": 3, "column": 56 }
			},
			"3": {
				"start": { "line": 4, "column": 0 },
				"end": { "line": 4, "column": 58 }
			},
			"4": {
				"start": { "line": 6, "column": 22 },
				"end": { "line": 11, "column": 1 }
			},
			"5": {
				"start": { "line": 7, "column": 1 },
				"end": { "line": 7, "column": 27 }
			},
			"6": {
				"start": { "line": 8, "column": 1 },
				"end": { "line": 8, "column": 27 }
			},
			"7": {
				"start": { "line": 9, "column": 1 },
				"end": { "line": 9, "column": 30 }
			},
			"8": {
				"start": { "line": 10, "column": 1 },
				"end": { "line": 10, "column": 31 }
			},
			"9": {
				"start": { "line": 13, "column": 0 },
				"end": { "line": 13, "column": 29 }
			}
		},
		"fnMap": {
			"0": {
				"name": "(anonymous_1)",
				"decl": {
					"start": { "line": 6, "column": 22 },
					"end": { "line": 6, "column": 27 }
				},
				"loc": {
					"start": { "line": 6, "column": 33 },
					"end": { "line": 11, "column": 1 }
				}
			}
		},
		"branchMap": {},
		"s": {
			"0": 4,
			"1": 4,
			"2": 4,
			"3": 4,
			"4": 4,
			"5": 4,
			"6": 4,
			"7": 4,
			"8": 4,
			"9": 4
		},
		"f": { "0": 4 },
		"b": {}
	},
	"/Users/jw/Desktop/repos/odin-book-backend/tools/populateDbs/utils/populateHelperFunctions.ts": {
		"path": "/Users/jw/Desktop/repos/odin-book-backend/tools/populateDbs/utils/populateHelperFunctions.ts",
		"statementMap": {
			"0": {
				"start": { "line": 1, "column": 0 },
				"end": { "line": 1, "column": 40 }
			},
			"1": {
				"start": { "line": 2, "column": 0 },
				"end": { "line": 2, "column": 26 }
			},
			"2": {
				"start": { "line": 5, "column": 12 },
				"end": { "line": 5, "column": 48 }
			},
			"3": {
				"start": { "line": 7, "column": 28 },
				"end": { "line": 7, "column": 72 }
			},
			"4": {
				"start": { "line": 7, "column": 41 },
				"end": { "line": 7, "column": 72 }
			},
			"5": {
				"start": { "line": 7, "column": 13 },
				"end": { "line": 7, "column": 28 }
			},
			"6": {
				"start": { "line": 9, "column": 37 },
				"end": { "line": 11, "column": 1 }
			},
			"7": {
				"start": { "line": 10, "column": 1 },
				"end": { "line": 10, "column": 38 }
			},
			"8": {
				"start": { "line": 9, "column": 13 },
				"end": { "line": 9, "column": 37 }
			},
			"9": {
				"start": { "line": 17, "column": 43 },
				"end": { "line": 31, "column": 1 }
			},
			"10": {
				"start": { "line": 21, "column": 22 },
				"end": { "line": 21, "column": 51 }
			},
			"11": {
				"start": { "line": 23, "column": 1 },
				"end": { "line": 23, "column": 45 }
			},
			"12": {
				"start": { "line": 23, "column": 21 },
				"end": { "line": 23, "column": 45 }
			},
			"13": {
				"start": { "line": 25, "column": 1 },
				"end": { "line": 30, "column": null }
			},
			"14": {
				"start": { "line": 25, "column": 36 },
				"end": { "line": 25, "column": 71 }
			},
			"15": {
				"start": { "line": 27, "column": 2 },
				"end": { "line": 29, "column": 4 }
			},
			"16": {
				"start": { "line": 17, "column": 13 },
				"end": { "line": 17, "column": 43 }
			},
			"17": {
				"start": { "line": 33, "column": 38 },
				"end": { "line": 40, "column": 1 }
			},
			"18": {
				"start": { "line": 34, "column": 17 },
				"end": { "line": 34, "column": 25 }
			},
			"19": {
				"start": { "line": 35, "column": 1 },
				"end": { "line": 38, "column": null }
			},
			"20": {
				"start": { "line": 35, "column": 14 },
				"end": { "line": 35, "column": 32 }
			},
			"21": {
				"start": { "line": 36, "column": 12 },
				"end": { "line": 36, "column": 47 }
			},
			"22": {
				"start": { "line": 37, "column": 2 },
				"end": { "line": 37, "column": 54 }
			},
			"23": {
				"start": { "line": 39, "column": 1 },
				"end": { "line": 39, "column": 30 }
			},
			"24": {
				"start": { "line": 33, "column": 13 },
				"end": { "line": 33, "column": 38 }
			},
			"25": {
				"start": { "line": 42, "column": 44 },
				"end": { "line": 55, "column": 1 }
			},
			"26": {
				"start": { "line": 47, "column": 17 },
				"end": { "line": 47, "column": 25 }
			},
			"27": {
				"start": { "line": 48, "column": 1 },
				"end": { "line": 51, "column": null }
			},
			"28": {
				"start": { "line": 48, "column": 14 },
				"end": { "line": 48, "column": 32 }
			},
			"29": {
				"start": { "line": 49, "column": 12 },
				"end": { "line": 49, "column": 47 }
			},
			"30": {
				"start": { "line": 50, "column": 2 },
				"end": { "line": 50, "column": 54 }
			},
			"31": {
				"start": { "line": 52, "column": 1 },
				"end": { "line": 54, "column": 4 }
			},
			"32": {
				"start": { "line": 53, "column": 2 },
				"end": { "line": 53, "column": 56 }
			},
			"33": {
				"start": { "line": 42, "column": 13 },
				"end": { "line": 42, "column": 44 }
			},
			"34": {
				"start": { "line": 57, "column": 29 },
				"end": { "line": 58, "column": 40 }
			},
			"35": {
				"start": { "line": 58, "column": 1 },
				"end": { "line": 58, "column": 40 }
			},
			"36": {
				"start": { "line": 57, "column": 13 },
				"end": { "line": 57, "column": 29 }
			},
			"37": {
				"start": { "line": 61, "column": 27 },
				"end": { "line": 74, "column": 1 }
			},
			"38": {
				"start": { "line": 67, "column": 23 },
				"end": { "line": 68, "column": null }
			},
			"39": {
				"start": { "line": 68, "column": 2 },
				"end": { "line": 68, "column": 29 }
			},
			"40": {
				"start": { "line": 70, "column": 1 },
				"end": { "line": 73, "column": 5 }
			},
			"41": {
				"start": { "line": 70, "column": 44 },
				"end": { "line": 73, "column": 3 }
			},
			"42": {
				"start": { "line": 61, "column": 13 },
				"end": { "line": 61, "column": 27 }
			},
			"43": {
				"start": { "line": 76, "column": 33 },
				"end": { "line": 88, "column": 1 }
			},
			"44": {
				"start": { "line": 79, "column": 1 },
				"end": { "line": 87, "column": 4 }
			},
			"45": {
				"start": { "line": 80, "column": 41 },
				"end": { "line": 80, "column": 46 }
			},
			"46": {
				"start": { "line": 81, "column": 2 },
				"end": { "line": 86, "column": 4 }
			},
			"47": {
				"start": { "line": 76, "column": 13 },
				"end": { "line": 76, "column": 33 }
			},
			"48": {
				"start": { "line": 90, "column": 37 },
				"end": { "line": 94, "column": 1 }
			},
			"49": {
				"start": { "line": 91, "column": 19 },
				"end": { "line": 91, "column": 49 }
			},
			"50": {
				"start": { "line": 92, "column": 17 },
				"end": { "line": 92, "column": 49 }
			},
			"51": {
				"start": { "line": 93, "column": 1 },
				"end": { "line": 93, "column": 61 }
			},
			"52": {
				"start": { "line": 90, "column": 13 },
				"end": { "line": 90, "column": 37 }
			},
			"53": {
				"start": { "line": 96, "column": 34 },
				"end": { "line": 107, "column": 1 }
			},
			"54": {
				"start": { "line": 100, "column": 21 },
				"end": { "line": 100, "column": 45 }
			},
			"55": {
				"start": { "line": 101, "column": 14 },
				"end": { "line": 104, "column": 3 }
			},
			"56": {
				"start": { "line": 105, "column": 19 },
				"end": { "line": 105, "column": 46 }
			},
			"57": {
				"start": { "line": 106, "column": 1 },
				"end": { "line": 106, "column": 40 }
			},
			"58": {
				"start": { "line": 96, "column": 13 },
				"end": { "line": 96, "column": 34 }
			}
		},
		"fnMap": {
			"0": {
				"name": "(anonymous_1)",
				"decl": {
					"start": { "line": 7, "column": 28 },
					"end": { "line": 7, "column": 29 }
				},
				"loc": {
					"start": { "line": 7, "column": 41 },
					"end": { "line": 7, "column": 72 }
				}
			},
			"1": {
				"name": "(anonymous_2)",
				"decl": {
					"start": { "line": 9, "column": 37 },
					"end": { "line": 9, "column": 41 }
				},
				"loc": {
					"start": { "line": 9, "column": 53 },
					"end": { "line": 11, "column": 1 }
				}
			},
			"2": {
				"name": "(anonymous_3)",
				"decl": {
					"start": { "line": 17, "column": 43 },
					"end": { "line": 17, "column": null }
				},
				"loc": {
					"start": { "line": 20, "column": 4 },
					"end": { "line": 31, "column": 1 }
				}
			},
			"3": {
				"name": "(anonymous_4)",
				"decl": {
					"start": { "line": 33, "column": 38 },
					"end": { "line": 33, "column": 42 }
				},
				"loc": {
					"start": { "line": 33, "column": 63 },
					"end": { "line": 40, "column": 1 }
				}
			},
			"4": {
				"name": "(anonymous_5)",
				"decl": {
					"start": { "line": 42, "column": 44 },
					"end": { "line": 42, "column": null }
				},
				"loc": {
					"start": { "line": 46, "column": 4 },
					"end": { "line": 55, "column": 1 }
				}
			},
			"5": {
				"name": "(anonymous_6)",
				"decl": {
					"start": { "line": 52, "column": 34 },
					"end": { "line": 52, "column": 35 }
				},
				"loc": {
					"start": { "line": 52, "column": 43 },
					"end": { "line": 54, "column": 2 }
				}
			},
			"6": {
				"name": "(anonymous_7)",
				"decl": {
					"start": { "line": 57, "column": 29 },
					"end": { "line": 57, "column": 30 }
				},
				"loc": {
					"start": { "line": 58, "column": 1 },
					"end": { "line": 58, "column": 40 }
				}
			},
			"7": {
				"name": "(anonymous_8)",
				"decl": {
					"start": { "line": 61, "column": 27 },
					"end": { "line": 61, "column": null }
				},
				"loc": {
					"start": { "line": 66, "column": 6 },
					"end": { "line": 74, "column": 1 }
				}
			},
			"8": {
				"name": "(anonymous_9)",
				"decl": {
					"start": { "line": 67, "column": 41 },
					"end": { "line": 67, "column": 42 }
				},
				"loc": {
					"start": { "line": 68, "column": 2 },
					"end": { "line": 68, "column": 29 }
				}
			},
			"9": {
				"name": "(anonymous_10)",
				"decl": {
					"start": { "line": 70, "column": 26 },
					"end": { "line": 70, "column": 27 }
				},
				"loc": {
					"start": { "line": 70, "column": 44 },
					"end": { "line": 73, "column": 3 }
				}
			},
			"10": {
				"name": "(anonymous_11)",
				"decl": {
					"start": { "line": 76, "column": 33 },
					"end": { "line": 76, "column": null }
				},
				"loc": {
					"start": { "line": 78, "column": 4 },
					"end": { "line": 88, "column": 1 }
				}
			},
			"11": {
				"name": "(anonymous_12)",
				"decl": {
					"start": { "line": 79, "column": 24 },
					"end": { "line": 79, "column": 25 }
				},
				"loc": {
					"start": { "line": 79, "column": 41 },
					"end": { "line": 87, "column": 2 }
				}
			},
			"12": {
				"name": "(anonymous_13)",
				"decl": {
					"start": { "line": 90, "column": 37 },
					"end": { "line": 90, "column": 38 }
				},
				"loc": {
					"start": { "line": 90, "column": 60 },
					"end": { "line": 94, "column": 1 }
				}
			},
			"13": {
				"name": "(anonymous_14)",
				"decl": {
					"start": { "line": 96, "column": 34 },
					"end": { "line": 96, "column": null }
				},
				"loc": {
					"start": { "line": 99, "column": 20 },
					"end": { "line": 107, "column": 1 }
				}
			}
		},
		"branchMap": {
			"0": {
				"loc": {
					"start": { "line": 7, "column": 29 },
					"end": { "line": 7, "column": 36 }
				},
				"type": "default-arg",
				"locations": [
					{
						"start": { "line": 7, "column": 35 },
						"end": { "line": 7, "column": 36 }
					}
				]
			},
			"1": {
				"loc": {
					"start": { "line": 23, "column": 1 },
					"end": { "line": 23, "column": 45 }
				},
				"type": "if",
				"locations": [
					{
						"start": { "line": 23, "column": 1 },
						"end": { "line": 23, "column": 45 }
					}
				]
			},
			"2": {
				"loc": {
					"start": { "line": 25, "column": 1 },
					"end": { "line": 30, "column": null }
				},
				"type": "if",
				"locations": [
					{
						"start": { "line": 25, "column": 1 },
						"end": { "line": 30, "column": null }
					},
					{
						"start": { "line": 26, "column": 6 },
						"end": { "line": 30, "column": null }
					}
				]
			},
			"3": {
				"loc": {
					"start": { "line": 33, "column": 52 },
					"end": { "line": 33, "column": 59 }
				},
				"type": "default-arg",
				"locations": [
					{
						"start": { "line": 33, "column": 58 },
						"end": { "line": 33, "column": 59 }
					}
				]
			},
			"4": {
				"loc": {
					"start": { "line": 44, "column": 1 },
					"end": { "line": 44, "column": 8 }
				},
				"type": "default-arg",
				"locations": [
					{
						"start": { "line": 44, "column": 7 },
						"end": { "line": 44, "column": 8 }
					}
				]
			},
			"5": {
				"loc": {
					"start": { "line": 53, "column": 9 },
					"end": { "line": 53, "column": 55 }
				},
				"type": "cond-expr",
				"locations": [
					{
						"start": { "line": 53, "column": 25 },
						"end": { "line": 53, "column": 44 }
					},
					{
						"start": { "line": 53, "column": 47 },
						"end": { "line": 53, "column": 55 }
					}
				]
			},
			"6": {
				"loc": {
					"start": { "line": 72, "column": 11 },
					"end": { "line": 72, "column": 43 }
				},
				"type": "binary-expr",
				"locations": [
					{
						"start": { "line": 72, "column": 11 },
						"end": { "line": 72, "column": 35 }
					},
					{
						"start": { "line": 72, "column": 39 },
						"end": { "line": 72, "column": 43 }
					}
				]
			},
			"7": {
				"loc": {
					"start": { "line": 85, "column": 17 },
					"end": { "line": 85, "column": 60 }
				},
				"type": "binary-expr",
				"locations": [
					{
						"start": { "line": 85, "column": 17 },
						"end": { "line": 85, "column": 52 }
					},
					{
						"start": { "line": 85, "column": 56 },
						"end": { "line": 85, "column": 60 }
					}
				]
			},
			"8": {
				"loc": {
					"start": { "line": 97, "column": 1 },
					"end": { "line": 97, "column": 12 }
				},
				"type": "default-arg",
				"locations": [
					{
						"start": { "line": 97, "column": 10 },
						"end": { "line": 97, "column": 12 }
					}
				]
			},
			"9": {
				"loc": {
					"start": { "line": 98, "column": 1 },
					"end": { "line": 98, "column": 12 }
				},
				"type": "default-arg",
				"locations": [
					{
						"start": { "line": 98, "column": 10 },
						"end": { "line": 98, "column": 12 }
					}
				]
			}
		},
		"s": {
			"0": 3,
			"1": 3,
			"2": 3,
			"3": 3,
			"4": 622,
			"5": 3,
			"6": 3,
			"7": 422,
			"8": 3,
			"9": 3,
			"10": 1,
			"11": 1,
			"12": 0,
			"13": 1,
			"14": 1,
			"15": 0,
			"16": 3,
			"17": 3,
			"18": 236,
			"19": 236,
			"20": 236,
			"21": 886,
			"22": 886,
			"23": 236,
			"24": 3,
			"25": 3,
			"26": 13,
			"27": 13,
			"28": 13,
			"29": 42,
			"30": 42,
			"31": 13,
			"32": 23,
			"33": 3,
			"34": 3,
			"35": 44,
			"36": 3,
			"37": 3,
			"38": 40,
			"39": 85,
			"40": 40,
			"41": 85,
			"42": 3,
			"43": 3,
			"44": 20,
			"45": 64,
			"46": 64,
			"47": 3,
			"48": 3,
			"49": 2124,
			"50": 2124,
			"51": 2124,
			"52": 3,
			"53": 3,
			"54": 20,
			"55": 20,
			"56": 20,
			"57": 20,
			"58": 3
		},
		"f": {
			"0": 622,
			"1": 422,
			"2": 1,
			"3": 236,
			"4": 13,
			"5": 23,
			"6": 44,
			"7": 40,
			"8": 85,
			"9": 85,
			"10": 20,
			"11": 64,
			"12": 2124,
			"13": 20
		},
		"b": {
			"0": [56],
			"1": [0],
			"2": [1, 0],
			"3": [0],
			"4": [0],
			"5": [0, 23],
			"6": [85, 31],
			"7": [64, 20],
			"8": [20],
			"9": [20]
		}
	}
}
