{"/Users/jw/Desktop/repos/odin-book-backend/src/config/database.ts": {"path":"/Users/jw/Desktop/repos/odin-book-backend/src/config/database.ts","statementMap":{"0":{"start":{"line":1,"column":0},"end":{"line":1,"column":32}},"1":{"start":{"line":2,"column":0},"end":{"line":2,"column":26}},"2":{"start":{"line":3,"column":0},"end":{"line":3,"column":44}},"3":{"start":{"line":5,"column":12},"end":{"line":5,"column":33}},"4":{"start":{"line":7,"column":24},"end":{"line":29,"column":1}},"5":{"start":{"line":8,"column":1},"end":{"line":28,"column":null}},"6":{"start":{"line":9,"column":2},"end":{"line":9,"column":37}},"7":{"start":{"line":11,"column":2},"end":{"line":13,"column":5}},"8":{"start":{"line":12,"column":3},"end":{"line":12,"column":29}},"9":{"start":{"line":15,"column":2},"end":{"line":18,"column":5}},"10":{"start":{"line":16,"column":3},"end":{"line":16,"column":42}},"11":{"start":{"line":17,"column":3},"end":{"line":17,"column":52}},"12":{"start":{"line":20,"column":2},"end":{"line":20,"column":34}},"13":{"start":{"line":22,"column":2},"end":{"line":22,"column":34}},"14":{"start":{"line":23,"column":2},"end":{"line":23,"column":37}},"15":{"start":{"line":24,"column":2},"end":{"line":24,"column":30}},"16":{"start":{"line":26,"column":2},"end":{"line":26,"column":37}},"17":{"start":{"line":27,"column":2},"end":{"line":27,"column":21}},"18":{"start":{"line":7,"column":13},"end":{"line":7,"column":24}},"19":{"start":{"line":31,"column":38},"end":{"line":38,"column":1}},"20":{"start":{"line":32,"column":1},"end":{"line":37,"column":null}},"21":{"start":{"line":33,"column":2},"end":{"line":33,"column":39}},"22":{"start":{"line":34,"column":2},"end":{"line":34,"column":30}},"23":{"start":{"line":36,"column":2},"end":{"line":36,"column":21}},"24":{"start":{"line":31,"column":13},"end":{"line":31,"column":38}}},"fnMap":{"0":{"name":"(anonymous_1)","decl":{"start":{"line":7,"column":24},"end":{"line":7,"column":29}},"loc":{"start":{"line":7,"column":35},"end":{"line":29,"column":1}}},"1":{"name":"(anonymous_2)","decl":{"start":{"line":11,"column":38},"end":{"line":11,"column":41}},"loc":{"start":{"line":11,"column":43},"end":{"line":13,"column":3}}},"2":{"name":"(anonymous_3)","decl":{"start":{"line":15,"column":34},"end":{"line":15,"column":35}},"loc":{"start":{"line":15,"column":42},"end":{"line":18,"column":3}}},"3":{"name":"(anonymous_4)","decl":{"start":{"line":31,"column":38},"end":{"line":31,"column":43}},"loc":{"start":{"line":31,"column":49},"end":{"line":38,"column":1}}}},"branchMap":{},"s":{"0":4,"1":4,"2":4,"3":4,"4":4,"5":4,"6":4,"7":4,"8":4,"9":4,"10":0,"11":0,"12":4,"13":4,"14":4,"15":4,"16":0,"17":0,"18":4,"19":4,"20":4,"21":4,"22":4,"23":0,"24":4},"f":{"0":4,"1":4,"2":0,"3":4},"b":{}}
,"/Users/jw/Desktop/repos/odin-book-backend/src/config/envVariables.ts": {"path":"/Users/jw/Desktop/repos/odin-book-backend/src/config/envVariables.ts","statementMap":{"0":{"start":{"line":1,"column":0},"end":{"line":1,"column":28}},"1":{"start":{"line":3,"column":0},"end":{"line":3,"column":16}},"2":{"start":{"line":5,"column":31},"end":{"line":12,"column":1}},"3":{"start":{"line":6,"column":18},"end":{"line":6,"column":35}},"4":{"start":{"line":7,"column":1},"end":{"line":10,"column":null}},"5":{"start":{"line":8,"column":2},"end":{"line":8,"column":39}},"6":{"start":{"line":9,"column":2},"end":{"line":9,"column":18}},"7":{"start":{"line":11,"column":1},"end":{"line":11,"column":17}},"8":{"start":{"line":14,"column":13},"end":{"line":14,"column":45}},"9":{"start":{"line":16,"column":13},"end":{"line":16,"column":62}},"10":{"start":{"line":18,"column":13},"end":{"line":20,"column":2}},"11":{"start":{"line":22,"column":13},"end":{"line":22,"column":64}},"12":{"start":{"line":24,"column":13},"end":{"line":24,"column":77}},"13":{"start":{"line":26,"column":13},"end":{"line":28,"column":2}},"14":{"start":{"line":30,"column":13},"end":{"line":32,"column":2}},"15":{"start":{"line":34,"column":13},"end":{"line":34,"column":71}},"16":{"start":{"line":36,"column":13},"end":{"line":36,"column":79}},"17":{"start":{"line":38,"column":13},"end":{"line":38,"column":73}},"18":{"start":{"line":40,"column":13},"end":{"line":42,"column":2}},"19":{"start":{"line":44,"column":13},"end":{"line":44,"column":73}},"20":{"start":{"line":46,"column":13},"end":{"line":48,"column":2}},"21":{"start":{"line":50,"column":13},"end":{"line":50,"column":62}},"22":{"start":{"line":52,"column":13},"end":{"line":52,"column":70}},"23":{"start":{"line":54,"column":13},"end":{"line":54,"column":77}},"24":{"start":{"line":56,"column":13},"end":{"line":56,"column":75}},"25":{"start":{"line":58,"column":13},"end":{"line":58,"column":79}},"26":{"start":{"line":60,"column":13},"end":{"line":60,"column":58}},"27":{"start":{"line":62,"column":13},"end":{"line":65,"column":42}},"28":{"start":{"line":67,"column":13},"end":{"line":67,"column":58}},"29":{"start":{"line":70,"column":13},"end":{"line":75,"column":42}}},"fnMap":{"0":{"name":"(anonymous_1)","decl":{"start":{"line":5,"column":31},"end":{"line":5,"column":32}},"loc":{"start":{"line":5,"column":48},"end":{"line":12,"column":1}}}},"branchMap":{"0":{"loc":{"start":{"line":7,"column":1},"end":{"line":10,"column":null}},"type":"if","locations":[{"start":{"line":7,"column":1},"end":{"line":10,"column":null}}]},"1":{"loc":{"start":{"line":14,"column":20},"end":{"line":14,"column":44}},"type":"binary-expr","locations":[{"start":{"line":14,"column":20},"end":{"line":14,"column":36}},{"start":{"line":14,"column":40},"end":{"line":14,"column":44}}]},"2":{"loc":{"start":{"line":63,"column":1},"end":{"line":65,"column":41}},"type":"cond-expr","locations":[{"start":{"line":64,"column":4},"end":{"line":64,"column":42}},{"start":{"line":65,"column":4},"end":{"line":65,"column":41}}]},"3":{"loc":{"start":{"line":71,"column":1},"end":{"line":75,"column":41}},"type":"cond-expr","locations":[{"start":{"line":72,"column":4},"end":{"line":72,"column":41}},{"start":{"line":73,"column":4},"end":{"line":75,"column":41}}]},"4":{"loc":{"start":{"line":73,"column":4},"end":{"line":75,"column":41}},"type":"cond-expr","locations":[{"start":{"line":74,"column":4},"end":{"line":74,"column":40}},{"start":{"line":75,"column":4},"end":{"line":75,"column":41}}]}},"s":{"0":4,"1":4,"2":4,"3":84,"4":84,"5":0,"6":0,"7":84,"8":4,"9":4,"10":4,"11":4,"12":4,"13":4,"14":4,"15":4,"16":4,"17":4,"18":4,"19":4,"20":4,"21":4,"22":4,"23":4,"24":4,"25":4,"26":4,"27":4,"28":4,"29":4},"f":{"0":84},"b":{"0":[0],"1":[4,4],"2":[0,4],"3":[0,4],"4":[0,4]}}
,"/Users/jw/Desktop/repos/odin-book-backend/src/config/nodemailer.ts": {"path":"/Users/jw/Desktop/repos/odin-book-backend/src/config/nodemailer.ts","statementMap":{"0":{"start":{"line":1,"column":0},"end":{"line":1,"column":36}},"1":{"start":{"line":2,"column":0},"end":{"line":2,"column":74}},"2":{"start":{"line":4,"column":0},"end":{"line":4,"column":36}},"3":{"start":{"line":6,"column":20},"end":{"line":12,"column":2}},"4":{"start":{"line":14,"column":34},"end":{"line":17,"column":2}},"5":{"start":{"line":14,"column":41},"end":{"line":17,"column":2}},"6":{"start":{"line":14,"column":13},"end":{"line":14,"column":34}},"7":{"start":{"line":19,"column":28},"end":{"line":20,"column":46}},"8":{"start":{"line":20,"column":1},"end":{"line":20,"column":46}},"9":{"start":{"line":22,"column":36},"end":{"line":55,"column":1}},"10":{"start":{"line":26,"column":1},"end":{"line":54,"column":3}},"11":{"start":{"line":22,"column":13},"end":{"line":22,"column":36}},"12":{"start":{"line":57,"column":29},"end":{"line":58,"column":54}},"13":{"start":{"line":58,"column":1},"end":{"line":58,"column":54}},"14":{"start":{"line":60,"column":35},"end":{"line":84,"column":1}},"15":{"start":{"line":64,"column":1},"end":{"line":83,"column":3}},"16":{"start":{"line":60,"column":13},"end":{"line":60,"column":35}},"17":{"start":{"line":86,"column":25},"end":{"line":93,"column":1}},"18":{"start":{"line":87,"column":1},"end":{"line":92,"column":null}},"19":{"start":{"line":88,"column":15},"end":{"line":88,"column":54}},"20":{"start":{"line":89,"column":2},"end":{"line":89,"column":46}},"21":{"start":{"line":91,"column":2},"end":{"line":91,"column":21}},"22":{"start":{"line":86,"column":13},"end":{"line":86,"column":25}},"23":{"start":{"line":95,"column":37},"end":{"line":101,"column":1}},"24":{"start":{"line":99,"column":21},"end":{"line":99,"column":66}},"25":{"start":{"line":100,"column":1},"end":{"line":100,"column":30}},"26":{"start":{"line":95,"column":13},"end":{"line":95,"column":37}},"27":{"start":{"line":103,"column":38},"end":{"line":109,"column":1}},"28":{"start":{"line":107,"column":21},"end":{"line":107,"column":66}},"29":{"start":{"line":108,"column":1},"end":{"line":108,"column":30}},"30":{"start":{"line":103,"column":13},"end":{"line":103,"column":38}}},"fnMap":{"0":{"name":"(anonymous_1)","decl":{"start":{"line":14,"column":34},"end":{"line":14,"column":37}},"loc":{"start":{"line":14,"column":41},"end":{"line":17,"column":2}}},"1":{"name":"(anonymous_2)","decl":{"start":{"line":19,"column":28},"end":{"line":19,"column":29}},"loc":{"start":{"line":20,"column":1},"end":{"line":20,"column":46}}},"2":{"name":"(anonymous_3)","decl":{"start":{"line":22,"column":36},"end":{"line":22,"column":null}},"loc":{"start":{"line":25,"column":4},"end":{"line":55,"column":1}}},"3":{"name":"(anonymous_4)","decl":{"start":{"line":57,"column":29},"end":{"line":57,"column":30}},"loc":{"start":{"line":58,"column":1},"end":{"line":58,"column":54}}},"4":{"name":"(anonymous_5)","decl":{"start":{"line":60,"column":35},"end":{"line":60,"column":null}},"loc":{"start":{"line":63,"column":4},"end":{"line":84,"column":1}}},"5":{"name":"(anonymous_6)","decl":{"start":{"line":86,"column":25},"end":{"line":86,"column":30}},"loc":{"start":{"line":86,"column":61},"end":{"line":93,"column":1}}},"6":{"name":"(anonymous_7)","decl":{"start":{"line":95,"column":37},"end":{"line":95,"column":42}},"loc":{"start":{"line":98,"column":4},"end":{"line":101,"column":1}}},"7":{"name":"(anonymous_8)","decl":{"start":{"line":103,"column":38},"end":{"line":103,"column":43}},"loc":{"start":{"line":106,"column":4},"end":{"line":109,"column":1}}}},"branchMap":{},"s":{"0":4,"1":4,"2":4,"3":4,"4":4,"5":12,"6":4,"7":4,"8":0,"9":4,"10":0,"11":4,"12":4,"13":0,"14":4,"15":0,"16":4,"17":4,"18":0,"19":0,"20":0,"21":0,"22":4,"23":4,"24":0,"25":0,"26":4,"27":4,"28":0,"29":0,"30":4},"f":{"0":12,"1":0,"2":0,"3":0,"4":0,"5":0,"6":0,"7":0},"b":{}}
,"/Users/jw/Desktop/repos/odin-book-backend/src/config/twilio.ts": {"path":"/Users/jw/Desktop/repos/odin-book-backend/src/config/twilio.ts","statementMap":{"0":{"start":{"line":1,"column":0},"end":{"line":1,"column":28}},"1":{"start":{"line":2,"column":0},"end":{"line":2,"column":null}},"2":{"start":{"line":9,"column":15},"end":{"line":9,"column":56}},"3":{"start":{"line":11,"column":32},"end":{"line":14,"column":2}},"4":{"start":{"line":11,"column":39},"end":{"line":14,"column":2}},"5":{"start":{"line":11,"column":13},"end":{"line":11,"column":32}},"6":{"start":{"line":16,"column":28},"end":{"line":28,"column":1}},"7":{"start":{"line":17,"column":1},"end":{"line":27,"column":null}},"8":{"start":{"line":18,"column":18},"end":{"line":22,"column":4}},"9":{"start":{"line":24,"column":2},"end":{"line":24,"column":17}},"10":{"start":{"line":26,"column":2},"end":{"line":26,"column":21}},"11":{"start":{"line":30,"column":28},"end":{"line":31,"column":46}},"12":{"start":{"line":31,"column":1},"end":{"line":31,"column":46}},"13":{"start":{"line":33,"column":31},"end":{"line":41,"column":1}},"14":{"start":{"line":34,"column":1},"end":{"line":40,"column":104}},"15":{"start":{"line":43,"column":29},"end":{"line":44,"column":54}},"16":{"start":{"line":44,"column":1},"end":{"line":44,"column":54}},"17":{"start":{"line":46,"column":32},"end":{"line":54,"column":1}},"18":{"start":{"line":47,"column":1},"end":{"line":53,"column":100}},"19":{"start":{"line":56,"column":35},"end":{"line":62,"column":1}},"20":{"start":{"line":60,"column":17},"end":{"line":60,"column":57}},"21":{"start":{"line":61,"column":1},"end":{"line":61,"column":49}},"22":{"start":{"line":56,"column":13},"end":{"line":56,"column":35}},"23":{"start":{"line":64,"column":36},"end":{"line":70,"column":1}},"24":{"start":{"line":68,"column":17},"end":{"line":68,"column":59}},"25":{"start":{"line":69,"column":1},"end":{"line":69,"column":49}},"26":{"start":{"line":64,"column":13},"end":{"line":64,"column":36}}},"fnMap":{"0":{"name":"(anonymous_1)","decl":{"start":{"line":11,"column":32},"end":{"line":11,"column":35}},"loc":{"start":{"line":11,"column":39},"end":{"line":14,"column":2}}},"1":{"name":"(anonymous_2)","decl":{"start":{"line":16,"column":28},"end":{"line":16,"column":33}},"loc":{"start":{"line":16,"column":63},"end":{"line":28,"column":1}}},"2":{"name":"(anonymous_3)","decl":{"start":{"line":30,"column":28},"end":{"line":30,"column":29}},"loc":{"start":{"line":31,"column":1},"end":{"line":31,"column":46}}},"3":{"name":"(anonymous_4)","decl":{"start":{"line":33,"column":31},"end":{"line":33,"column":32}},"loc":{"start":{"line":33,"column":48},"end":{"line":41,"column":1}}},"4":{"name":"(anonymous_5)","decl":{"start":{"line":43,"column":29},"end":{"line":43,"column":30}},"loc":{"start":{"line":44,"column":1},"end":{"line":44,"column":54}}},"5":{"name":"(anonymous_6)","decl":{"start":{"line":46,"column":32},"end":{"line":46,"column":33}},"loc":{"start":{"line":46,"column":62},"end":{"line":54,"column":1}}},"6":{"name":"(anonymous_7)","decl":{"start":{"line":56,"column":35},"end":{"line":56,"column":40}},"loc":{"start":{"line":59,"column":4},"end":{"line":62,"column":1}}},"7":{"name":"(anonymous_8)","decl":{"start":{"line":64,"column":36},"end":{"line":64,"column":41}},"loc":{"start":{"line":67,"column":4},"end":{"line":70,"column":1}}}},"branchMap":{},"s":{"0":4,"1":4,"2":4,"3":4,"4":8,"5":4,"6":4,"7":0,"8":0,"9":0,"10":0,"11":4,"12":0,"13":4,"14":0,"15":4,"16":0,"17":4,"18":0,"19":4,"20":0,"21":0,"22":4,"23":4,"24":0,"25":0,"26":4},"f":{"0":8,"1":0,"2":0,"3":0,"4":0,"5":0,"6":0,"7":0},"b":{}}
,"/Users/jw/Desktop/repos/odin-book-backend/src/controllers/auth.controller.ts": {"path":"/Users/jw/Desktop/repos/odin-book-backend/src/controllers/auth.controller.ts","statementMap":{"0":{"start":{"line":1,"column":0},"end":{"line":1,"column":56}},"1":{"start":{"line":3,"column":0},"end":{"line":3,"column":59}},"2":{"start":{"line":4,"column":0},"end":{"line":4,"column":32}},"3":{"start":{"line":5,"column":0},"end":{"line":5,"column":31}},"4":{"start":{"line":6,"column":0},"end":{"line":6,"column":26}},"5":{"start":{"line":8,"column":0},"end":{"line":8,"column":62}},"6":{"start":{"line":9,"column":0},"end":{"line":9,"column":80}},"7":{"start":{"line":10,"column":0},"end":{"line":10,"column":65}},"8":{"start":{"line":12,"column":12},"end":{"line":12,"column":40}},"9":{"start":{"line":13,"column":17},"end":{"line":13,"column":47}},"10":{"start":{"line":16,"column":31},"end":{"line":60,"column":1}},"11":{"start":{"line":17,"column":17},"end":{"line":17,"column":33}},"12":{"start":{"line":19,"column":18},"end":{"line":21,"column":3}},"13":{"start":{"line":23,"column":22},"end":{"line":25,"column":3}},"14":{"start":{"line":27,"column":1},"end":{"line":27,"column":39}},"15":{"start":{"line":28,"column":1},"end":{"line":28,"column":19}},"16":{"start":{"line":30,"column":1},"end":{"line":35,"column":4}},"17":{"start":{"line":37,"column":1},"end":{"line":42,"column":4}},"18":{"start":{"line":44,"column":49},"end":{"line":44,"column":64}},"19":{"start":{"line":45,"column":1},"end":{"line":48,"column":4}},"20":{"start":{"line":50,"column":30},"end":{"line":50,"column":47}},"21":{"start":{"line":51,"column":1},"end":{"line":51,"column":75}},"22":{"start":{"line":51,"column":68},"end":{"line":51,"column":75}},"23":{"start":{"line":53,"column":1},"end":{"line":59,"column":null}},"24":{"start":{"line":54,"column":2},"end":{"line":54,"column":57}},"25":{"start":{"line":56,"column":2},"end":{"line":56,"column":21}},"26":{"start":{"line":57,"column":2},"end":{"line":57,"column":49}},"27":{"start":{"line":58,"column":2},"end":{"line":58,"column":9}},"28":{"start":{"line":16,"column":13},"end":{"line":16,"column":31}},"29":{"start":{"line":65,"column":13},"end":{"line":102,"column":2}},"30":{"start":{"line":70,"column":3},"end":{"line":99,"column":null}},"31":{"start":{"line":71,"column":19},"end":{"line":71,"column":40}},"32":{"start":{"line":73,"column":4},"end":{"line":76,"column":null}},"33":{"start":{"line":74,"column":5},"end":{"line":74,"column":54}},"34":{"start":{"line":75,"column":5},"end":{"line":75,"column":12}},"35":{"start":{"line":78,"column":4},"end":{"line":95,"column":22}},"36":{"start":{"line":82,"column":6},"end":{"line":85,"column":null}},"37":{"start":{"line":83,"column":7},"end":{"line":83,"column":54}},"38":{"start":{"line":84,"column":7},"end":{"line":84,"column":14}},"39":{"start":{"line":87,"column":6},"end":{"line":92,"column":null}},"40":{"start":{"line":88,"column":7},"end":{"line":90,"column":66}},"41":{"start":{"line":91,"column":7},"end":{"line":91,"column":14}},"42":{"start":{"line":93,"column":6},"end":{"line":93,"column":33}},"43":{"start":{"line":97,"column":4},"end":{"line":97,"column":18}},"44":{"start":{"line":98,"column":4},"end":{"line":98,"column":54}},"45":{"start":{"line":107,"column":13},"end":{"line":124,"column":2}},"46":{"start":{"line":109,"column":2},"end":{"line":122,"column":null}},"47":{"start":{"line":110,"column":16},"end":{"line":116,"column":null}},"48":{"start":{"line":118,"column":3},"end":{"line":118,"column":30}},"49":{"start":{"line":120,"column":3},"end":{"line":120,"column":17}},"50":{"start":{"line":121,"column":3},"end":{"line":121,"column":53}},"51":{"start":{"line":129,"column":13},"end":{"line":209,"column":2}},"52":{"start":{"line":169,"column":2},"end":{"line":207,"column":null}},"53":{"start":{"line":170,"column":18},"end":{"line":170,"column":39}},"54":{"start":{"line":171,"column":3},"end":{"line":174,"column":null}},"55":{"start":{"line":172,"column":4},"end":{"line":172,"column":72}},"56":{"start":{"line":173,"column":4},"end":{"line":173,"column":11}},"57":{"start":{"line":176,"column":65},"end":{"line":176,"column":73}},"58":{"start":{"line":178,"column":18},"end":{"line":178,"column":66}},"59":{"start":{"line":180,"column":22},"end":{"line":180,"column":64}},"60":{"start":{"line":181,"column":3},"end":{"line":186,"column":null}},"61":{"start":{"line":182,"column":4},"end":{"line":184,"column":69}},"62":{"start":{"line":185,"column":4},"end":{"line":185,"column":11}},"63":{"start":{"line":188,"column":16},"end":{"line":199,"column":5}},"64":{"start":{"line":201,"column":3},"end":{"line":201,"column":21}},"65":{"start":{"line":203,"column":3},"end":{"line":203,"column":30}},"66":{"start":{"line":205,"column":3},"end":{"line":205,"column":17}},"67":{"start":{"line":206,"column":3},"end":{"line":206,"column":70}},"68":{"start":{"line":214,"column":13},"end":{"line":259,"column":2}},"69":{"start":{"line":216,"column":23},"end":{"line":216,"column":47}},"70":{"start":{"line":218,"column":2},"end":{"line":221,"column":null}},"71":{"start":{"line":219,"column":3},"end":{"line":219,"column":64}},"72":{"start":{"line":220,"column":3},"end":{"line":220,"column":10}},"73":{"start":{"line":223,"column":2},"end":{"line":243,"column":null}},"74":{"start":{"line":224,"column":19},"end":{"line":224,"column":null}},"75":{"start":{"line":228,"column":18},"end":{"line":228,"column":28}},"76":{"start":{"line":230,"column":16},"end":{"line":230,"column":43}},"77":{"start":{"line":231,"column":3},"end":{"line":234,"column":null}},"78":{"start":{"line":232,"column":4},"end":{"line":232,"column":66}},"79":{"start":{"line":233,"column":4},"end":{"line":233,"column":11}},"80":{"start":{"line":236,"column":3},"end":{"line":238,"column":5}},"81":{"start":{"line":237,"column":15},"end":{"line":237,"column":37}},"82":{"start":{"line":239,"column":3},"end":{"line":239,"column":21}},"83":{"start":{"line":241,"column":3},"end":{"line":241,"column":65}},"84":{"start":{"line":242,"column":3},"end":{"line":242,"column":10}},"85":{"start":{"line":245,"column":2},"end":{"line":249,"column":5}},"86":{"start":{"line":251,"column":2},"end":{"line":255,"column":5}},"87":{"start":{"line":257,"column":2},"end":{"line":257,"column":68}},"88":{"start":{"line":264,"column":13},"end":{"line":293,"column":2}},"89":{"start":{"line":266,"column":16},"end":{"line":266,"column":31}},"90":{"start":{"line":268,"column":2},"end":{"line":273,"column":null}},"91":{"start":{"line":269,"column":3},"end":{"line":271,"column":68}},"92":{"start":{"line":272,"column":3},"end":{"line":272,"column":10}},"93":{"start":{"line":275,"column":2},"end":{"line":291,"column":null}},"94":{"start":{"line":276,"column":19},"end":{"line":276,"column":65}},"95":{"start":{"line":277,"column":18},"end":{"line":277,"column":28}},"96":{"start":{"line":279,"column":16},"end":{"line":279,"column":60}},"97":{"start":{"line":280,"column":3},"end":{"line":285,"column":null}},"98":{"start":{"line":281,"column":4},"end":{"line":283,"column":66}},"99":{"start":{"line":284,"column":4},"end":{"line":284,"column":11}},"100":{"start":{"line":287,"column":3},"end":{"line":287,"column":57}},"101":{"start":{"line":289,"column":3},"end":{"line":289,"column":17}},"102":{"start":{"line":290,"column":3},"end":{"line":290,"column":74}},"103":{"start":{"line":298,"column":13},"end":{"line":356,"column":2}},"104":{"start":{"line":300,"column":16},"end":{"line":300,"column":40}},"105":{"start":{"line":301,"column":2},"end":{"line":304,"column":null}},"106":{"start":{"line":302,"column":3},"end":{"line":302,"column":64}},"107":{"start":{"line":303,"column":3},"end":{"line":303,"column":10}},"108":{"start":{"line":306,"column":27},"end":{"line":306,"column":31}},"109":{"start":{"line":307,"column":2},"end":{"line":319,"column":null}},"110":{"start":{"line":308,"column":18},"end":{"line":308,"column":73}},"111":{"start":{"line":309,"column":3},"end":{"line":309,"column":51}},"112":{"start":{"line":310,"column":3},"end":{"line":315,"column":null}},"113":{"start":{"line":311,"column":4},"end":{"line":313,"column":67}},"114":{"start":{"line":314,"column":4},"end":{"line":314,"column":11}},"115":{"start":{"line":317,"column":3},"end":{"line":317,"column":65}},"116":{"start":{"line":318,"column":3},"end":{"line":318,"column":10}},"117":{"start":{"line":321,"column":2},"end":{"line":354,"column":null}},"118":{"start":{"line":322,"column":22},"end":{"line":322,"column":60}},"119":{"start":{"line":323,"column":23},"end":{"line":325,"column":5}},"120":{"start":{"line":326,"column":27},"end":{"line":328,"column":5}},"121":{"start":{"line":330,"column":3},"end":{"line":330,"column":70}},"122":{"start":{"line":330,"column":57},"end":{"line":330,"column":68}},"123":{"start":{"line":331,"column":3},"end":{"line":331,"column":44}},"124":{"start":{"line":332,"column":3},"end":{"line":332,"column":21}},"125":{"start":{"line":334,"column":3},"end":{"line":339,"column":6}},"126":{"start":{"line":340,"column":3},"end":{"line":345,"column":6}},"127":{"start":{"line":347,"column":3},"end":{"line":347,"column":70}},"128":{"start":{"line":349,"column":3},"end":{"line":349,"column":17}},"129":{"start":{"line":350,"column":3},"end":{"line":353,"column":6}},"130":{"start":{"line":361,"column":13},"end":{"line":363,"column":3}},"131":{"start":{"line":365,"column":13},"end":{"line":374,"column":2}},"132":{"start":{"line":372,"column":2},"end":{"line":372,"column":42}},"133":{"start":{"line":379,"column":13},"end":{"line":381,"column":3}},"134":{"start":{"line":383,"column":13},"end":{"line":392,"column":2}},"135":{"start":{"line":390,"column":2},"end":{"line":390,"column":42}},"136":{"start":{"line":397,"column":13},"end":{"line":399,"column":3}},"137":{"start":{"line":401,"column":13},"end":{"line":409,"column":2}},"138":{"start":{"line":407,"column":2},"end":{"line":407,"column":42}},"139":{"start":{"line":414,"column":13},"end":{"line":458,"column":2}},"140":{"start":{"line":417,"column":32},"end":{"line":417,"column":42}},"141":{"start":{"line":418,"column":15},"end":{"line":418,"column":32}},"142":{"start":{"line":420,"column":2},"end":{"line":423,"column":null}},"143":{"start":{"line":421,"column":3},"end":{"line":421,"column":60}},"144":{"start":{"line":422,"column":3},"end":{"line":422,"column":10}},"145":{"start":{"line":425,"column":2},"end":{"line":428,"column":null}},"146":{"start":{"line":426,"column":3},"end":{"line":426,"column":66}},"147":{"start":{"line":427,"column":3},"end":{"line":427,"column":10}},"148":{"start":{"line":430,"column":27},"end":{"line":430,"column":31}},"149":{"start":{"line":431,"column":2},"end":{"line":456,"column":null}},"150":{"start":{"line":432,"column":3},"end":{"line":439,"column":null}},"151":{"start":{"line":433,"column":4},"end":{"line":435,"column":7}},"152":{"start":{"line":436,"column":4},"end":{"line":436,"column":40}},"153":{"start":{"line":437,"column":4},"end":{"line":437,"column":47}},"154":{"start":{"line":438,"column":4},"end":{"line":438,"column":11}},"155":{"start":{"line":441,"column":3},"end":{"line":441,"column":39}},"156":{"start":{"line":442,"column":3},"end":{"line":442,"column":39}},"157":{"start":{"line":443,"column":3},"end":{"line":443,"column":46}},"158":{"start":{"line":445,"column":3},"end":{"line":453,"column":null}},"159":{"start":{"line":446,"column":4},"end":{"line":446,"column":22}},"160":{"start":{"line":447,"column":4},"end":{"line":447,"column":66}},"161":{"start":{"line":449,"column":4},"end":{"line":449,"column":20}},"162":{"start":{"line":450,"column":4},"end":{"line":452,"column":75}},"163":{"start":{"line":455,"column":3},"end":{"line":455,"column":67}},"164":{"start":{"line":463,"column":13},"end":{"line":504,"column":2}},"165":{"start":{"line":465,"column":32},"end":{"line":465,"column":42}},"166":{"start":{"line":467,"column":2},"end":{"line":502,"column":null}},"167":{"start":{"line":468,"column":16},"end":{"line":470,"column":5}},"168":{"start":{"line":472,"column":3},"end":{"line":475,"column":null}},"169":{"start":{"line":473,"column":4},"end":{"line":473,"column":68}},"170":{"start":{"line":474,"column":4},"end":{"line":474,"column":11}},"171":{"start":{"line":477,"column":3},"end":{"line":480,"column":null}},"172":{"start":{"line":478,"column":4},"end":{"line":478,"column":67}},"173":{"start":{"line":479,"column":4},"end":{"line":479,"column":11}},"174":{"start":{"line":482,"column":28},"end":{"line":482,"column":32}},"175":{"start":{"line":483,"column":3},"end":{"line":488,"column":null}},"176":{"start":{"line":484,"column":4},"end":{"line":486,"column":7}},"177":{"start":{"line":487,"column":4},"end":{"line":487,"column":11}},"178":{"start":{"line":491,"column":3},"end":{"line":491,"column":39}},"179":{"start":{"line":492,"column":3},"end":{"line":492,"column":39}},"180":{"start":{"line":493,"column":3},"end":{"line":493,"column":46}},"181":{"start":{"line":494,"column":3},"end":{"line":494,"column":21}},"182":{"start":{"line":496,"column":3},"end":{"line":496,"column":26}},"183":{"start":{"line":498,"column":3},"end":{"line":498,"column":17}},"184":{"start":{"line":499,"column":3},"end":{"line":501,"column":74}},"185":{"start":{"line":509,"column":13},"end":{"line":541,"column":2}},"186":{"start":{"line":512,"column":15},"end":{"line":512,"column":32}},"187":{"start":{"line":514,"column":2},"end":{"line":517,"column":null}},"188":{"start":{"line":515,"column":3},"end":{"line":515,"column":63}},"189":{"start":{"line":516,"column":3},"end":{"line":516,"column":10}},"190":{"start":{"line":519,"column":31},"end":{"line":519,"column":48}},"191":{"start":{"line":520,"column":2},"end":{"line":525,"column":null}},"192":{"start":{"line":521,"column":3},"end":{"line":523,"column":6}},"193":{"start":{"line":524,"column":3},"end":{"line":524,"column":10}},"194":{"start":{"line":527,"column":2},"end":{"line":539,"column":null}},"195":{"start":{"line":528,"column":3},"end":{"line":528,"column":58}},"196":{"start":{"line":529,"column":23},"end":{"line":529,"column":71}},"197":{"start":{"line":530,"column":3},"end":{"line":532,"column":6}},"198":{"start":{"line":534,"column":3},"end":{"line":534,"column":17}},"199":{"start":{"line":535,"column":3},"end":{"line":538,"column":6}},"200":{"start":{"line":546,"column":13},"end":{"line":582,"column":2}},"201":{"start":{"line":553,"column":17},"end":{"line":553,"column":38}},"202":{"start":{"line":554,"column":2},"end":{"line":557,"column":null}},"203":{"start":{"line":555,"column":3},"end":{"line":555,"column":52}},"204":{"start":{"line":556,"column":3},"end":{"line":556,"column":10}},"205":{"start":{"line":559,"column":21},"end":{"line":559,"column":29}},"206":{"start":{"line":560,"column":17},"end":{"line":560,"column":63}},"207":{"start":{"line":562,"column":2},"end":{"line":580,"column":null}},"208":{"start":{"line":563,"column":16},"end":{"line":563,"column":56}},"209":{"start":{"line":564,"column":3},"end":{"line":569,"column":null}},"210":{"start":{"line":565,"column":4},"end":{"line":567,"column":7}},"211":{"start":{"line":568,"column":4},"end":{"line":568,"column":11}},"212":{"start":{"line":571,"column":3},"end":{"line":571,"column":61}},"213":{"start":{"line":572,"column":3},"end":{"line":574,"column":6}},"214":{"start":{"line":576,"column":3},"end":{"line":576,"column":17}},"215":{"start":{"line":577,"column":3},"end":{"line":579,"column":6}},"216":{"start":{"line":587,"column":13},"end":{"line":652,"column":2}},"217":{"start":{"line":604,"column":3},"end":{"line":606,"column":null}},"218":{"start":{"line":605,"column":4},"end":{"line":605,"column":47}},"219":{"start":{"line":607,"column":3},"end":{"line":607,"column":15}},"220":{"start":{"line":610,"column":17},"end":{"line":610,"column":38}},"221":{"start":{"line":611,"column":2},"end":{"line":614,"column":null}},"222":{"start":{"line":612,"column":3},"end":{"line":612,"column":52}},"223":{"start":{"line":613,"column":3},"end":{"line":613,"column":10}},"224":{"start":{"line":616,"column":26},"end":{"line":616,"column":34}},"225":{"start":{"line":618,"column":21},"end":{"line":618,"column":42}},"226":{"start":{"line":619,"column":2},"end":{"line":650,"column":null}},"227":{"start":{"line":620,"column":16},"end":{"line":620,"column":73}},"228":{"start":{"line":622,"column":3},"end":{"line":625,"column":null}},"229":{"start":{"line":623,"column":4},"end":{"line":623,"column":70}},"230":{"start":{"line":624,"column":4},"end":{"line":624,"column":11}},"231":{"start":{"line":627,"column":29},"end":{"line":627,"column":33}},"232":{"start":{"line":628,"column":3},"end":{"line":636,"column":null}},"233":{"start":{"line":632,"column":4},"end":{"line":634,"column":7}},"234":{"start":{"line":635,"column":4},"end":{"line":635,"column":11}},"235":{"start":{"line":638,"column":3},"end":{"line":638,"column":31}},"236":{"start":{"line":639,"column":3},"end":{"line":639,"column":40}},"237":{"start":{"line":640,"column":3},"end":{"line":640,"column":47}},"238":{"start":{"line":642,"column":3},"end":{"line":642,"column":21}},"239":{"start":{"line":644,"column":3},"end":{"line":644,"column":69}},"240":{"start":{"line":646,"column":3},"end":{"line":646,"column":17}},"241":{"start":{"line":647,"column":3},"end":{"line":649,"column":75}},"242":{"start":{"line":657,"column":13},"end":{"line":720,"column":2}},"243":{"start":{"line":675,"column":3},"end":{"line":677,"column":null}},"244":{"start":{"line":676,"column":4},"end":{"line":676,"column":46}},"245":{"start":{"line":678,"column":3},"end":{"line":678,"column":15}},"246":{"start":{"line":682,"column":17},"end":{"line":682,"column":38}},"247":{"start":{"line":683,"column":2},"end":{"line":686,"column":null}},"248":{"start":{"line":684,"column":3},"end":{"line":684,"column":52}},"249":{"start":{"line":685,"column":3},"end":{"line":685,"column":10}},"250":{"start":{"line":688,"column":15},"end":{"line":688,"column":32}},"251":{"start":{"line":689,"column":2},"end":{"line":692,"column":null}},"252":{"start":{"line":690,"column":3},"end":{"line":690,"column":59}},"253":{"start":{"line":691,"column":3},"end":{"line":691,"column":10}},"254":{"start":{"line":694,"column":2},"end":{"line":699,"column":null}},"255":{"start":{"line":695,"column":3},"end":{"line":697,"column":66}},"256":{"start":{"line":698,"column":3},"end":{"line":698,"column":10}},"257":{"start":{"line":701,"column":39},"end":{"line":701,"column":47}},"258":{"start":{"line":702,"column":2},"end":{"line":718,"column":null}},"259":{"start":{"line":703,"column":19},"end":{"line":703,"column":58}},"260":{"start":{"line":704,"column":3},"end":{"line":707,"column":null}},"261":{"start":{"line":705,"column":4},"end":{"line":705,"column":61}},"262":{"start":{"line":706,"column":4},"end":{"line":706,"column":11}},"263":{"start":{"line":709,"column":3},"end":{"line":709,"column":31}},"264":{"start":{"line":710,"column":3},"end":{"line":710,"column":21}},"265":{"start":{"line":712,"column":3},"end":{"line":712,"column":71}},"266":{"start":{"line":714,"column":3},"end":{"line":714,"column":17}},"267":{"start":{"line":715,"column":3},"end":{"line":717,"column":74}}},"fnMap":{"0":{"name":"(anonymous_1)","decl":{"start":{"line":16,"column":31},"end":{"line":16,"column":36}},"loc":{"start":{"line":16,"column":68},"end":{"line":60,"column":1}}},"1":{"name":"(anonymous_2)","decl":{"start":{"line":69,"column":2},"end":{"line":69,"column":7}},"loc":{"start":{"line":69,"column":60},"end":{"line":100,"column":3}}},"2":{"name":"(anonymous_3)","decl":{"start":{"line":81,"column":5},"end":{"line":81,"column":15}},"loc":{"start":{"line":81,"column":65},"end":{"line":94,"column":6}}},"3":{"name":"(anonymous_4)","decl":{"start":{"line":108,"column":1},"end":{"line":108,"column":6}},"loc":{"start":{"line":108,"column":39},"end":{"line":123,"column":2}}},"4":{"name":"(anonymous_5)","decl":{"start":{"line":168,"column":21},"end":{"line":168,"column":26}},"loc":{"start":{"line":168,"column":59},"end":{"line":208,"column":2}}},"5":{"name":"(anonymous_6)","decl":{"start":{"line":215,"column":1},"end":{"line":215,"column":6}},"loc":{"start":{"line":215,"column":59},"end":{"line":258,"column":2}}},"6":{"name":"(anonymous_7)","decl":{"start":{"line":237,"column":4},"end":{"line":237,"column":5}},"loc":{"start":{"line":237,"column":15},"end":{"line":237,"column":37}}},"7":{"name":"(anonymous_8)","decl":{"start":{"line":265,"column":1},"end":{"line":265,"column":6}},"loc":{"start":{"line":265,"column":39},"end":{"line":292,"column":2}}},"8":{"name":"(anonymous_9)","decl":{"start":{"line":299,"column":1},"end":{"line":299,"column":6}},"loc":{"start":{"line":299,"column":39},"end":{"line":355,"column":2}}},"9":{"name":"(anonymous_10)","decl":{"start":{"line":330,"column":50},"end":{"line":330,"column":51}},"loc":{"start":{"line":330,"column":57},"end":{"line":330,"column":68}}},"10":{"name":"(anonymous_11)","decl":{"start":{"line":371,"column":1},"end":{"line":371,"column":2}},"loc":{"start":{"line":371,"column":33},"end":{"line":373,"column":2}}},"11":{"name":"(anonymous_12)","decl":{"start":{"line":389,"column":1},"end":{"line":389,"column":2}},"loc":{"start":{"line":389,"column":33},"end":{"line":391,"column":2}}},"12":{"name":"(anonymous_13)","decl":{"start":{"line":406,"column":1},"end":{"line":406,"column":2}},"loc":{"start":{"line":406,"column":33},"end":{"line":408,"column":2}}},"13":{"name":"(anonymous_14)","decl":{"start":{"line":416,"column":21},"end":{"line":416,"column":26}},"loc":{"start":{"line":416,"column":59},"end":{"line":457,"column":2}}},"14":{"name":"(anonymous_15)","decl":{"start":{"line":464,"column":1},"end":{"line":464,"column":6}},"loc":{"start":{"line":464,"column":39},"end":{"line":503,"column":2}}},"15":{"name":"(anonymous_16)","decl":{"start":{"line":511,"column":21},"end":{"line":511,"column":26}},"loc":{"start":{"line":511,"column":59},"end":{"line":540,"column":2}}},"16":{"name":"(anonymous_17)","decl":{"start":{"line":552,"column":21},"end":{"line":552,"column":26}},"loc":{"start":{"line":552,"column":40},"end":{"line":581,"column":2}}},"17":{"name":"(anonymous_18)","decl":{"start":{"line":603,"column":10},"end":{"line":603,"column":11}},"loc":{"start":{"line":603,"column":39},"end":{"line":608,"column":3}}},"18":{"name":"(anonymous_19)","decl":{"start":{"line":609,"column":21},"end":{"line":609,"column":26}},"loc":{"start":{"line":609,"column":40},"end":{"line":651,"column":2}}},"19":{"name":"(anonymous_20)","decl":{"start":{"line":674,"column":10},"end":{"line":674,"column":11}},"loc":{"start":{"line":674,"column":39},"end":{"line":679,"column":3}}},"20":{"name":"(anonymous_21)","decl":{"start":{"line":681,"column":21},"end":{"line":681,"column":26}},"loc":{"start":{"line":681,"column":40},"end":{"line":719,"column":2}}}},"branchMap":{"0":{"loc":{"start":{"line":51,"column":1},"end":{"line":51,"column":75}},"type":"if","locations":[{"start":{"line":51,"column":1},"end":{"line":51,"column":75}}]},"1":{"loc":{"start":{"line":51,"column":5},"end":{"line":51,"column":66}},"type":"binary-expr","locations":[{"start":{"line":51,"column":5},"end":{"line":51,"column":15}},{"start":{"line":51,"column":19},"end":{"line":51,"column":37}},{"start":{"line":51,"column":41},"end":{"line":51,"column":66}}]},"2":{"loc":{"start":{"line":73,"column":4},"end":{"line":76,"column":null}},"type":"if","locations":[{"start":{"line":73,"column":4},"end":{"line":76,"column":null}}]},"3":{"loc":{"start":{"line":82,"column":6},"end":{"line":85,"column":null}},"type":"if","locations":[{"start":{"line":82,"column":6},"end":{"line":85,"column":null}}]},"4":{"loc":{"start":{"line":87,"column":6},"end":{"line":92,"column":null}},"type":"if","locations":[{"start":{"line":87,"column":6},"end":{"line":92,"column":null}}]},"5":{"loc":{"start":{"line":90,"column":25},"end":{"line":90,"column":62}},"type":"binary-expr","locations":[{"start":{"line":90,"column":25},"end":{"line":90,"column":37}},{"start":{"line":90,"column":41},"end":{"line":90,"column":62}}]},"6":{"loc":{"start":{"line":171,"column":3},"end":{"line":174,"column":null}},"type":"if","locations":[{"start":{"line":171,"column":3},"end":{"line":174,"column":null}}]},"7":{"loc":{"start":{"line":178,"column":18},"end":{"line":178,"column":66}},"type":"cond-expr","locations":[{"start":{"line":178,"column":43},"end":{"line":178,"column":50}},{"start":{"line":178,"column":53},"end":{"line":178,"column":66}}]},"8":{"loc":{"start":{"line":181,"column":3},"end":{"line":186,"column":null}},"type":"if","locations":[{"start":{"line":181,"column":3},"end":{"line":186,"column":null}}]},"9":{"loc":{"start":{"line":193,"column":14},"end":{"line":193,"column":45}},"type":"binary-expr","locations":[{"start":{"line":193,"column":14},"end":{"line":193,"column":32}},{"start":{"line":193,"column":36},"end":{"line":193,"column":45}}]},"10":{"loc":{"start":{"line":218,"column":2},"end":{"line":221,"column":null}},"type":"if","locations":[{"start":{"line":218,"column":2},"end":{"line":221,"column":null}}]},"11":{"loc":{"start":{"line":231,"column":3},"end":{"line":234,"column":null}},"type":"if","locations":[{"start":{"line":231,"column":3},"end":{"line":234,"column":null}}]},"12":{"loc":{"start":{"line":268,"column":2},"end":{"line":273,"column":null}},"type":"if","locations":[{"start":{"line":268,"column":2},"end":{"line":273,"column":null}}]},"13":{"loc":{"start":{"line":280,"column":3},"end":{"line":285,"column":null}},"type":"if","locations":[{"start":{"line":280,"column":3},"end":{"line":285,"column":null}}]},"14":{"loc":{"start":{"line":301,"column":2},"end":{"line":304,"column":null}},"type":"if","locations":[{"start":{"line":301,"column":2},"end":{"line":304,"column":null}}]},"15":{"loc":{"start":{"line":310,"column":3},"end":{"line":315,"column":null}},"type":"if","locations":[{"start":{"line":310,"column":3},"end":{"line":315,"column":null}}]},"16":{"loc":{"start":{"line":310,"column":7},"end":{"line":310,"column":56}},"type":"binary-expr","locations":[{"start":{"line":310,"column":7},"end":{"line":310,"column":12}},{"start":{"line":310,"column":16},"end":{"line":310,"column":56}}]},"17":{"loc":{"start":{"line":420,"column":2},"end":{"line":423,"column":null}},"type":"if","locations":[{"start":{"line":420,"column":2},"end":{"line":423,"column":null}}]},"18":{"loc":{"start":{"line":425,"column":2},"end":{"line":428,"column":null}},"type":"if","locations":[{"start":{"line":425,"column":2},"end":{"line":428,"column":null}}]},"19":{"loc":{"start":{"line":431,"column":2},"end":{"line":456,"column":null}},"type":"if","locations":[{"start":{"line":431,"column":2},"end":{"line":456,"column":null}},{"start":{"line":454,"column":9},"end":{"line":456,"column":null}}]},"20":{"loc":{"start":{"line":431,"column":6},"end":{"line":431,"column":62}},"type":"binary-expr","locations":[{"start":{"line":431,"column":6},"end":{"line":431,"column":18}},{"start":{"line":431,"column":22},"end":{"line":431,"column":62}}]},"21":{"loc":{"start":{"line":432,"column":3},"end":{"line":439,"column":null}},"type":"if","locations":[{"start":{"line":432,"column":3},"end":{"line":439,"column":null}}]},"22":{"loc":{"start":{"line":432,"column":7},"end":{"line":432,"column":74}},"type":"binary-expr","locations":[{"start":{"line":432,"column":7},"end":{"line":432,"column":32}},{"start":{"line":432,"column":36},"end":{"line":432,"column":74}}]},"23":{"loc":{"start":{"line":472,"column":3},"end":{"line":475,"column":null}},"type":"if","locations":[{"start":{"line":472,"column":3},"end":{"line":475,"column":null}}]},"24":{"loc":{"start":{"line":477,"column":3},"end":{"line":480,"column":null}},"type":"if","locations":[{"start":{"line":477,"column":3},"end":{"line":480,"column":null}}]},"25":{"loc":{"start":{"line":483,"column":3},"end":{"line":488,"column":null}},"type":"if","locations":[{"start":{"line":483,"column":3},"end":{"line":488,"column":null}}]},"26":{"loc":{"start":{"line":483,"column":7},"end":{"line":483,"column":74}},"type":"binary-expr","locations":[{"start":{"line":483,"column":7},"end":{"line":483,"column":32}},{"start":{"line":483,"column":36},"end":{"line":483,"column":74}}]},"27":{"loc":{"start":{"line":514,"column":2},"end":{"line":517,"column":null}},"type":"if","locations":[{"start":{"line":514,"column":2},"end":{"line":517,"column":null}}]},"28":{"loc":{"start":{"line":520,"column":2},"end":{"line":525,"column":null}},"type":"if","locations":[{"start":{"line":520,"column":2},"end":{"line":525,"column":null}}]},"29":{"loc":{"start":{"line":529,"column":23},"end":{"line":529,"column":71}},"type":"cond-expr","locations":[{"start":{"line":529,"column":42},"end":{"line":529,"column":52}},{"start":{"line":529,"column":55},"end":{"line":529,"column":71}}]},"30":{"loc":{"start":{"line":537,"column":5},"end":{"line":537,"column":72}},"type":"binary-expr","locations":[{"start":{"line":537,"column":5},"end":{"line":537,"column":16}},{"start":{"line":537,"column":20},"end":{"line":537,"column":72}}]},"31":{"loc":{"start":{"line":554,"column":2},"end":{"line":557,"column":null}},"type":"if","locations":[{"start":{"line":554,"column":2},"end":{"line":557,"column":null}}]},"32":{"loc":{"start":{"line":560,"column":17},"end":{"line":560,"column":63}},"type":"cond-expr","locations":[{"start":{"line":560,"column":40},"end":{"line":560,"column":47}},{"start":{"line":560,"column":50},"end":{"line":560,"column":63}}]},"33":{"loc":{"start":{"line":564,"column":3},"end":{"line":569,"column":null}},"type":"if","locations":[{"start":{"line":564,"column":3},"end":{"line":569,"column":null}}]},"34":{"loc":{"start":{"line":578,"column":13},"end":{"line":578,"column":66}},"type":"binary-expr","locations":[{"start":{"line":578,"column":13},"end":{"line":578,"column":24}},{"start":{"line":578,"column":28},"end":{"line":578,"column":66}}]},"35":{"loc":{"start":{"line":604,"column":3},"end":{"line":606,"column":null}},"type":"if","locations":[{"start":{"line":604,"column":3},"end":{"line":606,"column":null}}]},"36":{"loc":{"start":{"line":611,"column":2},"end":{"line":614,"column":null}},"type":"if","locations":[{"start":{"line":611,"column":2},"end":{"line":614,"column":null}}]},"37":{"loc":{"start":{"line":622,"column":3},"end":{"line":625,"column":null}},"type":"if","locations":[{"start":{"line":622,"column":3},"end":{"line":625,"column":null}}]},"38":{"loc":{"start":{"line":628,"column":3},"end":{"line":636,"column":null}},"type":"if","locations":[{"start":{"line":628,"column":3},"end":{"line":636,"column":null}}]},"39":{"loc":{"start":{"line":629,"column":4},"end":{"line":630,"column":43}},"type":"binary-expr","locations":[{"start":{"line":629,"column":4},"end":{"line":629,"column":30}},{"start":{"line":630,"column":4},"end":{"line":630,"column":43}}]},"40":{"loc":{"start":{"line":675,"column":3},"end":{"line":677,"column":null}},"type":"if","locations":[{"start":{"line":675,"column":3},"end":{"line":677,"column":null}}]},"41":{"loc":{"start":{"line":683,"column":2},"end":{"line":686,"column":null}},"type":"if","locations":[{"start":{"line":683,"column":2},"end":{"line":686,"column":null}}]},"42":{"loc":{"start":{"line":689,"column":2},"end":{"line":692,"column":null}},"type":"if","locations":[{"start":{"line":689,"column":2},"end":{"line":692,"column":null}}]},"43":{"loc":{"start":{"line":694,"column":2},"end":{"line":699,"column":null}},"type":"if","locations":[{"start":{"line":694,"column":2},"end":{"line":699,"column":null}}]},"44":{"loc":{"start":{"line":704,"column":3},"end":{"line":707,"column":null}},"type":"if","locations":[{"start":{"line":704,"column":3},"end":{"line":707,"column":null}}]}},"s":{"0":4,"1":4,"2":4,"3":4,"4":4,"5":4,"6":4,"7":4,"8":4,"9":4,"10":4,"11":4,"12":4,"13":4,"14":4,"15":4,"16":4,"17":4,"18":4,"19":4,"20":4,"21":4,"22":4,"23":0,"24":0,"25":0,"26":0,"27":0,"28":4,"29":4,"30":4,"31":4,"32":4,"33":0,"34":0,"35":4,"36":4,"37":0,"38":0,"39":4,"40":3,"41":3,"42":1,"43":0,"44":0,"45":4,"46":1,"47":1,"48":1,"49":0,"50":0,"51":4,"52":5,"53":5,"54":5,"55":2,"56":2,"57":3,"58":3,"59":3,"60":3,"61":1,"62":1,"63":2,"64":2,"65":2,"66":0,"67":0,"68":4,"69":3,"70":3,"71":1,"72":1,"73":2,"74":2,"75":1,"76":1,"77":1,"78":0,"79":0,"80":1,"81":1,"82":1,"83":1,"84":1,"85":1,"86":1,"87":1,"88":4,"89":4,"90":4,"91":1,"92":1,"93":3,"94":3,"95":2,"96":2,"97":2,"98":1,"99":1,"100":1,"101":1,"102":1,"103":4,"104":5,"105":5,"106":1,"107":1,"108":4,"109":4,"110":4,"111":3,"112":2,"113":0,"114":0,"115":2,"116":2,"117":2,"118":2,"119":2,"120":2,"121":2,"122":2,"123":2,"124":2,"125":1,"126":1,"127":1,"128":1,"129":1,"130":4,"131":4,"132":0,"133":4,"134":4,"135":0,"136":4,"137":4,"138":0,"139":4,"140":5,"141":5,"142":5,"143":1,"144":1,"145":4,"146":1,"147":1,"148":3,"149":3,"150":2,"151":1,"152":1,"153":1,"154":1,"155":1,"156":1,"157":1,"158":1,"159":1,"160":1,"161":0,"162":0,"163":1,"164":4,"165":5,"166":5,"167":5,"168":5,"169":2,"170":2,"171":3,"172":1,"173":1,"174":2,"175":2,"176":1,"177":1,"178":1,"179":1,"180":1,"181":1,"182":1,"183":0,"184":0,"185":4,"186":4,"187":4,"188":1,"189":1,"190":3,"191":3,"192":1,"193":1,"194":2,"195":2,"196":1,"197":1,"198":1,"199":1,"200":4,"201":4,"202":4,"203":1,"204":1,"205":3,"206":3,"207":3,"208":3,"209":3,"210":1,"211":1,"212":2,"213":1,"214":1,"215":1,"216":4,"217":6,"218":1,"219":5,"220":6,"221":6,"222":2,"223":2,"224":4,"225":4,"226":4,"227":4,"228":4,"229":1,"230":1,"231":3,"232":3,"233":1,"234":1,"235":2,"236":2,"237":2,"238":2,"239":1,"240":1,"241":1,"242":4,"243":8,"244":1,"245":7,"246":9,"247":9,"248":4,"249":4,"250":5,"251":5,"252":1,"253":1,"254":4,"255":1,"256":1,"257":3,"258":3,"259":3,"260":3,"261":1,"262":1,"263":2,"264":2,"265":1,"266":1,"267":1},"f":{"0":4,"1":4,"2":4,"3":1,"4":5,"5":3,"6":1,"7":4,"8":5,"9":2,"10":0,"11":0,"12":0,"13":5,"14":5,"15":4,"16":4,"17":6,"18":6,"19":8,"20":9},"b":{"0":[4],"1":[4,4,0],"2":[0],"3":[0],"4":[3],"5":[3,0],"6":[2],"7":[3,0],"8":[1],"9":[2,1],"10":[1],"11":[0],"12":[1],"13":[1],"14":[1],"15":[0],"16":[2,2],"17":[1],"18":[1],"19":[2,1],"20":[3,3],"21":[1],"22":[2,2],"23":[2],"24":[1],"25":[1],"26":[2,2],"27":[1],"28":[1],"29":[0,1],"30":[1,0],"31":[1],"32":[1,2],"33":[1],"34":[1,0],"35":[1],"36":[2],"37":[1],"38":[1],"39":[3,3],"40":[1],"41":[4],"42":[1],"43":[1],"44":[1]}}
,"/Users/jw/Desktop/repos/odin-book-backend/src/controllers/comment.controller.ts": {"path":"/Users/jw/Desktop/repos/odin-book-backend/src/controllers/comment.controller.ts","statementMap":{"0":{"start":{"line":1,"column":0},"end":{"line":1,"column":59}},"1":{"start":{"line":3,"column":0},"end":{"line":3,"column":26}},"2":{"start":{"line":4,"column":0},"end":{"line":4,"column":56}},"3":{"start":{"line":5,"column":0},"end":{"line":5,"column":32}},"4":{"start":{"line":6,"column":0},"end":{"line":6,"column":50}},"5":{"start":{"line":8,"column":0},"end":{"line":8,"column":46}},"6":{"start":{"line":9,"column":0},"end":{"line":9,"column":67}},"7":{"start":{"line":11,"column":0},"end":{"line":11,"column":40}},"8":{"start":{"line":13,"column":12},"end":{"line":13,"column":43}},"9":{"start":{"line":14,"column":17},"end":{"line":14,"column":50}},"10":{"start":{"line":19,"column":13},"end":{"line":76,"column":2}},"11":{"start":{"line":21,"column":2},"end":{"line":74,"column":null}},"12":{"start":{"line":22,"column":18},"end":{"line":22,"column":33}},"13":{"start":{"line":24,"column":54},"end":{"line":28,"column":5}},"14":{"start":{"line":30,"column":3},"end":{"line":33,"column":null}},"15":{"start":{"line":31,"column":4},"end":{"line":31,"column":56}},"16":{"start":{"line":32,"column":4},"end":{"line":32,"column":11}},"17":{"start":{"line":35,"column":25},"end":{"line":35,"column":76}},"18":{"start":{"line":37,"column":3},"end":{"line":40,"column":null}},"19":{"start":{"line":38,"column":19},"end":{"line":38,"column":55}},"20":{"start":{"line":39,"column":4},"end":{"line":39,"column":31}},"21":{"start":{"line":42,"column":3},"end":{"line":45,"column":null}},"22":{"start":{"line":43,"column":18},"end":{"line":43,"column":53}},"23":{"start":{"line":44,"column":4},"end":{"line":44,"column":31}},"24":{"start":{"line":48,"column":3},"end":{"line":63,"column":null}},"25":{"start":{"line":49,"column":17},"end":{"line":49,"column":43}},"26":{"start":{"line":50,"column":4},"end":{"line":62,"column":null}},"27":{"start":{"line":51,"column":5},"end":{"line":51,"column":54}},"28":{"start":{"line":52,"column":11},"end":{"line":62,"column":null}},"29":{"start":{"line":53,"column":5},"end":{"line":53,"column":57}},"30":{"start":{"line":54,"column":11},"end":{"line":62,"column":null}},"31":{"start":{"line":55,"column":5},"end":{"line":55,"column":58}},"32":{"start":{"line":56,"column":11},"end":{"line":62,"column":null}},"33":{"start":{"line":57,"column":5},"end":{"line":57,"column":43}},"34":{"start":{"line":58,"column":11},"end":{"line":62,"column":null}},"35":{"start":{"line":59,"column":5},"end":{"line":59,"column":56}},"36":{"start":{"line":61,"column":5},"end":{"line":61,"column":40}},"37":{"start":{"line":65,"column":20},"end":{"line":65,"column":46}},"38":{"start":{"line":67,"column":3},"end":{"line":70,"column":6}},"39":{"start":{"line":72,"column":3},"end":{"line":72,"column":19}},"40":{"start":{"line":73,"column":3},"end":{"line":73,"column":52}},"41":{"start":{"line":81,"column":13},"end":{"line":114,"column":2}},"42":{"start":{"line":83,"column":2},"end":{"line":112,"column":null}},"43":{"start":{"line":84,"column":27},"end":{"line":87,"column":5}},"44":{"start":{"line":89,"column":3},"end":{"line":92,"column":null}},"45":{"start":{"line":90,"column":4},"end":{"line":90,"column":56}},"46":{"start":{"line":91,"column":4},"end":{"line":91,"column":11}},"47":{"start":{"line":94,"column":3},"end":{"line":97,"column":null}},"48":{"start":{"line":95,"column":4},"end":{"line":95,"column":59}},"49":{"start":{"line":96,"column":4},"end":{"line":96,"column":11}},"50":{"start":{"line":99,"column":37},"end":{"line":99,"column":46}},"51":{"start":{"line":101,"column":19},"end":{"line":106,"column":11}},"52":{"start":{"line":108,"column":3},"end":{"line":108,"column":37}},"53":{"start":{"line":110,"column":3},"end":{"line":110,"column":19}},"54":{"start":{"line":111,"column":3},"end":{"line":111,"column":52}},"55":{"start":{"line":119,"column":13},"end":{"line":146,"column":2}},"56":{"start":{"line":121,"column":2},"end":{"line":144,"column":null}},"57":{"start":{"line":122,"column":27},"end":{"line":128,"column":5}},"58":{"start":{"line":130,"column":3},"end":{"line":133,"column":null}},"59":{"start":{"line":131,"column":4},"end":{"line":131,"column":56}},"60":{"start":{"line":132,"column":4},"end":{"line":132,"column":11}},"61":{"start":{"line":135,"column":3},"end":{"line":138,"column":null}},"62":{"start":{"line":136,"column":4},"end":{"line":136,"column":59}},"63":{"start":{"line":137,"column":4},"end":{"line":137,"column":11}},"64":{"start":{"line":140,"column":3},"end":{"line":140,"column":63}},"65":{"start":{"line":142,"column":3},"end":{"line":142,"column":19}},"66":{"start":{"line":143,"column":3},"end":{"line":143,"column":52}},"67":{"start":{"line":151,"column":13},"end":{"line":229,"column":2}},"68":{"start":{"line":155,"column":17},"end":{"line":155,"column":38}},"69":{"start":{"line":156,"column":2},"end":{"line":159,"column":null}},"70":{"start":{"line":157,"column":3},"end":{"line":157,"column":52}},"71":{"start":{"line":158,"column":3},"end":{"line":158,"column":10}},"72":{"start":{"line":161,"column":15},"end":{"line":161,"column":32}},"73":{"start":{"line":162,"column":2},"end":{"line":165,"column":null}},"74":{"start":{"line":163,"column":3},"end":{"line":163,"column":58}},"75":{"start":{"line":164,"column":3},"end":{"line":164,"column":10}},"76":{"start":{"line":167,"column":19},"end":{"line":167,"column":27}},"77":{"start":{"line":168,"column":19},"end":{"line":168,"column":29}},"78":{"start":{"line":169,"column":22},"end":{"line":169,"column":30}},"79":{"start":{"line":171,"column":18},"end":{"line":171,"column":38}},"80":{"start":{"line":172,"column":2},"end":{"line":172,"column":29}},"81":{"start":{"line":174,"column":2},"end":{"line":227,"column":null}},"82":{"start":{"line":175,"column":19},"end":{"line":183,"column":5}},"83":{"start":{"line":185,"column":22},"end":{"line":185,"column":42}},"84":{"start":{"line":187,"column":3},"end":{"line":193,"column":5}},"85":{"start":{"line":195,"column":18},"end":{"line":200,"column":5}},"86":{"start":{"line":202,"column":29},"end":{"line":213,"column":5}},"87":{"start":{"line":215,"column":3},"end":{"line":215,"column":37}},"88":{"start":{"line":217,"column":3},"end":{"line":219,"column":70}},"89":{"start":{"line":221,"column":3},"end":{"line":221,"column":36}},"90":{"start":{"line":223,"column":3},"end":{"line":223,"column":19}},"91":{"start":{"line":224,"column":3},"end":{"line":224,"column":52}},"92":{"start":{"line":226,"column":3},"end":{"line":226,"column":24}},"93":{"start":{"line":234,"column":13},"end":{"line":282,"column":2}},"94":{"start":{"line":238,"column":17},"end":{"line":238,"column":38}},"95":{"start":{"line":239,"column":2},"end":{"line":242,"column":null}},"96":{"start":{"line":240,"column":3},"end":{"line":240,"column":52}},"97":{"start":{"line":241,"column":3},"end":{"line":241,"column":10}},"98":{"start":{"line":244,"column":15},"end":{"line":244,"column":32}},"99":{"start":{"line":245,"column":2},"end":{"line":248,"column":null}},"100":{"start":{"line":246,"column":3},"end":{"line":246,"column":58}},"101":{"start":{"line":247,"column":3},"end":{"line":247,"column":10}},"102":{"start":{"line":250,"column":2},"end":{"line":280,"column":null}},"103":{"start":{"line":251,"column":27},"end":{"line":254,"column":5}},"104":{"start":{"line":256,"column":3},"end":{"line":259,"column":null}},"105":{"start":{"line":257,"column":4},"end":{"line":257,"column":56}},"106":{"start":{"line":258,"column":4},"end":{"line":258,"column":11}},"107":{"start":{"line":261,"column":3},"end":{"line":264,"column":null}},"108":{"start":{"line":262,"column":4},"end":{"line":262,"column":59}},"109":{"start":{"line":263,"column":4},"end":{"line":263,"column":11}},"110":{"start":{"line":266,"column":3},"end":{"line":271,"column":null}},"111":{"start":{"line":267,"column":4},"end":{"line":269,"column":7}},"112":{"start":{"line":270,"column":4},"end":{"line":270,"column":11}},"113":{"start":{"line":273,"column":3},"end":{"line":273,"column":38}},"114":{"start":{"line":274,"column":3},"end":{"line":274,"column":24}},"115":{"start":{"line":276,"column":3},"end":{"line":276,"column":65}},"116":{"start":{"line":278,"column":3},"end":{"line":278,"column":19}},"117":{"start":{"line":279,"column":3},"end":{"line":279,"column":52}},"118":{"start":{"line":287,"column":13},"end":{"line":331,"column":2}},"119":{"start":{"line":290,"column":15},"end":{"line":290,"column":32}},"120":{"start":{"line":292,"column":2},"end":{"line":295,"column":null}},"121":{"start":{"line":293,"column":3},"end":{"line":293,"column":58}},"122":{"start":{"line":294,"column":3},"end":{"line":294,"column":10}},"123":{"start":{"line":297,"column":2},"end":{"line":329,"column":null}},"124":{"start":{"line":298,"column":27},"end":{"line":301,"column":5}},"125":{"start":{"line":303,"column":3},"end":{"line":306,"column":null}},"126":{"start":{"line":304,"column":4},"end":{"line":304,"column":56}},"127":{"start":{"line":305,"column":4},"end":{"line":305,"column":11}},"128":{"start":{"line":308,"column":3},"end":{"line":311,"column":null}},"129":{"start":{"line":309,"column":4},"end":{"line":309,"column":59}},"130":{"start":{"line":310,"column":4},"end":{"line":310,"column":11}},"131":{"start":{"line":313,"column":3},"end":{"line":316,"column":null}},"132":{"start":{"line":314,"column":4},"end":{"line":314,"column":56}},"133":{"start":{"line":315,"column":4},"end":{"line":315,"column":11}},"134":{"start":{"line":318,"column":3},"end":{"line":318,"column":33}},"135":{"start":{"line":319,"column":3},"end":{"line":319,"column":28}},"136":{"start":{"line":320,"column":26},"end":{"line":320,"column":46}},"137":{"start":{"line":322,"column":3},"end":{"line":325,"column":6}},"138":{"start":{"line":327,"column":3},"end":{"line":327,"column":19}},"139":{"start":{"line":328,"column":3},"end":{"line":328,"column":52}},"140":{"start":{"line":336,"column":13},"end":{"line":402,"column":2}},"141":{"start":{"line":343,"column":17},"end":{"line":343,"column":38}},"142":{"start":{"line":344,"column":2},"end":{"line":347,"column":null}},"143":{"start":{"line":345,"column":3},"end":{"line":345,"column":52}},"144":{"start":{"line":346,"column":3},"end":{"line":346,"column":10}},"145":{"start":{"line":349,"column":15},"end":{"line":349,"column":32}},"146":{"start":{"line":350,"column":2},"end":{"line":353,"column":null}},"147":{"start":{"line":351,"column":3},"end":{"line":351,"column":58}},"148":{"start":{"line":352,"column":3},"end":{"line":352,"column":10}},"149":{"start":{"line":355,"column":18},"end":{"line":355,"column":38}},"150":{"start":{"line":356,"column":2},"end":{"line":356,"column":29}},"151":{"start":{"line":358,"column":2},"end":{"line":400,"column":null}},"152":{"start":{"line":359,"column":19},"end":{"line":359,"column":56}},"153":{"start":{"line":361,"column":3},"end":{"line":364,"column":null}},"154":{"start":{"line":362,"column":4},"end":{"line":362,"column":59}},"155":{"start":{"line":363,"column":4},"end":{"line":363,"column":11}},"156":{"start":{"line":366,"column":25},"end":{"line":366,"column":32}},"157":{"start":{"line":367,"column":22},"end":{"line":375,"column":5}},"158":{"start":{"line":377,"column":3},"end":{"line":377,"column":27}},"159":{"start":{"line":379,"column":3},"end":{"line":379,"column":40}},"160":{"start":{"line":380,"column":3},"end":{"line":380,"column":24}},"161":{"start":{"line":382,"column":3},"end":{"line":388,"column":5}},"162":{"start":{"line":390,"column":3},"end":{"line":390,"column":37}},"163":{"start":{"line":392,"column":3},"end":{"line":392,"column":40}},"164":{"start":{"line":394,"column":3},"end":{"line":394,"column":36}},"165":{"start":{"line":396,"column":3},"end":{"line":396,"column":19}},"166":{"start":{"line":397,"column":3},"end":{"line":397,"column":52}},"167":{"start":{"line":399,"column":3},"end":{"line":399,"column":24}},"168":{"start":{"line":407,"column":13},"end":{"line":469,"column":2}},"169":{"start":{"line":411,"column":17},"end":{"line":411,"column":38}},"170":{"start":{"line":412,"column":2},"end":{"line":415,"column":null}},"171":{"start":{"line":413,"column":3},"end":{"line":413,"column":52}},"172":{"start":{"line":414,"column":3},"end":{"line":414,"column":10}},"173":{"start":{"line":417,"column":15},"end":{"line":417,"column":32}},"174":{"start":{"line":418,"column":2},"end":{"line":421,"column":null}},"175":{"start":{"line":419,"column":3},"end":{"line":419,"column":58}},"176":{"start":{"line":420,"column":3},"end":{"line":420,"column":10}},"177":{"start":{"line":423,"column":19},"end":{"line":423,"column":27}},"178":{"start":{"line":425,"column":2},"end":{"line":467,"column":null}},"179":{"start":{"line":426,"column":27},"end":{"line":429,"column":5}},"180":{"start":{"line":431,"column":3},"end":{"line":434,"column":null}},"181":{"start":{"line":432,"column":4},"end":{"line":432,"column":56}},"182":{"start":{"line":433,"column":4},"end":{"line":433,"column":11}},"183":{"start":{"line":436,"column":3},"end":{"line":439,"column":null}},"184":{"start":{"line":437,"column":4},"end":{"line":437,"column":59}},"185":{"start":{"line":438,"column":4},"end":{"line":438,"column":11}},"186":{"start":{"line":441,"column":28},"end":{"line":444,"column":5}},"187":{"start":{"line":446,"column":3},"end":{"line":459,"column":null}},"188":{"start":{"line":447,"column":21},"end":{"line":451,"column":6}},"189":{"start":{"line":453,"column":26},"end":{"line":453,"column":47}},"190":{"start":{"line":455,"column":4},"end":{"line":455,"column":69}},"191":{"start":{"line":457,"column":4},"end":{"line":457,"column":33}},"192":{"start":{"line":458,"column":4},"end":{"line":458,"column":34}},"193":{"start":{"line":461,"column":3},"end":{"line":461,"column":24}},"194":{"start":{"line":463,"column":3},"end":{"line":463,"column":64}},"195":{"start":{"line":465,"column":3},"end":{"line":465,"column":19}},"196":{"start":{"line":466,"column":3},"end":{"line":466,"column":52}},"197":{"start":{"line":474,"column":13},"end":{"line":525,"column":2}},"198":{"start":{"line":477,"column":15},"end":{"line":477,"column":32}},"199":{"start":{"line":478,"column":2},"end":{"line":481,"column":null}},"200":{"start":{"line":479,"column":3},"end":{"line":479,"column":58}},"201":{"start":{"line":480,"column":3},"end":{"line":480,"column":10}},"202":{"start":{"line":483,"column":2},"end":{"line":523,"column":null}},"203":{"start":{"line":484,"column":27},"end":{"line":487,"column":5}},"204":{"start":{"line":489,"column":3},"end":{"line":492,"column":null}},"205":{"start":{"line":490,"column":4},"end":{"line":490,"column":56}},"206":{"start":{"line":491,"column":4},"end":{"line":491,"column":11}},"207":{"start":{"line":494,"column":3},"end":{"line":497,"column":null}},"208":{"start":{"line":495,"column":4},"end":{"line":495,"column":59}},"209":{"start":{"line":496,"column":4},"end":{"line":496,"column":11}},"210":{"start":{"line":499,"column":28},"end":{"line":502,"column":5}},"211":{"start":{"line":504,"column":3},"end":{"line":509,"column":null}},"212":{"start":{"line":505,"column":4},"end":{"line":507,"column":64}},"213":{"start":{"line":508,"column":4},"end":{"line":508,"column":11}},"214":{"start":{"line":511,"column":3},"end":{"line":511,"column":58}},"215":{"start":{"line":513,"column":3},"end":{"line":515,"column":5}},"216":{"start":{"line":514,"column":18},"end":{"line":514,"column":73}},"217":{"start":{"line":517,"column":3},"end":{"line":517,"column":24}},"218":{"start":{"line":519,"column":3},"end":{"line":519,"column":66}},"219":{"start":{"line":521,"column":3},"end":{"line":521,"column":19}},"220":{"start":{"line":522,"column":3},"end":{"line":522,"column":52}}},"fnMap":{"0":{"name":"(anonymous_7)","decl":{"start":{"line":20,"column":1},"end":{"line":20,"column":6}},"loc":{"start":{"line":20,"column":39},"end":{"line":75,"column":2}}},"1":{"name":"(anonymous_8)","decl":{"start":{"line":82,"column":1},"end":{"line":82,"column":6}},"loc":{"start":{"line":82,"column":39},"end":{"line":113,"column":2}}},"2":{"name":"(anonymous_9)","decl":{"start":{"line":120,"column":1},"end":{"line":120,"column":6}},"loc":{"start":{"line":120,"column":39},"end":{"line":145,"column":2}}},"3":{"name":"(anonymous_10)","decl":{"start":{"line":154,"column":21},"end":{"line":154,"column":26}},"loc":{"start":{"line":154,"column":59},"end":{"line":228,"column":2}}},"4":{"name":"(anonymous_11)","decl":{"start":{"line":237,"column":21},"end":{"line":237,"column":26}},"loc":{"start":{"line":237,"column":59},"end":{"line":281,"column":2}}},"5":{"name":"(anonymous_12)","decl":{"start":{"line":289,"column":21},"end":{"line":289,"column":26}},"loc":{"start":{"line":289,"column":59},"end":{"line":330,"column":2}}},"6":{"name":"(anonymous_13)","decl":{"start":{"line":342,"column":21},"end":{"line":342,"column":26}},"loc":{"start":{"line":342,"column":59},"end":{"line":401,"column":2}}},"7":{"name":"(anonymous_14)","decl":{"start":{"line":410,"column":21},"end":{"line":410,"column":26}},"loc":{"start":{"line":410,"column":59},"end":{"line":468,"column":2}}},"8":{"name":"(anonymous_15)","decl":{"start":{"line":476,"column":21},"end":{"line":476,"column":26}},"loc":{"start":{"line":476,"column":59},"end":{"line":524,"column":2}}},"9":{"name":"(anonymous_16)","decl":{"start":{"line":514,"column":4},"end":{"line":514,"column":5}},"loc":{"start":{"line":514,"column":18},"end":{"line":514,"column":73}}}},"branchMap":{"0":{"loc":{"start":{"line":30,"column":3},"end":{"line":33,"column":null}},"type":"if","locations":[{"start":{"line":30,"column":3},"end":{"line":33,"column":null}}]},"1":{"loc":{"start":{"line":37,"column":3},"end":{"line":40,"column":null}},"type":"if","locations":[{"start":{"line":37,"column":3},"end":{"line":40,"column":null}}]},"2":{"loc":{"start":{"line":42,"column":3},"end":{"line":45,"column":null}},"type":"if","locations":[{"start":{"line":42,"column":3},"end":{"line":45,"column":null}}]},"3":{"loc":{"start":{"line":48,"column":3},"end":{"line":63,"column":null}},"type":"if","locations":[{"start":{"line":48,"column":3},"end":{"line":63,"column":null}}]},"4":{"loc":{"start":{"line":50,"column":4},"end":{"line":62,"column":null}},"type":"if","locations":[{"start":{"line":50,"column":4},"end":{"line":62,"column":null}},{"start":{"line":52,"column":11},"end":{"line":62,"column":null}}]},"5":{"loc":{"start":{"line":52,"column":11},"end":{"line":62,"column":null}},"type":"if","locations":[{"start":{"line":52,"column":11},"end":{"line":62,"column":null}},{"start":{"line":54,"column":11},"end":{"line":62,"column":null}}]},"6":{"loc":{"start":{"line":54,"column":11},"end":{"line":62,"column":null}},"type":"if","locations":[{"start":{"line":54,"column":11},"end":{"line":62,"column":null}},{"start":{"line":56,"column":11},"end":{"line":62,"column":null}}]},"7":{"loc":{"start":{"line":56,"column":11},"end":{"line":62,"column":null}},"type":"if","locations":[{"start":{"line":56,"column":11},"end":{"line":62,"column":null}},{"start":{"line":58,"column":11},"end":{"line":62,"column":null}}]},"8":{"loc":{"start":{"line":58,"column":11},"end":{"line":62,"column":null}},"type":"if","locations":[{"start":{"line":58,"column":11},"end":{"line":62,"column":null}},{"start":{"line":60,"column":11},"end":{"line":62,"column":null}}]},"9":{"loc":{"start":{"line":89,"column":3},"end":{"line":92,"column":null}},"type":"if","locations":[{"start":{"line":89,"column":3},"end":{"line":92,"column":null}}]},"10":{"loc":{"start":{"line":94,"column":3},"end":{"line":97,"column":null}},"type":"if","locations":[{"start":{"line":94,"column":3},"end":{"line":97,"column":null}}]},"11":{"loc":{"start":{"line":99,"column":11},"end":{"line":99,"column":20}},"type":"default-arg","locations":[{"start":{"line":99,"column":19},"end":{"line":99,"column":20}}]},"12":{"loc":{"start":{"line":99,"column":22},"end":{"line":99,"column":32}},"type":"default-arg","locations":[{"start":{"line":99,"column":31},"end":{"line":99,"column":32}}]},"13":{"loc":{"start":{"line":130,"column":3},"end":{"line":133,"column":null}},"type":"if","locations":[{"start":{"line":130,"column":3},"end":{"line":133,"column":null}}]},"14":{"loc":{"start":{"line":135,"column":3},"end":{"line":138,"column":null}},"type":"if","locations":[{"start":{"line":135,"column":3},"end":{"line":138,"column":null}}]},"15":{"loc":{"start":{"line":156,"column":2},"end":{"line":159,"column":null}},"type":"if","locations":[{"start":{"line":156,"column":2},"end":{"line":159,"column":null}}]},"16":{"loc":{"start":{"line":162,"column":2},"end":{"line":165,"column":null}},"type":"if","locations":[{"start":{"line":162,"column":2},"end":{"line":165,"column":null}}]},"17":{"loc":{"start":{"line":239,"column":2},"end":{"line":242,"column":null}},"type":"if","locations":[{"start":{"line":239,"column":2},"end":{"line":242,"column":null}}]},"18":{"loc":{"start":{"line":245,"column":2},"end":{"line":248,"column":null}},"type":"if","locations":[{"start":{"line":245,"column":2},"end":{"line":248,"column":null}}]},"19":{"loc":{"start":{"line":256,"column":3},"end":{"line":259,"column":null}},"type":"if","locations":[{"start":{"line":256,"column":3},"end":{"line":259,"column":null}}]},"20":{"loc":{"start":{"line":261,"column":3},"end":{"line":264,"column":null}},"type":"if","locations":[{"start":{"line":261,"column":3},"end":{"line":264,"column":null}}]},"21":{"loc":{"start":{"line":266,"column":3},"end":{"line":271,"column":null}},"type":"if","locations":[{"start":{"line":266,"column":3},"end":{"line":271,"column":null}}]},"22":{"loc":{"start":{"line":292,"column":2},"end":{"line":295,"column":null}},"type":"if","locations":[{"start":{"line":292,"column":2},"end":{"line":295,"column":null}}]},"23":{"loc":{"start":{"line":303,"column":3},"end":{"line":306,"column":null}},"type":"if","locations":[{"start":{"line":303,"column":3},"end":{"line":306,"column":null}}]},"24":{"loc":{"start":{"line":308,"column":3},"end":{"line":311,"column":null}},"type":"if","locations":[{"start":{"line":308,"column":3},"end":{"line":311,"column":null}}]},"25":{"loc":{"start":{"line":313,"column":3},"end":{"line":316,"column":null}},"type":"if","locations":[{"start":{"line":313,"column":3},"end":{"line":316,"column":null}}]},"26":{"loc":{"start":{"line":344,"column":2},"end":{"line":347,"column":null}},"type":"if","locations":[{"start":{"line":344,"column":2},"end":{"line":347,"column":null}}]},"27":{"loc":{"start":{"line":350,"column":2},"end":{"line":353,"column":null}},"type":"if","locations":[{"start":{"line":350,"column":2},"end":{"line":353,"column":null}}]},"28":{"loc":{"start":{"line":361,"column":3},"end":{"line":364,"column":null}},"type":"if","locations":[{"start":{"line":361,"column":3},"end":{"line":364,"column":null}}]},"29":{"loc":{"start":{"line":412,"column":2},"end":{"line":415,"column":null}},"type":"if","locations":[{"start":{"line":412,"column":2},"end":{"line":415,"column":null}}]},"30":{"loc":{"start":{"line":418,"column":2},"end":{"line":421,"column":null}},"type":"if","locations":[{"start":{"line":418,"column":2},"end":{"line":421,"column":null}}]},"31":{"loc":{"start":{"line":431,"column":3},"end":{"line":434,"column":null}},"type":"if","locations":[{"start":{"line":431,"column":3},"end":{"line":434,"column":null}}]},"32":{"loc":{"start":{"line":436,"column":3},"end":{"line":439,"column":null}},"type":"if","locations":[{"start":{"line":436,"column":3},"end":{"line":439,"column":null}}]},"33":{"loc":{"start":{"line":446,"column":3},"end":{"line":459,"column":null}},"type":"if","locations":[{"start":{"line":446,"column":3},"end":{"line":459,"column":null}},{"start":{"line":456,"column":10},"end":{"line":459,"column":null}}]},"34":{"loc":{"start":{"line":478,"column":2},"end":{"line":481,"column":null}},"type":"if","locations":[{"start":{"line":478,"column":2},"end":{"line":481,"column":null}}]},"35":{"loc":{"start":{"line":489,"column":3},"end":{"line":492,"column":null}},"type":"if","locations":[{"start":{"line":489,"column":3},"end":{"line":492,"column":null}}]},"36":{"loc":{"start":{"line":494,"column":3},"end":{"line":497,"column":null}},"type":"if","locations":[{"start":{"line":494,"column":3},"end":{"line":497,"column":null}}]},"37":{"loc":{"start":{"line":504,"column":3},"end":{"line":509,"column":null}},"type":"if","locations":[{"start":{"line":504,"column":3},"end":{"line":509,"column":null}}]}},"s":{"0":4,"1":4,"2":4,"3":4,"4":4,"5":4,"6":4,"7":4,"8":4,"9":4,"10":4,"11":7,"12":7,"13":7,"14":6,"15":1,"16":1,"17":5,"18":5,"19":2,"20":2,"21":5,"22":2,"23":2,"24":5,"25":0,"26":0,"27":0,"28":0,"29":0,"30":0,"31":0,"32":0,"33":0,"34":0,"35":0,"36":0,"37":5,"38":5,"39":1,"40":1,"41":4,"42":8,"43":8,"44":8,"45":1,"46":1,"47":7,"48":1,"49":1,"50":6,"51":6,"52":5,"53":1,"54":1,"55":4,"56":4,"57":4,"58":3,"59":1,"60":1,"61":2,"62":1,"63":1,"64":1,"65":1,"66":1,"67":4,"68":4,"69":4,"70":1,"71":1,"72":3,"73":3,"74":1,"75":1,"76":2,"77":2,"78":2,"79":2,"80":2,"81":2,"82":2,"83":2,"84":1,"85":1,"86":1,"87":1,"88":1,"89":1,"90":1,"91":1,"92":2,"93":4,"94":7,"95":7,"96":1,"97":1,"98":6,"99":6,"100":1,"101":1,"102":5,"103":5,"104":5,"105":1,"106":1,"107":4,"108":1,"109":1,"110":3,"111":1,"112":1,"113":2,"114":2,"115":1,"116":1,"117":1,"118":4,"119":6,"120":6,"121":1,"122":1,"123":5,"124":5,"125":5,"126":1,"127":1,"128":4,"129":1,"130":1,"131":3,"132":1,"133":1,"134":2,"135":2,"136":2,"137":1,"138":1,"139":1,"140":4,"141":0,"142":0,"143":0,"144":0,"145":0,"146":0,"147":0,"148":0,"149":0,"150":0,"151":0,"152":0,"153":0,"154":0,"155":0,"156":0,"157":0,"158":0,"159":0,"160":0,"161":0,"162":0,"163":0,"164":0,"165":0,"166":0,"167":0,"168":4,"169":6,"170":6,"171":1,"172":1,"173":5,"174":5,"175":1,"176":1,"177":4,"178":4,"179":4,"180":4,"181":1,"182":1,"183":3,"184":1,"185":1,"186":2,"187":2,"188":2,"189":2,"190":2,"191":0,"192":0,"193":2,"194":1,"195":1,"196":1,"197":4,"198":6,"199":6,"200":1,"201":1,"202":5,"203":5,"204":5,"205":1,"206":1,"207":4,"208":1,"209":1,"210":3,"211":3,"212":1,"213":1,"214":2,"215":2,"216":3,"217":2,"218":1,"219":1,"220":1},"f":{"0":7,"1":8,"2":4,"3":4,"4":7,"5":6,"6":0,"7":6,"8":6,"9":3},"b":{"0":[1],"1":[2],"2":[2],"3":[0],"4":[0,0],"5":[0,0],"6":[0,0],"7":[0,0],"8":[0,0],"9":[1],"10":[1],"11":[4],"12":[4],"13":[1],"14":[1],"15":[1],"16":[1],"17":[1],"18":[1],"19":[1],"20":[1],"21":[1],"22":[1],"23":[1],"24":[1],"25":[1],"26":[0],"27":[0],"28":[0],"29":[1],"30":[1],"31":[1],"32":[1],"33":[2,0],"34":[1],"35":[1],"36":[1],"37":[1]}}
,"/Users/jw/Desktop/repos/odin-book-backend/src/controllers/post.controller.ts": {"path":"/Users/jw/Desktop/repos/odin-book-backend/src/controllers/post.controller.ts","statementMap":{"0":{"start":{"line":1,"column":0},"end":{"line":1,"column":59}},"1":{"start":{"line":6,"column":0},"end":{"line":6,"column":32}},"2":{"start":{"line":7,"column":0},"end":{"line":7,"column":26}},"3":{"start":{"line":9,"column":0},"end":{"line":9,"column":40}},"4":{"start":{"line":10,"column":0},"end":{"line":10,"column":62}},"5":{"start":{"line":11,"column":0},"end":{"line":11,"column":56}},"6":{"start":{"line":13,"column":0},"end":{"line":13,"column":52}},"7":{"start":{"line":14,"column":0},"end":{"line":14,"column":67}},"8":{"start":{"line":17,"column":12},"end":{"line":17,"column":40}},"9":{"start":{"line":18,"column":17},"end":{"line":18,"column":47}},"10":{"start":{"line":26,"column":13},"end":{"line":51,"column":2}},"11":{"start":{"line":28,"column":2},"end":{"line":49,"column":null}},"12":{"start":{"line":29,"column":17},"end":{"line":29,"column":36}},"13":{"start":{"line":30,"column":22},"end":{"line":30,"column":54}},"14":{"start":{"line":31,"column":22},"end":{"line":33,"column":28}},"15":{"start":{"line":35,"column":3},"end":{"line":38,"column":null}},"16":{"start":{"line":36,"column":19},"end":{"line":36,"column":55}},"17":{"start":{"line":37,"column":4},"end":{"line":37,"column":28}},"18":{"start":{"line":39,"column":3},"end":{"line":42,"column":null}},"19":{"start":{"line":40,"column":18},"end":{"line":40,"column":53}},"20":{"start":{"line":41,"column":4},"end":{"line":41,"column":28}},"21":{"start":{"line":44,"column":17},"end":{"line":44,"column":40}},"22":{"start":{"line":45,"column":3},"end":{"line":45,"column":64}},"23":{"start":{"line":47,"column":3},"end":{"line":47,"column":19}},"24":{"start":{"line":48,"column":3},"end":{"line":48,"column":52}},"25":{"start":{"line":56,"column":13},"end":{"line":78,"column":2}},"26":{"start":{"line":58,"column":2},"end":{"line":76,"column":null}},"27":{"start":{"line":59,"column":16},"end":{"line":70,"column":6}},"28":{"start":{"line":72,"column":3},"end":{"line":72,"column":34}},"29":{"start":{"line":74,"column":3},"end":{"line":74,"column":19}},"30":{"start":{"line":75,"column":3},"end":{"line":75,"column":52}},"31":{"start":{"line":87,"column":13},"end":{"line":137,"column":2}},"32":{"start":{"line":91,"column":17},"end":{"line":91,"column":38}},"33":{"start":{"line":92,"column":2},"end":{"line":95,"column":null}},"34":{"start":{"line":93,"column":3},"end":{"line":93,"column":52}},"35":{"start":{"line":94,"column":3},"end":{"line":94,"column":10}},"36":{"start":{"line":97,"column":17},"end":{"line":97,"column":34}},"37":{"start":{"line":98,"column":2},"end":{"line":101,"column":null}},"38":{"start":{"line":99,"column":3},"end":{"line":99,"column":59}},"39":{"start":{"line":100,"column":3},"end":{"line":100,"column":10}},"40":{"start":{"line":111,"column":6},"end":{"line":111,"column":14}},"41":{"start":{"line":117,"column":15},"end":{"line":127,"column":4}},"42":{"start":{"line":129,"column":2},"end":{"line":135,"column":null}},"43":{"start":{"line":130,"column":3},"end":{"line":130,"column":21}},"44":{"start":{"line":131,"column":3},"end":{"line":131,"column":34}},"45":{"start":{"line":133,"column":3},"end":{"line":133,"column":19}},"46":{"start":{"line":134,"column":3},"end":{"line":134,"column":58}},"47":{"start":{"line":142,"column":13},"end":{"line":201,"column":2}},"48":{"start":{"line":146,"column":17},"end":{"line":146,"column":38}},"49":{"start":{"line":147,"column":2},"end":{"line":150,"column":null}},"50":{"start":{"line":148,"column":3},"end":{"line":148,"column":52}},"51":{"start":{"line":149,"column":3},"end":{"line":149,"column":10}},"52":{"start":{"line":152,"column":15},"end":{"line":152,"column":32}},"53":{"start":{"line":153,"column":2},"end":{"line":156,"column":null}},"54":{"start":{"line":154,"column":3},"end":{"line":154,"column":58}},"55":{"start":{"line":155,"column":3},"end":{"line":155,"column":10}},"56":{"start":{"line":166,"column":6},"end":{"line":166,"column":14}},"57":{"start":{"line":168,"column":2},"end":{"line":199,"column":null}},"58":{"start":{"line":169,"column":16},"end":{"line":169,"column":50}},"59":{"start":{"line":170,"column":3},"end":{"line":173,"column":null}},"60":{"start":{"line":171,"column":4},"end":{"line":171,"column":56}},"61":{"start":{"line":172,"column":4},"end":{"line":172,"column":11}},"62":{"start":{"line":175,"column":3},"end":{"line":183,"column":null}},"63":{"start":{"line":179,"column":4},"end":{"line":181,"column":7}},"64":{"start":{"line":182,"column":4},"end":{"line":182,"column":11}},"65":{"start":{"line":185,"column":3},"end":{"line":185,"column":30}},"66":{"start":{"line":186,"column":3},"end":{"line":186,"column":34}},"67":{"start":{"line":187,"column":3},"end":{"line":187,"column":26}},"68":{"start":{"line":188,"column":3},"end":{"line":188,"column":22}},"69":{"start":{"line":189,"column":3},"end":{"line":189,"column":26}},"70":{"start":{"line":190,"column":3},"end":{"line":190,"column":30}},"71":{"start":{"line":191,"column":3},"end":{"line":191,"column":26}},"72":{"start":{"line":193,
[...]
line":48,"column":null}},"22":{"start":{"line":50,"column":3},"end":{"line":54,"column":6}},"23":{"start":{"line":55,"column":3},"end":{"line":59,"column":6}},"24":{"start":{"line":62,"column":2},"end":{"line":70,"column":null}},"25":{"start":{"line":67,"column":3},"end":{"line":67,"column":66}},"26":{"start":{"line":68,"column":3},"end":{"line":68,"column":30}},"27":{"start":{"line":69,"column":3},"end":{"line":69,"column":48}},"28":{"start":{"line":72,"column":2},"end":{"line":81,"column":null}},"29":{"start":{"line":78,"column":3},"end":{"line":78,"column":66}},"30":{"start":{"line":79,"column":3},"end":{"line":79,"column":22}},"31":{"start":{"line":80,"column":3},"end":{"line":80,"column":26}},"32":{"start":{"line":83,"column":2},"end":{"line":91,"column":null}},"33":{"start":{"line":88,"column":3},"end":{"line":88,"column":66}},"34":{"start":{"line":89,"column":3},"end":{"line":89,"column":22}},"35":{"start":{"line":90,"column":3},"end":{"line":90,"column":26}},"36":{"start":{"line":94,"column":2},"end":{"line":103,"column":null}},"37":{"start":{"line":101,"column":3},"end":{"line":101,"column":21}},"38":{"start":{"line":102,"column":3},"end":{"line":102,"column":60}},"39":{"start":{"line":105,"column":2},"end":{"line":108,"column":null}},"40":{"start":{"line":106,"column":3},"end":{"line":106,"column":16}},"41":{"start":{"line":107,"column":3},"end":{"line":107,"column":60}},"42":{"start":{"line":111,"column":2},"end":{"line":122,"column":null}},"43":{"start":{"line":116,"column":3},"end":{"line":120,"column":6}},"44":{"start":{"line":121,"column":3},"end":{"line":121,"column":30}},"45":{"start":{"line":124,"column":21},"end":{"line":128,"column":4}},"46":{"start":{"line":129,"column":2},"end":{"line":136,"column":null}},"47":{"start":{"line":135,"column":3},"end":{"line":135,"column":31}},"48":{"start":{"line":137,"column":2},"end":{"line":144,"column":null}},"49":{"start":{"line":143,"column":3},"end":{"line":143,"column":31}},"50":{"start":{"line":146,"column":19},"end":{"line":150,"column":4}},"51":{"start":{"line":151,"column":2},"end":{"line":153,"column":null}},"52":{"start":{"line":152,"column":3},"end":{"line":152,"column":29}},"53":{"start":{"line":155,"column":2},"end":{"line":157,"column":null}},"54":{"start":{"line":156,"column":3},"end":{"line":156,"column":29}},"55":{"start":{"line":159,"column":2},"end":{"line":159,"column":15}},"56":{"start":{"line":162,"column":32},"end":{"line":162,"column":58}},"57":{"start":{"line":163,"column":38},"end":{"line":163,"column":70}},"58":{"start":{"line":164,"column":30},"end":{"line":164,"column":60}},"59":{"start":{"line":166,"column":1},"end":{"line":172,"column":3}},"60":{"start":{"line":10,"column":13},"end":{"line":10,"column":29}}},"fnMap":{"0":{"name":"(anonymous_0)","decl":{"start":{"line":10,"column":29},"end":{"line":10,"column":32}},"loc":{"start":{"line":10,"column":34},"end":{"line":173,"column":1}}}},"branchMap":{"0":{"loc":{"start":{"line":44,"column":2},"end":{"line":60,"column":null}},"type":"if","locations":[{"start":{"line":44,"column":2},"end":{"line":60,"column":null}}]},"1":{"loc":{"start":{"line":62,"column":2},"end":{"line":70,"column":null}},"type":"if","locations":[{"start":{"line":62,"column":2},"end":{"line":70,"column":null}}]},"2":{"loc":{"start":{"line":63,"column":3},"end":{"line":65,"column":31}},"type":"binary-expr","locations":[{"start":{"line":63,"column":3},"end":{"line":63,"column":19}},{"start":{"line":64,"column":3},"end":{"line":64,"column":23}},{"start":{"line":65,"column":3},"end":{"line":65,"column":31}}]},"3":{"loc":{"start":{"line":72,"column":2},"end":{"line":81,"column":null}},"type":"if","locations":[{"start":{"line":72,"column":2},"end":{"line":81,"column":null}}]},"4":{"loc":{"start":{"line":73,"column":3},"end":{"line":76,"column":25}},"type":"binary-expr","locations":[{"start":{"line":73,"column":3},"end":{"line":73,"column":43}},{"start":{"line":74,"column":3},"end":{"line":74,"column":30}},{"start":{"line":75,"column":3},"end":{"line":75,"column":17}},{"start":{"line":76,"column":3},"end":{"line":76,"column":25}}]},"5":{"loc":{"start":{"line":83,"column":2},"end":{"line":91,"column":null}},"type":"if","locations":[{"start":{"line":83,"column":2},"end":{"line":91,"column":null}}]},"6":{"loc":{"start":{"line":84,"column":3},"end":{"line":86,"column":25}},"type":"binary-expr","locations":[{"start":{"line":84,"column":3},"end":{"line":84,"column":42}},{"start":{"line":85,"column":3},"end":{"line":85,"column":30}},{"start":{"line":86,"column":3},"end":{"line":86,"column":25}}]},"7":{"loc":{"start":{"line":94,"column":2},"end":{"line":103,"column":null}},"type":"if","locations":[{"start":{"line":94,"column":2},"end":{"line":103,"column":null}}]},"8":{"loc":{"start":{"line":95,"column":3},"end":{"line":99,"column":19}},"type":"binary-expr","locations":[{"start":{"line":95,"column":3},"end":{"line":95,"column":19}},{"start":{"line":96,"column":3},"end":{"line":96,"column":14}},{"start":{"line":97,"column":3},"end":{"line":97,"column":18}},{"start":{"line":98,"column":3},"end":{"line":98,"column":30}},{"start":{"line":99,"column":3},"end":{"line":99,"column":19}}]},"9":{"loc":{"start":{"line":105,"column":2},"end":{"line":108,"column":null}},"type":"if","locations":[{"start":{"line":105,"column":2},"end":{"line":108,"column":null}}]},"10":{"loc":{"start":{"line":105,"column":6},"end":{"line":105,"column":67}},"type":"binary-expr","locations":[{"start":{"line":105,"column":6},"end":{"line":105,"column":22}},{"start":{"line":105,"column":26},"end":{"line":105,"column":36}},{"start":{"line":105,"column":40},"end":{"line":105,"column":67}}]},"11":{"loc":{"start":{"line":111,"column":2},"end":{"line":122,"column":null}},"type":"if","locations":[{"start":{"line":111,"column":2},"end":{"line":122,"column":null}}]},"12":{"loc":{"start":{"line":112,"column":3},"end":{"line":114,"column":23}},"type":"binary-expr","locations":[{"start":{"line":112,"column":3},"end":{"line":112,"column":19}},{"start":{"line":113,"column":3},"end":{"line":113,"column":30}},{"start":{"line":114,"column":3},"end":{"line":114,"column":23}}]},"13":{"loc":{"start":{"line":129,"column":2},"end":{"line":136,"column":null}},"type":"if","locations":[{"start":{"line":129,"column":2},"end":{"line":136,"column":null}}]},"14":{"loc":{"start":{"line":130,"column":3},"end":{"line":133,"column":22}},"type":"binary-expr","locations":[{"start":{"line":130,"column":3},"end":{"line":130,"column":19}},{"start":{"line":131,"column":3},"end":{"line":131,"column":19}},{"start":{"line":132,"column":3},"end":{"line":132,"column":31}},{"start":{"line":133,"column":3},"end":{"line":133,"column":22}}]},"15":{"loc":{"start":{"line":137,"column":2},"end":{"line":144,"column":null}},"type":"if","locations":[{"start":{"line":137,"column":2},"end":{"line":144,"column":null}}]},"16":{"loc":{"start":{"line":138,"column":3},"end":{"line":141,"column":22}},"type":"binary-expr","locations":[{"start":{"line":138,"column":3},"end":{"line":138,"column":19}},{"start":{"line":139,"column":3},"end":{"line":139,"column":19}},{"start":{"line":140,"column":3},"end":{"line":140,"column":31}},{"start":{"line":141,"column":3},"end":{"line":141,"column":22}}]},"17":{"loc":{"start":{"line":151,"column":2},"end":{"line":153,"column":null}},"type":"if","locations":[{"start":{"line":151,"column":2},"end":{"line":153,"column":null}}]},"18":{"loc":{"start":{"line":151,"column":6},"end":{"line":151,"column":55}},"type":"binary-expr","locations":[{"start":{"line":151,"column":6},"end":{"line":151,"column":22}},{"start":{"line":151,"column":26},"end":{"line":151,"column":55}}]},"19":{"loc":{"start":{"line":155,"column":2},"end":{"line":157,"column":null}},"type":"if","locations":[{"start":{"line":155,"column":2},"end":{"line":157,"column":null}}]},"20":{"loc":{"start":{"line":155,"column":6},"end":{"line":155,"column":54}},"type":"binary-expr","locations":[{"start":{"line":155,"column":6},"end":{"line":155,"column":22}},{"start":{"line":155,"column":26},"end":{"line":155,"column":54}}]}},"s":{"0":3,"1":3,"2":3,"3":26,"4":26,"5":26,"6":26,"7":26,"8":26,"9":26,"10":26,"11":26,"12":26,"13":26,"14":26,"15":26,"16":26,"17":26,"18":1325,"19":64,"20":64,"21":64,"22":64,"23":64,"24":1325,"25":24,"26":24,"27":24,"28":1325,"29":12,"30":12,"31":12,"32":1325,"33":9,"34":9,"35":9,"36":1325,"37":17,"38":17,"39":1325,"40":52,"41":52,"42":1325,"43":23,"44":23,"45":1325,"46":1325,"47":23,"48":1325,"49":4,"50":1325,"51":1325,"52":67,"53":1325,"54":29,"55":1325,"56":26,"57":26,"58":26,"59":26,"60":3},"f":{"0":26},"b":{"0":[64],"1":[24],"2":[1325,863,25],"3":[12],"4":[1325,37,30,12],"5":[9],"6":[1325,677,78],"7":[17],"8":[1325,767,203,22,17],"9":[52],"10":[1325,744,567],"11":[23],"12":[1325,815,150],"13":[23],"14":[1325,767,197,28],"15":[4],"16":[1325,570,193,6],"17":[67],"18":[1325,815],"19":[29],"20":[1325,591]}}
,"/Users/jw/Desktop/repos/odin-book-backend/tools/populateDbs/users/utils/userOptions.ts": {"path":"/Users/jw/Desktop/repos/odin-book-backend/tools/populateDbs/users/utils/userOptions.ts","statementMap":{"0":{"start":{"line":1,"column":13},"end":{"line":7,"column":2}},"1":{"start":{"line":9,"column":13},"end":{"line":21,"column":2}},"2":{"start":{"line":23,"column":13},"end":{"line":169,"column":2}},"3":{"start":{"line":171,"column":13},"end":{"line":182,"column":2}},"4":{"start":{"line":184,"column":13},"end":{"line":205,"column":2}},"5":{"start":{"line":207,"column":13},"end":{"line":218,"column":2}}},"fnMap":{},"branchMap":{},"s":{"0":3,"1":3,"2":3,"3":3,"4":3,"5":3},"f":{},"b":{}}
,"/Users/jw/Desktop/repos/odin-book-backend/tools/populateDbs/utils/clearDatabase.ts": {"path":"/Users/jw/Desktop/repos/odin-book-backend/tools/populateDbs/utils/clearDatabase.ts","statementMap":{"0":{"start":{"line":1,"column":0},"end":{"line":1,"column":61}},"1":{"start":{"line":2,"column":0},"end":{"line":2,"column":50}},"2":{"start":{"line":3,"column":0},"end":{"line":3,"column":56}},"3":{"start":{"line":4,"column":0},"end":{"line":4,"column":58}},"4":{"start":{"line":6,"column":22},"end":{"line":11,"column":1}},"5":{"start":{"line":7,"column":1},"end":{"line":7,"column":27}},"6":{"start":{"line":8,"column":1},"end":{"line":8,"column":27}},"7":{"start":{"line":9,"column":1},"end":{"line":9,"column":30}},"8":{"start":{"line":10,"column":1},"end":{"line":10,"column":31}},"9":{"start":{"line":13,"column":0},"end":{"line":13,"column":29}}},"fnMap":{"0":{"name":"(anonymous_1)","decl":{"start":{"line":6,"column":22},"end":{"line":6,"column":27}},"loc":{"start":{"line":6,"column":33},"end":{"line":11,"column":1}}}},"branchMap":{},"s":{"0":4,"1":4,"2":4,"3":4,"4":4,"5":4,"6":4,"7":4,"8":4,"9":4},"f":{"0":4},"b":{}}
,"/Users/jw/Desktop/repos/odin-book-backend/tools/populateDbs/utils/populateHelperFunctions.ts": {"path":"/Users/jw/Desktop/repos/odin-book-backend/tools/populateDbs/utils/populateHelperFunctions.ts","statementMap":{"0":{"start":{"line":1,"column":0},"end":{"line":1,"column":40}},"1":{"start":{"line":2,"column":0},"end":{"line":2,"column":26}},"2":{"start":{"line":5,"column":12},"end":{"line":5,"column":48}},"3":{"start":{"line":7,"column":28},"end":{"line":7,"column":72}},"4":{"start":{"line":7,"column":41},"end":{"line":7,"column":72}},"5":{"start":{"line":7,"column":13},"end":{"line":7,"column":28}},"6":{"start":{"line":9,"column":37},"end":{"line":11,"column":1}},"7":{"start":{"line":10,"column":1},"end":{"line":10,"column":38}},"8":{"start":{"line":9,"column":13},"end":{"line":9,"column":37}},"9":{"start":{"line":17,"column":43},"end":{"line":31,"column":1}},"10":{"start":{"line":21,"column":22},"end":{"line":21,"column":51}},"11":{"start":{"line":23,"column":1},"end":{"line":23,"column":45}},"12":{"start":{"line":23,"column":21},"end":{"line":23,"column":45}},"13":{"start":{"line":25,"column":1},"end":{"line":30,"column":null}},"14":{"start":{"line":25,"column":36},"end":{"line":25,"column":71}},"15":{"start":{"line":27,"column":2},"end":{"line":29,"column":4}},"16":{"start":{"line":17,"column":13},"end":{"line":17,"column":43}},"17":{"start":{"line":33,"column":38},"end":{"line":40,"column":1}},"18":{"start":{"line":34,"column":17},"end":{"line":34,"column":25}},"19":{"start":{"line":35,"column":1},"end":{"line":38,"column":null}},"20":{"start":{"line":35,"column":14},"end":{"line":35,"column":32}},"21":{"start":{"line":36,"column":12},"end":{"line":36,"column":47}},"22":{"start":{"line":37,"column":2},"end":{"line":37,"column":54}},"23":{"start":{"line":39,"column":1},"end":{"line":39,"column":30}},"24":{"start":{"line":33,"column":13},"end":{"line":33,"column":38}},"25":{"start":{"line":42,"column":44},"end":{"line":55,"column":1}},"26":{"start":{"line":47,"column":17},"end":{"line":47,"column":25}},"27":{"start":{"line":48,"column":1},"end":{"line":51,"column":null}},"28":{"start":{"line":48,"column":14},"end":{"line":48,"column":32}},"29":{"start":{"line":49,"column":12},"end":{"line":49,"column":47}},"30":{"start":{"line":50,"column":2},"end":{"line":50,"column":54}},"31":{"start":{"line":52,"column":1},"end":{"line":54,"column":4}},"32":{"start":{"line":53,"column":2},"end":{"line":53,"column":56}},"33":{"start":{"line":42,"column":13},"end":{"line":42,"column":44}},"34":{"start":{"line":57,"column":29},"end":{"line":58,"column":40}},"35":{"start":{"line":58,"column":1},"end":{"line":58,"column":40}},"36":{"start":{"line":57,"column":13},"end":{"line":57,"column":29}},"37":{"start":{"line":61,"column":27},"end":{"line":74,"column":1}},"38":{"start":{"line":67,"column":23},"end":{"line":68,"column":null}},"39":{"start":{"line":68,"column":2},"end":{"line":68,"column":29}},"40":{"start":{"line":70,"column":1},"end":{"line":73,"column":5}},"41":{"start":{"line":70,"column":44},"end":{"line":73,"column":3}},"42":{"start":{"line":61,"column":13},"end":{"line":61,"column":27}},"43":{"start":{"line":76,"column":33},"end":{"line":88,"column":1}},"44":{"start":{"line":79,"column":1},"end":{"line":87,"column":4}},"45":{"start":{"line":80,"column":41},"end":{"line":80,"column":46}},"46":{"start":{"line":81,"column":2},"end":{"line":86,"column":4}},"47":{"start":{"line":76,"column":13},"end":{"line":76,"column":33}},"48":{"start":{"line":90,"column":37},"end":{"line":94,"column":1}},"49":{"start":{"line":91,"column":19},"end":{"line":91,"column":49}},"50":{"start":{"line":92,"column":17},"end":{"line":92,"column":49}},"51":{"start":{"line":93,"column":1},"end":{"line":93,"column":61}},"52":{"start":{"line":90,"column":13},"end":{"line":90,"column":37}},"53":{"start":{"line":96,"column":34},"end":{"line":107,"column":1}},"54":{"start":{"line":100,"column":21},"end":{"line":100,"column":45}},"55":{"start":{"line":101,"column":14},"end":{"line":104,"column":3}},"56":{"start":{"line":105,"column":19},"end":{"line":105,"column":46}},"57":{"start":{"line":106,"column":1},"end":{"line":106,"column":40}},"58":{"start":{"line":96,"column":13},"end":{"line":96,"column":34}}},"fnMap":{"0":{"name":"(anonymous_1)","decl":{"start":{"line":7,"column":28},"end":{"line":7,"column":29}},"loc":{"start":{"line":7,"column":41},"end":{"line":7,"column":72}}},"1":{"name":"(anonymous_2)","decl":{"start":{"line":9,"column":37},"end":{"line":9,"column":41}},"loc":{"start":{"line":9,"column":53},"end":{"line":11,"column":1}}},"2":{"name":"(anonymous_3)","decl":{"start":{"line":17,"column":43},"end":{"line":17,"column":null}},"loc":{"start":{"line":20,"column":4},"end":{"line":31,"column":1}}},"3":{"name":"(anonymous_4)","decl":{"start":{"line":33,"column":38},"end":{"line":33,"column":42}},"loc":{"start":{"line":33,"column":63},"end":{"line":40,"column":1}}},"4":{"name":"(anonymous_5)","decl":{"start":{"line":42,"column":44},"end":{"line":42,"column":null}},"loc":{"start":{"line":46,"column":4},"end":{"line":55,"column":1}}},"5":{"name":"(anonymous_6)","decl":{"start":{"line":52,"column":34},"end":{"line":52,"column":35}},"loc":{"start":{"line":52,"column":43},"end":{"line":54,"column":2}}},"6":{"name":"(anonymous_7)","decl":{"start":{"line":57,"column":29},"end":{"line":57,"column":30}},"loc":{"start":{"line":58,"column":1},"end":{"line":58,"column":40}}},"7":{"name":"(anonymous_8)","decl":{"start":{"line":61,"column":27},"end":{"line":61,"column":null}},"loc":{"start":{"line":66,"column":6},"end":{"line":74,"column":1}}},"8":{"name":"(anonymous_9)","decl":{"start":{"line":67,"column":41},"end":{"line":67,"column":42}},"loc":{"start":{"line":68,"column":2},"end":{"line":68,"column":29}}},"9":{"name":"(anonymous_10)","decl":{"start":{"line":70,"column":26},"end":{"line":70,"column":27}},"loc":{"start":{"line":70,"column":44},"end":{"line":73,"column":3}}},"10":{"name":"(anonymous_11)","decl":{"start":{"line":76,"column":33},"end":{"line":76,"column":null}},"loc":{"start":{"line":78,"column":4},"end":{"line":88,"column":1}}},"11":{"name":"(anonymous_12)","decl":{"start":{"line":79,"column":24},"end":{"line":79,"column":25}},"loc":{"start":{"line":79,"column":41},"end":{"line":87,"column":2}}},"12":{"name":"(anonymous_13)","decl":{"start":{"line":90,"column":37},"end":{"line":90,"column":38}},"loc":{"start":{"line":90,"column":60},"end":{"line":94,"column":1}}},"13":{"name":"(anonymous_14)","decl":{"start":{"line":96,"column":34},"end":{"line":96,"column":null}},"loc":{"start":{"line":99,"column":20},"end":{"line":107,"column":1}}}},"branchMap":{"0":{"loc":{"start":{"line":7,"column":29},"end":{"line":7,"column":36}},"type":"default-arg","locations":[{"start":{"line":7,"column":35},"end":{"line":7,"column":36}}]},"1":{"loc":{"start":{"line":23,"column":1},"end":{"line":23,"column":45}},"type":"if","locations":[{"start":{"line":23,"column":1},"end":{"line":23,"column":45}}]},"2":{"loc":{"start":{"line":25,"column":1},"end":{"line":30,"column":null}},"type":"if","locations":[{"start":{"line":25,"column":1},"end":{"line":30,"column":null}},{"start":{"line":26,"column":6},"end":{"line":30,"column":null}}]},"3":{"loc":{"start":{"line":33,"column":52},"end":{"line":33,"column":59}},"type":"default-arg","locations":[{"start":{"line":33,"column":58},"end":{"line":33,"column":59}}]},"4":{"loc":{"start":{"line":44,"column":1},"end":{"line":44,"column":8}},"type":"default-arg","locations":[{"start":{"line":44,"column":7},"end":{"line":44,"column":8}}]},"5":{"loc":{"start":{"line":53,"column":9},"end":{"line":53,"column":55}},"type":"cond-expr","locations":[{"start":{"line":53,"column":25},"end":{"line":53,"column":44}},{"start":{"line":53,"column":47},"end":{"line":53,"column":55}}]},"6":{"loc":{"start":{"line":72,"column":11},"end":{"line":72,"column":43}},"type":"binary-expr","locations":[{"start":{"line":72,"column":11},"end":{"line":72,"column":35}},{"start":{"line":72,"column":39},"end":{"line":72,"column":43}}]},"7":{"loc":{"start":{"line":85,"column":17},"end":{"line":85,"column":60}},"type":"binary-expr","locations":[{"start":{"line":85,"column":17},"end":{"line":85,"column":52}},{"start":{"line":85,"column":56},"end":{"line":85,"column":60}}]},"8":{"loc":{"start":{"line":97,"column":1},"end":{"line":97,"column":12}},"type":"default-arg","locations":[{"start":{"line":97,"column":10},"end":{"line":97,"column":12}}]},"9":{"loc":{"start":{"line":98,"column":1},"end":{"line":98,"column":12}},"type":"default-arg","locations":[{"start":{"line":98,"column":10},"end":{"line":98,"column":12}}]}},"s":{"0":3,"1":3,"2":3,"3":3,"4":724,"5":3,"6":3,"7":490,"8":3,"9":3,"10":2,"11":2,"12":0,"13":2,"14":2,"15":0,"16":3,"17":3,"18":254,"19":254,"20":254,"21":1144,"22":1144,"23":254,"24":3,"25":3,"26":13,"27":13,"28":13,"29":42,"30":42,"31":13,"32":30,"33":3,"34":3,"35":50,"36":3,"37":3,"38":52,"39":114,"40":52,"41":114,"42":3,"43":3,"44":26,"45":90,"46":90,"47":3,"48":3,"49":2877,"50":2877,"51":2877,"52":3,"53":3,"54":26,"55":26,"56":26,"57":26,"58":3},"f":{"0":724,"1":490,"2":2,"3":254,"4":13,"5":30,"6":50,"7":52,"8":114,"9":114,"10":26,"11":90,"12":2877,"13":26},"b":{"0":[71],"1":[0],"2":[2,0],"3":[0],"4":[0],"5":[0,30],"6":[114,41],"7":[90,26],"8":[26],"9":[26]}}
}
