TN:
SF:src/config/database.ts
FN:7,(anonymous_1)
FN:11,(anonymous_2)
FN:15,(anonymous_3)
FN:31,(anonymous_4)
FNF:4
FNH:3
FNDA:4,(anonymous_1)
FNDA:4,(anonymous_2)
FNDA:0,(anonymous_3)
FNDA:4,(anonymous_4)
DA:1,4
DA:2,4
DA:3,4
DA:5,4
DA:7,4
DA:8,4
DA:9,4
DA:11,4
DA:12,4
DA:15,4
DA:16,0
DA:17,0
DA:20,4
DA:22,4
DA:23,4
DA:24,4
DA:26,0
DA:27,0
DA:31,4
DA:32,4
DA:33,4
DA:34,4
DA:36,0
LF:23
LH:18
BRF:0
BRH:0
end_of_record
TN:
SF:src/config/envVariables.ts
FN:5,(anonymous_1)
FNF:1
FNH:1
FNDA:84,(anonymous_1)
DA:1,4
DA:3,4
DA:5,4
DA:6,84
DA:7,84
DA:8,0
DA:9,0
DA:11,84
DA:14,4
DA:16,4
DA:18,4
DA:22,4
DA:24,4
DA:26,4
DA:30,4
DA:34,4
DA:36,4
DA:38,4
DA:40,4
DA:44,4
DA:46,4
DA:50,4
DA:52,4
DA:54,4
DA:56,4
DA:58,4
DA:60,4
DA:62,4
DA:67,4
DA:70,4
LF:30
LH:28
BRDA:7,0,0,0
BRDA:14,1,0,4
BRDA:14,1,1,4
BRDA:63,2,0,0
BRDA:63,2,1,4
BRDA:71,3,0,0
BRDA:71,3,1,4
BRDA:73,4,0,0
BRDA:73,4,1,4
BRF:9
BRH:5
end_of_record
TN:
SF:src/config/nodemailer.ts
FN:14,(anonymous_1)
FN:19,(anonymous_2)
FN:22,(anonymous_3)
FN:57,(anonymous_4)
FN:60,(anonymous_5)
FN:86,(anonymous_6)
FN:95,(anonymous_7)
FN:103,(anonymous_8)
FNF:8
FNH:1
FNDA:9,(anonymous_1)
FNDA:0,(anonymous_2)
FNDA:0,(anonymous_3)
FNDA:0,(anonymous_4)
FNDA:0,(anonymous_5)
FNDA:0,(anonymous_6)
FNDA:0,(anonymous_7)
FNDA:0,(anonymous_8)
DA:1,4
DA:2,4
DA:4,4
DA:6,4
DA:14,9
DA:19,4
DA:20,0
DA:22,4
DA:26,0
DA:57,4
DA:58,0
DA:60,4
DA:64,0
DA:86,4
DA:87,0
DA:88,0
DA:89,0
DA:91,0
DA:95,4
DA:99,0
DA:100,0
DA:103,4
DA:107,0
DA:108,0
LF:24
LH:12
BRF:0
BRH:0
end_of_record
TN:
SF:src/config/twilio.ts
FN:11,(anonymous_1)
FN:16,(anonymous_2)
FN:30,(anonymous_3)
FN:33,(anonymous_4)
FN:43,(anonymous_5)
FN:46,(anonymous_6)
FN:56,(anonymous_7)
FN:64,(anonymous_8)
FNF:8
FNH:1
FNDA:13,(anonymous_1)
FNDA:0,(anonymous_2)
FNDA:0,(anonymous_3)
FNDA:0,(anonymous_4)
FNDA:0,(anonymous_5)
FNDA:0,(anonymous_6)
FNDA:0,(anonymous_7)
FNDA:0,(anonymous_8)
DA:1,4
DA:2,4
DA:9,4
DA:11,13
DA:16,4
DA:17,0
DA:18,0
DA:24,0
DA:26,0
DA:30,4
DA:31,0
DA:33,4
DA:34,0
DA:43,4
DA:44,0
DA:46,4
DA:47,0
DA:56,4
DA:60,0
DA:61,0
DA:64,4
DA:68,0
DA:69,0
LF:23
LH:11
BRF:0
BRH:0
end_of_record
TN:
SF:src/controllers/auth.controller.ts
FN:17,(anonymous_1)
FN:70,(anonymous_2)
FN:82,(anonymous_3)
FN:109,(anonymous_4)
FN:169,(anonymous_5)
FN:216,(anonymous_6)
FN:238,(anonymous_7)
FN:266,(anonymous_8)
FN:301,(anonymous_9)
FN:332,(anonymous_10)
FN:373,(anonymous_11)
FN:391,(anonymous_12)
FN:408,(anonymous_13)
FN:418,(anonymous_14)
FN:478,(anonymous_15)
FN:531,(anonymous_16)
FN:568,(anonymous_17)
FN:619,(anonymous_18)
FN:625,(anonymous_19)
FN:690,(anonymous_20)
FN:697,(anonymous_21)
FNF:21
FNH:18
FNDA:4,(anonymous_1)
FNDA:4,(anonymous_2)
FNDA:4,(anonymous_3)
FNDA:1,(anonymous_4)
FNDA:5,(anonymous_5)
FNDA:3,(anonymous_6)
FNDA:1,(anonymous_7)
FNDA:4,(anonymous_8)
FNDA:5,(anonymous_9)
FNDA:2,(anonymous_10)
FNDA:0,(anonymous_11)
FNDA:0,(anonymous_12)
FNDA:0,(anonymous_13)
FNDA:4,(anonymous_14)
FNDA:6,(anonymous_15)
FNDA:3,(anonymous_16)
FNDA:4,(anonymous_17)
FNDA:6,(anonymous_18)
FNDA:6,(anonymous_19)
FNDA:8,(anonymous_20)
FNDA:8,(anonymous_21)
DA:1,4
DA:3,4
DA:4,4
DA:5,4
DA:6,4
DA:8,4
DA:9,4
DA:10,4
DA:11,4
DA:13,4
DA:14,4
DA:17,4
DA:18,4
DA:20,4
DA:24,4
DA:28,4
DA:29,4
DA:31,4
DA:38,4
DA:45,4
DA:46,4
DA:51,4
DA:52,4
DA:54,0
DA:55,0
DA:57,0
DA:58,0
DA:59,0
DA:66,4
DA:71,4
DA:72,4
DA:74,4
DA:75,0
DA:76,0
DA:79,4
DA:83,4
DA:84,0
DA:85,0
DA:88,4
DA:89,3
DA:92,3
DA:94,1
DA:98,0
DA:99,0
DA:108,4
DA:110,1
DA:111,1
DA:119,1
DA:121,0
DA:122,0
DA:130,4
DA:170,5
DA:171,5
DA:172,5
DA:173,2
DA:174,2
DA:177,3
DA:179,3
DA:181,3
DA:182,3
DA:183,1
DA:186,1
DA:189,2
DA:202,2
DA:204,2
DA:206,0
DA:207,0
DA:215,4
DA:217,3
DA:219,3
DA:220,1
DA:221,1
DA:224,2
DA:225,2
DA:229,1
DA:231,1
DA:232,1
DA:233,0
DA:234,0
DA:237,1
DA:238,1
DA:240,1
DA:242,1
DA:243,1
DA:246,1
DA:252,1
DA:258,1
DA:265,4
DA:267,4
DA:268,4
DA:269,1
DA:272,1
DA:275,3
DA:276,3
DA:278,2
DA:282,2
DA:283,1
DA:286,1
DA:289,1
DA:291,1
DA:292,1
DA:300,4
DA:302,5
DA:303,5
DA:304,1
DA:305,1
DA:308,4
DA:309,4
DA:310,4
DA:311,3
DA:312,3
DA:313,1
DA:316,1
DA:319,1
DA:320,1
DA:323,2
DA:324,2
DA:325,2
DA:328,2
DA:332,2
DA:333,2
DA:334,2
DA:336,1
DA:342,1
DA:349,1
DA:351,1
DA:352,1
DA:363,4
DA:367,4
DA:374,0
DA:381,4
DA:385,4
DA:392,0
DA:399,4
DA:403,4
DA:409,0
DA:416,4
DA:419,4
DA:420,4
DA:421,0
DA:422,0
DA:425,4
DA:426,4
DA:427,4
DA:428,0
DA:429,0
DA:432,4
DA:433,1
DA:435,1
DA:436,1
DA:437,1
DA:438,1
DA:441,3
DA:442,3
DA:443,3
DA:444,1
DA:445,1
DA:448,2
DA:449,1
DA:452,1
DA:453,1
DA:454,1
DA:455,1
DA:458,1
DA:459,1
DA:460,1
DA:462,1
DA:463,1
DA:465,0
DA:466,0
DA:477,4
DA:479,6
DA:481,6
DA:482,6
DA:487,6
DA:488,2
DA:489,2
DA:492,4
DA:493,1
DA:494,1
DA:495,1
DA:496,1
DA:497,1
DA:500,3
DA:501,3
DA:502,1
DA:503,1
DA:504,1
DA:505,1
DA:508,1
DA:511,2
DA:512,2
DA:513,2
DA:514,2
DA:516,1
DA:518,1
DA:519,1
DA:529,4
DA:532,3
DA:535,3
DA:536,3
DA:537,1
DA:540,1
DA:543,2
DA:544,2
DA:545,1
DA:546,1
DA:550,1
DA:551,1
DA:562,4
DA:569,4
DA:570,4
DA:571,1
DA:572,1
DA:575,3
DA:576,3
DA:578,3
DA:579,3
DA:580,3
DA:581,1
DA:584,1
DA:587,2
DA:588,1
DA:592,1
DA:593,1
DA:603,4
DA:620,6
DA:621,1
DA:623,5
DA:626,6
DA:627,6
DA:628,2
DA:629,2
DA:632,4
DA:634,4
DA:635,4
DA:636,4
DA:638,4
DA:639,1
DA:640,1
DA:643,3
DA:644,3
DA:648,1
DA:651,1
DA:654,2
DA:655,2
DA:656,2
DA:658,2
DA:660,1
DA:662,1
DA:663,1
DA:673,4
DA:691,8
DA:692,1
DA:694,7
DA:698,8
DA:700,8
DA:701,8
DA:702,4
DA:703,4
DA:706,4
DA:707,4
DA:708,4
DA:709,0
DA:710,0
DA:713,4
DA:714,1
DA:717,1
DA:720,3
DA:721,3
DA:722,3
DA:723,3
DA:724,1
DA:725,1
DA:728,2
DA:729,2
DA:731,1
DA:733,1
DA:734,1
LF:279
LH:251
BRDA:52,0,0,4
BRDA:52,1,0,4
BRDA:52,1,1,4
BRDA:52,1,2,0
BRDA:74,2,0,0
BRDA:83,3,0,0
BRDA:88,4,0,3
BRDA:91,5,0,3
BRDA:91,5,1,0
BRDA:172,6,0,2
BRDA:179,7,0,3
BRDA:179,7,1,0
BRDA:182,8,0,1
BRDA:194,9,0,2
BRDA:194,9,1,1
BRDA:219,10,0,1
BRDA:232,11,0,0
BRDA:268,12,0,1
BRDA:282,13,0,1
BRDA:303,14,0,1
BRDA:312,15,0,1
BRDA:312,16,0,3
BRDA:312,16,1,2
BRDA:420,17,0,0
BRDA:427,18,0,0
BRDA:432,19,0,1
BRDA:443,20,0,1
BRDA:448,21,0,1
BRDA:448,22,0,2
BRDA:448,22,1,2
BRDA:468,23,0,0
BRDA:468,23,1,0
BRDA:487,24,0,2
BRDA:492,25,0,1
BRDA:501,26,0,1
BRDA:501,27,0,3
BRDA:501,27,1,3
BRDA:521,28,0,1
BRDA:521,28,1,0
BRDA:536,29,0,1
BRDA:545,30,0,1
BRDA:545,30,1,0
BRDA:553,31,0,1
BRDA:553,31,1,0
BRDA:570,32,0,1
BRDA:576,33,0,2
BRDA:576,33,1,1
BRDA:580,34,0,1
BRDA:594,35,0,1
BRDA:594,35,1,0
BRDA:620,36,0,1
BRDA:627,37,0,2
BRDA:638,38,0,1
BRDA:644,39,0,1
BRDA:645,40,0,3
BRDA:645,40,1,3
BRDA:691,41,0,1
BRDA:701,42,0,4
BRDA:708,43,0,0
BRDA:713,44,0,1
BRDA:723,45,0,1
BRF:61
BRH:46
end_of_record
TN:
SF:src/controllers/comment.controller.ts
FN:20,(anonymous_7)
FN:82,(anonymous_8)
FN:120,(anonymous_9)
FN:154,(anonymous_10)
FN:234,(anonymous_11)
FN:283,(anonymous_12)
FN:332,(anonymous_13)
FN:397,(anonymous_14)
FN:460,(anonymous_15)
FN:494,(anonymous_16)
FNF:10
FNH:3
FNDA:7,(anonymous_7)
FNDA:8,(anonymous_8)
FNDA:4,(anonymous_9)
FNDA:0,(anonymous_10)
FNDA:0,(anonymous_11)
FNDA:0,(anonymous_12)
FNDA:0,(anonymous_13)
FNDA:0,(anonymous_14)
FNDA:0,(anonymous_15)
FNDA:0,(anonymous_16)
DA:1,4
DA:3,4
DA:4,4
DA:5,4
DA:7,4
DA:8,4
DA:10,4
DA:11,4
DA:13,4
DA:14,4
DA:19,4
DA:21,7
DA:22,7
DA:24,7
DA:30,6
DA:31,1
DA:32,1
DA:35,5
DA:37,5
DA:38,2
DA:39,2
DA:42,5
DA:43,2
DA:44,2
DA:48,5
DA:49,0
DA:50,0
DA:51,0
DA:52,0
DA:53,0
DA:54,0
DA:55,0
DA:56,0
DA:57,0
DA:58,0
DA:59,0
DA:61,0
DA:65,5
DA:67,5
DA:72,1
DA:73,1
DA:81,4
DA:83,8
DA:84,8
DA:89,8
DA:90,1
DA:91,1
DA:94,7
DA:95,1
DA:96,1
DA:99,6
DA:101,6
DA:108,5
DA:110,1
DA:111,1
DA:119,4
DA:121,4
DA:122,4
DA:130,3
DA:131,1
DA:132,1
DA:135,2
DA:136,1
DA:137,1
DA:140,1
DA:142,1
DA:143,1
DA:151,4
DA:155,0
DA:156,0
DA:157,0
DA:158,0
DA:161,0
DA:164,0
DA:165,0
DA:166,0
DA:168,0
DA:169,0
DA:171,0
DA:172,0
DA:182,0
DA:184,0
DA:192,0
DA:199,0
DA:212,0
DA:214,0
DA:218,0
DA:220,0
DA:221,0
DA:223,0
DA:231,4
DA:235,0
DA:236,0
DA:237,0
DA:238,0
DA:241,0
DA:244,0
DA:245,0
DA:250,0
DA:251,0
DA:252,0
DA:255,0
DA:256,0
DA:257,0
DA:260,0
DA:261,0
DA:264,0
DA:267,0
DA:268,0
DA:270,0
DA:272,0
DA:273,0
DA:281,4
DA:284,0
DA:287,0
DA:288,0
DA:293,0
DA:294,0
DA:295,0
DA:298,0
DA:299,0
DA:300,0
DA:303,0
DA:304,0
DA:305,0
DA:308,0
DA:309,0
DA:310,0
DA:312,0
DA:317,0
DA:318,0
DA:326,4
DA:333,0
DA:334,0
DA:335,0
DA:336,0
DA:339,0
DA:342,0
DA:343,0
DA:345,0
DA:346,0
DA:348,0
DA:349,0
DA:350,0
DA:353,0
DA:354,0
DA:364,0
DA:366,0
DA:367,0
DA:369,0
DA:377,0
DA:379,0
DA:381,0
DA:383,0
DA:384,0
DA:386,0
DA:394,4
DA:398,0
DA:399,0
DA:400,0
DA:401,0
DA:404,0
DA:407,0
DA:409,0
DA:410,0
DA:415,0
DA:416,0
DA:417,0
DA:420,0
DA:421,0
DA:422,0
DA:425,0
DA:430,0
DA:431,0
DA:437,0
DA:439,0
DA:441,0
DA:442,0
DA:445,0
DA:447,0
DA:449,0
DA:450,0
DA:458,4
DA:461,0
DA:463,0
DA:464,0
DA:469,0
DA:470,0
DA:471,0
DA:474,0
DA:475,0
DA:476,0
DA:479,0
DA:484,0
DA:485,0
DA:488,0
DA:491,0
DA:493,0
DA:494,0
DA:497,0
DA:499,0
DA:501,0
DA:502,0
LF:203
LH:61
BRDA:30,0,0,1
BRDA:37,1,0,2
BRDA:42,2,0,2
BRDA:48,3,0,0
BRDA:50,4,0,0
BRDA:50,4,1,0
BRDA:52,5,0,0
BRDA:52,5,1,0
BRDA:54,6,0,0
BRDA:54,6,1,0
BRDA:56,7,0,0
BRDA:56,7,1,0
BRDA:58,8,0,0
BRDA:58,8,1,0
BRDA:89,9,0,1
BRDA:94,10,0,1
BRDA:99,11,0,4
BRDA:99,12,0,4
BRDA:130,13,0,1
BRDA:135,14,0,1
BRDA:156,15,0,0
BRDA:236,16,0,0
BRDA:250,17,0,0
BRDA:255,18,0,0
BRDA:260,19,0,0
BRDA:293,20,0,0
BRDA:298,21,0,0
BRDA:303,22,0,0
BRDA:334,23,0,0
BRDA:348,24,0,0
BRDA:399,25,0,0
BRDA:415,26,0,0
BRDA:420,27,0,0
BRDA:430,28,0,0
BRDA:430,28,1,0
BRDA:469,29,0,0
BRDA:474,30,0,0
BRDA:484,31,0,0
BRF:38
BRH:9
end_of_record
TN:
SF:src/controllers/post.controller.ts
FN:26,(anonymous_7)
FN:56,(anonymous_8)
FN:89,(anonymous_9)
FN:140,(anonymous_10)
FN:199,(anonymous_11)
FN:230,(anonymous_12)
FN:283,(anonymous_13)
FN:308,(anonymous_14)
FN:325,(anonymous_15)
FN:350,(anonymous_16)
FN:386,(anonymous_17)
FN:406,(anonymous_18)
FN:437,(anonymous_19)
FNF:13
FNH:3
FNDA:5,(anonymous_7)
FNDA:2,(anonymous_8)
FNDA:0,(anonymous_9)
FNDA:0,(anonymous_10)
FNDA:0,(anonymous_11)
FNDA:0,(anonymous_12)
FNDA:0,(anonymous_13)
FNDA:0,(anonymous_14)
FNDA:3,(anonymous_15)
FNDA:0,(anonymous_16)
FNDA:0,(anonymous_17)
FNDA:0,(anonymous_18)
FNDA:0,(anonymous_19)
DA:1,4
DA:6,4
DA:8,4
DA:9,4
DA:10,4
DA:12,4
DA:13,4
DA:14,4
DA:17,4
DA:18,4
DA:25,4
DA:27,5
DA:28,5
DA:29,5
DA:30,4
DA:34,4
DA:35,2
DA:36,2
DA:38,4
DA:39,2
DA:40,2
DA:43,4
DA:44,4
DA:46,1
DA:47,1
DA:55,4
DA:57,2
DA:58,2
DA:71,1
DA:73,1
DA:74,1
DA:86,4
DA:90,0
DA:91,0
DA:92,0
DA:93,0
DA:96,0
DA:106,0
DA:112,0
DA:124,0
DA:125,0
DA:126,0
DA:128,0
DA:129,0
DA:137,4
DA:141,0
DA:142,0
DA:143,0
DA:144,0
DA:147,0
DA:157,0
DA:159,0
DA:160,0
DA:161,0
DA:162,0
DA:163,0
DA:166,0
DA:170,0
DA:173,0
DA:176,0
DA:177,0
DA:178,0
DA:179,0
DA:180,0
DA:181,0
DA:182,0
DA:184,0
DA:186,0
DA:188,0
DA:189,0
DA:197,4
DA:200,0
DA:201,0
DA:203,0
DA:204,0
DA:205,0
DA:206,0
DA:209,0
DA:210,0
DA:211,0
DA:214,0
DA:216,0
DA:218,0
DA:219,0
DA:227,4
DA:231,0
DA:232,0
DA:233,0
DA:234,0
DA:237,0
DA:239,0
DA:241,0
DA:242,0
DA:243,0
DA:244,0
DA:245,0
DA:248,0
DA:253,0
DA:254,0
DA:260,0
DA:262,0
DA:264,0
DA:265,0
DA:268,0
DA:270,0
DA:272,0
DA:273,0
DA:281,4
DA:284,0
DA:286,0
DA:287,0
DA:288,0
DA:289,0
DA:290,0
DA:293,0
DA:298,0
DA:299,0
DA:302,0
DA:305,0
DA:307,0
DA:308,0
DA:311,0
DA:313,0
DA:315,0
DA:316,0
DA:324,4
DA:326,3
DA:327,3
DA:328,2
DA:329,1
DA:330,1
DA:333,1
DA:337,1
DA:339,1
DA:340,1
DA:348,4
DA:351,0
DA:353,0
DA:354,0
DA:355,0
DA:356,0
DA:357,0
DA:360,0
DA:362,0
DA:364,0
DA:368,0
DA:374,0
DA:376,0
DA:384,4
DA:387,0
DA:389,0
DA:390,0
DA:394,0
DA:396,0
DA:404,4
DA:407,0
DA:409,0
DA:410,0
DA:412,0
DA:413,0
DA:414,0
DA:417,0
DA:423,0
DA:425,0
DA:427,0
DA:435,4
DA:438,0
DA:440,0
DA:441,0
DA:446,0
DA:447,0
DA:448,0
DA:454,0
DA:455,0
DA:456,0
DA:459,0
DA:461,0
DA:462,0
LF:178
LH:50
BRDA:34,0,0,2
BRDA:38,1,0,2
BRDA:91,2,0,0
BRDA:142,3,0,0
BRDA:161,4,0,0
BRDA:166,5,0,0
BRDA:167,6,0,0
BRDA:167,6,1,0
BRDA:204,7,0,0
BRDA:209,8,0,0
BRDA:209,9,0,0
BRDA:209,9,1,0
BRDA:232,10,0,0
BRDA:243,11,0,0
BRDA:253,12,0,0
BRDA:253,12,1,0
BRDA:288,13,0,0
BRDA:298,14,0,0
BRDA:328,15,0,1
BRDA:355,16,0,0
BRDA:364,17,0,0
BRDA:364,17,1,0
BRDA:412,18,0,0
BRDA:449,19,0,0
BRDA:449,19,1,0
BRDA:450,20,0,0
BRDA:450,20,1,0
BRDA:454,21,0,0
BRF:28
BRH:3
end_of_record
TN:
SF:src/controllers/user.controller.ts
FN:18,(anonymous_1)
FN:38,(anonymous_2)
FN:67,(anonymous_3)
FN:150,(anonymous_4)
FN:222,(anonymous_5)
FN:228,(anonymous_6)
FN:304,(anonymous_7)
FN:344,(anonymous_8)
FN:379,(anonymous_9)
FN:411,(anonymous_10)
FN:472,(anonymous_11)
FN:524,(anonymous_12)
FN:573,(anonymous_13)
FN:594,(anonymous_14)
FN:598,(anonymous_15)
FN:643,(anonymous_16)
FN:664,(anonymous_17)
FN:667,(anonymous_18)
FNF:18
FNH:4
FNDA:3,(anonymous_1)
FNDA:3,(anonymous_2)
FNDA:0,(anonymous_3)
FNDA:0,(anonymous_4)
FNDA:0,(anonymous_5)
FNDA:0,(anonymous_6)
FNDA:0,(anonymous_7)
FNDA:6,(anonymous_8)
FNDA:5,(anonymous_9)
FNDA:0,(anonymous_10)
FNDA:0,(anonymous_11)
FNDA:0,(anonymous_12)
FNDA:0,(anonymous_13)
FNDA:0,(anonymous_14)
FNDA:0,(anonymous_15)
FNDA:0,(anonymous_16)
FNDA:0,(anonymous_17)
FNDA:0,(anonymous_18)
DA:1,4
DA:3,4
DA:4,4
DA:6,4
DA:7,4
DA:8,4
DA:9,4
DA:11,4
DA:12,4
DA:17,4
DA:19,3
DA:20,3
DA:21,3
DA:26,2
DA:28,1
DA:29,1
DA:37,4
DA:39,3
DA:41,3
DA:47,2
DA:48,1
DA:51,1
DA:54,1
DA:56,1
DA:57,1
DA:65,4
DA:68,0
DA:71,0
DA:72,0
DA:73,0
DA:76,0
DA:78,0
DA:95,0
DA:97,0
DA:98,0
DA:106,4
DA:151,0
DA:152,0
DA:153,0
DA:154,0
DA:157,0
DA:159,0
DA:160,0
DA:161,0
DA:164,0
DA:166,0
DA:168,0
DA:170,0
DA:171,0
DA:172,0
DA:175,0
DA:178,0
DA:192,0
DA:194,0
DA:196,0
DA:197,0
DA:205,4
DA:223,0
DA:224,0
DA:226,0
DA:229,0
DA:230,0
DA:231,0
DA:232,0
DA:235,0
DA:237,0
DA:238,0
DA:239,0
DA:242,0
DA:243,0
DA:245,0
DA:246,0
DA:247,0
DA:250,0
DA:251,0
DA:253,0
DA:255,0
DA:256,0
DA:264,4
DA:305,0
DA:306,0
DA:307,0
DA:308,0
DA:311,0
DA:313,0
DA:314,0
DA:315,0
DA:316,0
DA:319,0
DA:320,0
DA:322,0
DA:323,0
DA:324,0
DA:327,0
DA:328,0
DA:330,0
DA:334,0
DA:335,0
DA:343,4
DA:345,6
DA:346,6
DA:347,5
DA:348,1
DA:349,1
DA:352,4
DA:353,1
DA:354,1
DA:357,3
DA:358,3
DA:363,3
DA:369,1
DA:370,1
DA:378,4
DA:380,5
DA:381,5
DA:385,4
DA:386,1
DA:387,1
DA:390,3
DA:391,1
DA:392,1
DA:395,2
DA:400,1
DA:401,1
DA:409,4
DA:412,0
DA:414,0
DA:415,0
DA:416,0
DA:417,0
DA:420,0
DA:421,0
DA:437,0
DA:438,0
DA:439,0
DA:442,0
DA:443,0
DA:446,0
DA:450,0
DA:455,0
DA:461,0
DA:462,0
DA:470,4
DA:473,0
DA:475,0
DA:476,0
DA:477,0
DA:480,0
DA:483,0
DA:484,0
DA:485,0
DA:486,0
DA:487,0
DA:490,0
DA:491,0
DA:492,0
DA:493,0
DA:496,0
DA:498,0
DA:500,0
DA:501,0
DA:502,0
DA:505,0
DA:506,0
DA:508,0
DA:509,0
DA:511,0
DA:513,0
DA:514,0
DA:522,4
DA:525,0
DA:526,0
DA:528,0
DA:529,0
DA:530,0
DA:533,0
DA:534,0
DA:536,0
DA:537,0
DA:538,0
DA:541,0
DA:542,0
DA:543,0
DA:544,0
DA:547,0
DA:548,0
DA:550,0
DA:552,0
DA:554,0
DA:555,0
DA:557,0
DA:562,0
DA:563,0
DA:571,4
DA:574,0
DA:576,0
DA:577,0
DA:578,0
DA:579,0
DA:580,0
DA:581,0
DA:585,0
DA:587,0
DA:588,0
DA:589,0
DA:593,0
DA:594,0
DA:597,0
DA:598,0
DA:601,0
DA:602,0
DA:603,0
DA:606,0
DA:615,0
DA:624,0
DA:632,0
DA:633,0
DA:641,4
DA:644,0
DA:645,0
DA:647,0
DA:648,0
DA:649,0
DA:650,0
DA:651,0
DA:655,0
DA:657,0
DA:658,0
DA:659,0
DA:663,0
DA:664,0
DA:666,0
DA:667,0
DA:669,0
DA:670,0
DA:671,0
DA:674,0
DA:681,0
DA:689,0
DA:697,0
DA:698,0
LF:241
LH:60
BRDA:22,0,0,1
BRDA:22,0,1,1
BRDA:23,1,0,1
BRDA:23,1,1,1
BRDA:47,2,0,1
BRDA:71,3,0,0
BRDA:152,4,0,0
BRDA:159,5,0,0
BRDA:168,6,0,0
BRDA:168,6,1,0
BRDA:171,7,0,0
BRDA:183,8,0,0
BRDA:183,8,1,0
BRDA:223,9,0,0
BRDA:230,10,0,0
BRDA:237,11,0,0
BRDA:245,12,0,0
BRDA:306,13,0,0
BRDA:314,14,0,0
BRDA:314,15,0,0
BRDA:314,15,1,0
BRDA:322,16,0,0
BRDA:347,17,0,1
BRDA:352,18,0,1
BRDA:359,19,0,1
BRDA:359,19,1,2
BRDA:360,20,0,1
BRDA:360,20,1,2
BRDA:385,21,0,1
BRDA:390,22,0,1
BRDA:415,23,0,0
BRDA:415,24,0,0
BRDA:415,24,1,0
BRDA:437,25,0,0
BRDA:443,26,0,0
BRDA:443,26,1,0
BRDA:446,27,0,0
BRDA:446,27,1,0
BRDA:476,28,0,0
BRDA:485,29,0,0
BRDA:485,30,0,0
BRDA:485,30,1,0
BRDA:491,31,0,0
BRDA:498,32,0,0
BRDA:498,32,1,0
BRDA:500,33,0,0
BRDA:528,34,0,0
BRDA:536,35,0,0
BRDA:536,36,0,0
BRDA:536,36,1,0
BRDA:542,37,0,0
BRDA:579,38,0,0
BRDA:579,39,0,0
BRDA:579,39,1,0
BRDA:585,40,0,0
BRDA:585,40,1,0
BRDA:587,41,0,0
BRDA:601,42,0,0
BRDA:601,43,0,0
BRDA:601,43,1,0
BRDA:649,44,0,0
BRDA:649,45,0,0
BRDA:649,45,1,0
BRDA:655,46,0,0
BRDA:655,46,1,0
BRDA:657,47,0,0
BRDA:669,48,0,0
BRDA:669,49,0,0
BRDA:669,49,1,0
BRF:69
BRH:13
end_of_record
TN:
SF:src/controllers/utils/postValidation.ts
FN:10,(anonymous_1)
FN:37,(anonymous_2)
FN:41,(anonymous_3)
FN:53,(anonymous_4)
FN:67,(anonymous_5)
FN:77,(anonymous_6)
FNF:6
FNH:0
FNDA:0,(anonymous_1)
FNDA:0,(anonymous_2)
FNDA:0,(anonymous_3)
FNDA:0,(anonymous_4)
FNDA:0,(anonymous_5)
FNDA:0,(anonymous_6)
DA:1,4
DA:2,4
DA:3,4
DA:4,4
DA:6,4
DA:11,0
DA:16,0
DA:18,0
DA:19,0
DA:24,4
DA:37,0
DA:41,0
DA:54,0
DA:59,0
DA:61,0
DA:68,0
DA:72,0
DA:74,0
DA:78,0
DA:92,4
LF:20
LH:7
BRDA:11,0,0,0
BRDA:11,0,1,0
BRDA:12,1,0,0
BRDA:12,1,1,0
BRDA:12,1,2,0
BRDA:54,2,0,0
BRDA:55,3,0,0
BRDA:55,3,1,0
BRDA:55,3,2,0
BRDA:68,4,0,0
BRDA:69,5,0,0
BRDA:69,5,1,0
BRDA:79,6,0,0
BRDA:79,6,1,0
BRDA:79,6,2,0
BRDA:79,6,3,0
BRDA:79,6,4,0
BRDA:79,6,5,0
BRF:18
BRH:0
end_of_record
TN:
SF:src/middleware/authConfig.ts
FN:31,(anonymous_1)
FN:35,(anonymous_2)
FN:43,(anonymous_3)
FN:57,(anonymous_4)
FN:59,(anonymous_5)
FN:89,(anonymous_6)
FN:113,(anonymous_7)
FN:147,(anonymous_8)
FN:183,(anonymous_9)
FN:220,checkUserRoleAndValidity
FNF:10
FNH:7
FNDA:18,(anonymous_1)
FNDA:147,(anonymous_2)
FNDA:18,(anonymous_3)
FNDA:1,(anonymous_4)
FNDA:4,(anonymous_5)
FNDA:15,(anonymous_6)
FNDA:0,(anonymous_7)
FNDA:0,(anonymous_8)
FNDA:0,(anonymous_9)
FNDA:59,checkUserRoleAndValidity
DA:1,4
DA:2,4
DA:3,4
DA:4,4
DA:6,4
DA:16,4
DA:17,4
DA:18,4
DA:21,4
DA:23,4
DA:25,4
DA:26,4
DA:27,4
DA:28,4
DA:29,4
DA:31,4
DA:32,18
DA:35,4
DA:40,147
DA:44,18
DA:45,0
DA:47,18
DA:48,3
DA:49,3
DA:51,15
DA:52,15
DA:57,4
DA:58,1
DA:60,4
DA:61,4
DA:62,4
DA:63,4
DA:64,1
DA:68,3
DA:69,1
DA:73,2
DA:75,2
DA:76,1
DA:78,0
DA:83,1
DA:90,15
DA:91,15
DA:92,15
DA:93,0
DA:95,15
DA:97,15
DA:99,0
DA:105,1
DA:114,0
DA:115,0
DA:117,0
DA:118,0
DA:119,0
DA:128,0
DA:131,0
DA:132,0
DA:134,0
DA:140,1
DA:148,0
DA:149,0
DA:151,0
DA:152,0
DA:154,0
DA:156,0
DA:164,0
DA:167,0
DA:168,0
DA:170,0
DA:176,1
DA:189,0
DA:190,0
DA:192,0
DA:193,0
DA:195,0
DA:196,0
DA:197,0
DA:198,0
DA:200,0
DA:208,0
DA:211,0
DA:212,0
DA:214,0
DA:220,1
DA:221,59
DA:223,59
DA:225,0
DA:226,0
DA:227,0
DA:229,0
DA:235,0
DA:237,0
DA:238,0
DA:239,0
DA:241,0
DA:243,0
DA:248,1
DA:251,4
LF:97
LH:51
BRDA:32,0,0,18
BRDA:32,0,1,0
BRDA:32,1,0,18
BRDA:32,1,1,18
BRDA:44,2,0,0
BRDA:47,3,0,3
BRDA:61,4,0,3
BRDA:61,4,1,1
BRDA:63,5,0,1
BRDA:68,6,0,1
BRDA:75,7,0,1
BRDA:92,8,0,0
BRDA:117,9,0,0
BRDA:118,10,0,0
BRDA:118,10,1,0
BRDA:125,11,0,0
BRDA:125,11,1,0
BRDA:151,12,0,0
BRDA:152,13,0,0
BRDA:152,13,1,0
BRDA:154,14,0,0
BRDA:154,14,1,0
BRDA:154,14,2,0
BRDA:192,15,0,0
BRDA:193,16,0,0
BRDA:193,16,1,0
BRDA:195,17,0,0
BRDA:195,17,1,0
BRDA:195,17,2,0
BRDA:197,18,0,0
BRDA:197,18,1,0
BRDA:198,19,0,0
BRDA:198,19,1,0
BRDA:223,20,0,59
BRDA:223,20,1,0
BRDA:223,21,0,59
BRDA:223,21,1,0
BRDA:225,22,0,0
BRDA:225,22,1,0
BRDA:225,23,0,0
BRDA:225,23,1,0
BRF:41
BRH:11
end_of_record
TN:
SF:src/middleware/otherConfig.ts
FN:7,(anonymous_1)
FNF:1
FNH:1
FNDA:4,(anonymous_1)
DA:1,4
DA:2,4
DA:3,4
DA:4,4
DA:5,4
DA:7,4
DA:8,4
DA:9,4
DA:10,4
DA:11,4
DA:12,4
DA:15,4
LF:12
LH:12
BRF:0
BRH:0
end_of_record
TN:
SF:src/models/comment.model.ts
FNF:0
FNH:0
DA:1,4
DA:15,4
DA:28,4
DA:29,4
DA:31,4
LF:5
LH:5
BRF:0
BRH:0
end_of_record
TN:
SF:src/models/post.model.ts
FN:65,(anonymous_0)
FNF:1
FNH:1
FNDA:20,(anonymous_0)
DA:1,4
DA:20,4
DA:65,4
DA:66,20
DA:76,4
LF:5
LH:5
BRDA:67,0,0,20
BRDA:67,0,1,19
BRDA:67,0,2,14
BRDA:67,0,3,13
BRDA:67,0,4,13
BRDA:67,0,5,12
BRDA:67,0,6,12
BRF:7
BRH:7
end_of_record
TN:
SF:src/models/reaction.model.ts
FNF:0
FNH:0
DA:1,4
DA:11,4
DA:24,4
DA:33,4
LF:4
LH:4
BRF:0
BRH:0
end_of_record
TN:
SF:src/models/user-model/user-about.model.ts
FNF:0
FNH:0
DA:1,4
DA:57,4
DA:115,4
DA:116,4
DA:117,4
DA:118,4
DA:119,4
DA:120,4
LF:8
LH:8
BRF:0
BRH:0
end_of_record
TN:
SF:src/models/user-model/user.model.ts
FN:157,(anonymous_1)
FN:162,(anonymous_2)
FN:170,(anonymous_3)
FNF:3
FNH:3
FNDA:57,(anonymous_1)
FNDA:116,(anonymous_2)
FNDA:16,(anonymous_3)
DA:1,4
DA:2,4
DA:3,4
DA:82,4
DA:151,4
DA:152,4
DA:153,4
DA:154,4
DA:155,4
DA:157,4
DA:158,57
DA:159,57
DA:162,4
DA:163,116
DA:164,116
DA:165,73
DA:167,116
DA:170,4
DA:171,16
DA:176,4
LF:20
LH:20
BRDA:158,0,0,0
BRDA:158,1,0,57
BRDA:158,1,1,57
BRDA:164,2,0,73
BRDA:164,3,0,116
BRDA:164,3,1,42
BRDA:164,3,2,75
BRF:7
BRH:6
end_of_record
TN:
SF:src/routes/auth.router.ts
FNF:0
FNH:0
DA:1,4
DA:2,4
DA:23,4
DA:26,4
DA:29,4
DA:32,4
DA:35,4
DA:38,4
DA:41,4
DA:44,4
DA:47,4
DA:50,4
DA:53,4
DA:56,4
DA:59,4
DA:62,4
DA:65,4
DA:68,4
DA:71,4
DA:74,4
DA:77,4
DA:79,4
LF:22
LH:22
BRF:0
BRH:0
end_of_record
TN:
SF:src/routes/comment.router.ts
FNF:0
FNH:0
DA:1,4
DA:2,4
DA:14,4
DA:17,4
DA:20,4
DA:23,4
DA:26,4
DA:29,4
DA:32,4
DA:35,4
DA:38,4
DA:41,4
DA:43,4
LF:13
LH:13
BRF:0
BRH:0
end_of_record
TN:
SF:src/routes/index.ts
FN:13,(anonymous_1)
FNF:1
FNH:1
FNDA:4,(anonymous_1)
DA:3,4
DA:4,4
DA:5,4
DA:6,4
DA:7,4
DA:11,4
DA:13,4
DA:14,4
DA:15,4
DA:16,4
DA:17,4
DA:18,4
DA:21,4
LF:13
LH:13
BRF:0
BRH:0
end_of_record
TN:
SF:src/routes/post.router.ts
FNF:0
FNH:0
DA:1,4
DA:2,4
DA:17,4
DA:20,4
DA:23,4
DA:26,4
DA:29,4
DA:32,4
DA:36,4
DA:39,4
DA:42,4
DA:45,4
DA:48,4
DA:51,4
DA:54,4
DA:58,4
LF:16
LH:16
BRF:0
BRH:0
end_of_record
TN:
SF:src/routes/search.router.ts
FNF:0
FNH:0
DA:1,4
DA:3,4
DA:20,4
LF:3
LH:3
BRF:0
BRH:0
end_of_record
TN:
SF:src/routes/user.router.ts
FNF:0
FNH:0
DA:1,4
DA:2,4
DA:18,4
DA:21,4
DA:24,4
DA:27,4
DA:30,4
DA:33,4
DA:36,4
DA:40,4
DA:43,4
DA:46,4
DA:49,4
DA:52,4
DA:55,4
DA:58,4
DA:60,4
LF:17
LH:17
BRF:0
BRH:0
end_of_record
TN:
SF:src/utils/generateAndSendToken.ts
FN:13,(anonymous_0)
FNF:1
FNH:0
FNDA:0,(anonymous_0)
DA:1,3
DA:6,3
DA:13,3
DA:18,0
DA:19,0
DA:20,0
DA:21,0
DA:25,0
DA:26,0
DA:27,0
DA:28,0
DA:30,0
DA:31,0
DA:33,0
DA:34,0
DA:37,0
DA:38,0
DA:39,0
DA:42,0
DA:43,0
DA:44,0
DA:49,0
DA:50,0
DA:54,3
LF:24
LH:4
BRDA:18,0,0,0
BRDA:18,0,1,0
BRDA:18,1,0,0
BRDA:18,1,1,0
BRDA:20,2,0,0
BRDA:20,3,0,0
BRDA:20,3,1,0
BRDA:25,4,0,0
BRDA:25,4,1,0
BRDA:38,5,0,0
BRDA:38,5,1,0
BRDA:39,6,0,0
BRDA:39,6,1,0
BRDA:42,7,0,0
BRDA:44,8,0,0
BRDA:44,8,1,0
BRF:16
BRH:0
end_of_record
TN:
SF:src/utils/getNextIndexArray.ts
FN:1,(anonymous_0)
FNF:1
FNH:1
FNDA:23,(anonymous_0)
DA:1,1
DA:2,23
DA:4,1
LF:3
LH:3
BRDA:2,0,0,3
BRDA:2,0,1,20
BRF:2
BRH:2
end_of_record
TN:
SF:tests/utils/generatePassword.ts
FN:3,(anonymous_0)
FN:30,(anonymous_1)
FN:36,(anonymous_2)
FNF:3
FNH:3
FNDA:82,(anonymous_0)
FNDA:1873,(anonymous_1)
FNDA:6,(anonymous_2)
DA:1,2
DA:3,2
DA:4,82
DA:5,82
DA:6,82
DA:10,82
DA:15,82
DA:18,82
DA:24,82
DA:25,180
DA:28,82
DA:30,1873
DA:33,82
DA:36,2
DA:37,6
LF:15
LH:15
BRF:0
BRH:0
end_of_record
TN:
SF:tests/utils/generateRandomTokenEmailOrSms.ts
FN:7,(anonymous_0)
FNF:1
FNH:1
FNDA:22,(anonymous_0)
DA:1,1
DA:2,1
DA:3,1
DA:7,1
DA:9,22
DA:11,22
DA:13,22
DA:16,1
LF:8
LH:8
BRDA:9,0,0,22
BRDA:9,0,1,22
BRDA:9,1,0,9
BRDA:9,1,1,13
BRDA:11,2,0,9
BRDA:11,2,1,13
BRF:6
BRH:6
end_of_record
TN:
SF:tests/utils/generateUser.ts
FN:15,(anonymous_0)
FNF:1
FNH:1
FNDA:58,(anonymous_0)
DA:1,2
DA:2,2
DA:3,2
DA:15,58
DA:25,2
LF:5
LH:5
BRF:0
BRH:0
end_of_record
TN:
SF:tests/utils/generateUsername.ts
FN:5,(anonymous_0)
FNF:1
FNH:1
FNDA:58,(anonymous_0)
DA:1,2
DA:5,2
DA:7,58
DA:9,58
LF:4
LH:4
BRDA:7,0,0,58
BRDA:7,0,1,42
BRDA:7,1,0,19
BRDA:7,1,1,23
BRDA:9,2,0,26
BRDA:9,2,1,32
BRF:6
BRH:6
end_of_record
TN:
SF:tests/utils/getPostIdsFromPosts.ts
FN:3,(anonymous_0)
FN:3,(anonymous_1)
FNF:2
FNH:2
FNDA:2,(anonymous_0)
FNDA:8,(anonymous_1)
DA:3,8
DA:5,1
LF:2
LH:2
BRF:0
BRH:0
end_of_record
TN:
SF:tests/utils/getUserWithoutPassword.ts
FN:4,(anonymous_0)
FNF:1
FNH:1
FNDA:2,(anonymous_0)
DA:4,1
DA:5,2
DA:6,2
DA:9,1
LF:4
LH:4
BRF:0
BRH:0
end_of_record
TN:
SF:tests/utils/parseCookie.ts
FN:11,(anonymous_1)
FN:27,(anonymous_2)
FN:28,(anonymous_3)
FNF:3
FNH:3
FNDA:4,(anonymous_1)
FNDA:2,(anonymous_2)
FNDA:4,(anonymous_3)
DA:1,1
DA:3,1
DA:11,1
DA:12,4
DA:13,4
DA:15,4
DA:16,18
DA:17,18
DA:18,4
DA:20,14
DA:24,4
DA:27,1
DA:28,4
LF:13
LH:13
BRDA:17,0,0,4
BRDA:17,0,1,14
BRF:2
BRH:2
end_of_record
TN:
SF:tests/utils/userSignupFunctionGenerator.ts
FN:5,(anonymous_1)
FN:6,(anonymous_2)
FNF:2
FNH:2
FNDA:1,(anonymous_1)
FNDA:40,(anonymous_2)
DA:1,1
DA:2,1
DA:5,1
DA:6,1
DA:10,40
DA:11,40
DA:13,40
DA:14,40
DA:20,40
DA:22,0
DA:23,0
LF:11
LH:9
BRDA:11,0,0,17
BRDA:11,0,1,23
BRF:2
BRH:2
end_of_record
TN:
SF:tools/populateDbs/createUsersAndPosts.ts
FN:6,(anonymous_1)
FNF:1
FNH:1
FNDA:1,(anonymous_1)
DA:1,1
DA:2,1
DA:3,1
DA:4,1
DA:6,1
DA:7,1
DA:8,1
DA:10,1
DA:11,1
DA:13,1
DA:16,1
LF:11
LH:11
BRDA:6,0,0,0
BRF:1
BRH:0
end_of_record
TN:
SF:tools/populateDbs/posts/populatePosts.ts
FN:15,(anonymous_1)
FN:17,(anonymous_2)
FN:50,(anonymous_3)
FN:61,(anonymous_4)
FNF:4
FNH:4
FNDA:20,(anonymous_1)
FNDA:90,(anonymous_2)
FNDA:4,(anonymous_3)
FNDA:30,(anonymous_4)
DA:1,3
DA:2,3
DA:5,3
DA:6,3
DA:7,3
DA:9,3
DA:10,3
DA:11,3
DA:13,3
DA:15,3
DA:16,20
DA:17,90
DA:20,20
DA:22,20
DA:23,20
DA:24,1
DA:32,20
DA:33,19
DA:36,20
DA:37,20
DA:38,1
DA:41,20
DA:42,20
DA:43,20
DA:44,20
DA:46,0
DA:50,3
DA:54,4
DA:55,4
DA:56,18
DA:59,4
DA:61,4
DA:62,30
DA:63,30
DA:66,4
LF:35
LH:34
BRDA:23,0,0,1
BRDA:32,1,0,19
BRDA:37,2,0,1
BRDA:37,3,0,20
BRDA:37,3,1,14
BRDA:51,4,0,0
BRDA:62,5,0,0
BRDA:62,6,0,30
BRDA:62,6,1,30
BRF:9
BRH:7
end_of_record
TN:
SF:tools/populateDbs/posts/utils/addComments.ts
FN:8,(anonymous_1)
FN:10,(anonymous_2)
FN:18,(anonymous_3)
FN:37,(anonymous_4)
FN:42,(anonymous_5)
FNF:5
FNH:5
FNDA:19,(anonymous_1)
FNDA:85,(anonymous_2)
FNDA:85,(anonymous_3)
FNDA:19,(anonymous_4)
FNDA:85,(anonymous_5)
DA:1,3
DA:4,3
DA:5,3
DA:6,3
DA:8,3
DA:9,19
DA:10,85
DA:18,3
DA:22,85
DA:24,85
DA:25,85
DA:31,85
DA:33,0
DA:37,3
DA:38,19
DA:40,19
DA:41,19
DA:42,85
DA:45,0
DA:49,3
LF:20
LH:18
BRDA:8,0,0,0
BRF:1
BRH:0
end_of_record
TN:
SF:tools/populateDbs/posts/utils/addReactions.ts
FN:10,(anonymous_6)
FN:20,(anonymous_7)
FNF:2
FNH:2
FNDA:86,(anonymous_6)
FNDA:198,(anonymous_7)
DA:3,3
DA:4,3
DA:10,3
DA:15,86
DA:16,86
DA:18,86
DA:19,86
DA:21,198
DA:27,198
DA:31,0
DA:35,3
LF:11
LH:10
BRDA:15,0,0,86
BRDA:15,0,1,13
BRF:2
BRH:2
end_of_record
TN:
SF:tools/populateDbs/posts/utils/addRepliesToComment.ts
FN:9,(anonymous_1)
FN:39,(anonymous_2)
FN:61,(anonymous_3)
FNF:3
FNH:2
FNDA:2,(anonymous_1)
FNDA:1,(anonymous_2)
FNDA:0,(anonymous_3)
DA:1,1
DA:2,1
DA:5,1
DA:7,1
DA:9,1
DA:13,2
DA:14,2
DA:15,2
DA:16,0
DA:19,2
DA:26,2
DA:28,2
DA:30,2
DA:32,2
DA:33,2
DA:35,0
DA:39,1
DA:44,1
DA:45,1
DA:46,2
DA:49,1
DA:51,1
DA:57,0
DA:61,1
DA:66,0
DA:67,0
DA:68,0
DA:71,0
LF:28
LH:21
BRDA:15,0,0,0
BRDA:42,1,0,0
BRDA:64,2,0,0
BRF:3
BRH:0
end_of_record
TN:
SF:tools/populateDbs/posts/utils/addSavedPosts.ts
FN:9,(anonymous_0)
FN:20,(anonymous_1)
FN:23,(anonymous_2)
FNF:3
FNH:3
FNDA:6,(anonymous_0)
FNDA:1,(anonymous_1)
FNDA:4,(anonymous_2)
DA:4,3
DA:9,3
DA:10,6
DA:11,6
DA:13,6
DA:14,6
DA:16,0
DA:20,3
DA:21,1
DA:22,1
DA:23,4
DA:26,0
LF:12
LH:10
BRF:0
BRH:0
end_of_record
TN:
SF:tools/populateDbs/posts/utils/getPostData.ts
FN:35,(anonymous_0)
FNF:1
FNH:1
FNDA:20,(anonymous_0)
DA:1,3
DA:4,3
DA:10,3
DA:35,20
DA:58,3
LF:5
LH:5
BRDA:37,0,0,5
BRDA:37,0,1,15
BRDA:38,1,0,2
BRDA:38,1,1,18
BRDA:39,2,0,6
BRDA:39,2,1,14
BRDA:40,3,0,0
BRDA:40,3,1,20
BRDA:46,4,0,1
BRDA:46,4,1,19
BRDA:53,5,0,20
BRDA:53,5,1,17
BRF:12
BRH:11
end_of_record
TN:
SF:tools/populateDbs/users/populateUsers.ts
FN:39,(anonymous_1)
FN:65,(anonymous_2)
FN:78,(anonymous_3)
FN:92,(anonymous_4)
FN:107,(anonymous_5)
FN:120,(anonymous_6)
FN:126,(anonymous_7)
FN:135,(anonymous_8)
FN:147,(anonymous_9)
FN:150,(anonymous_10)
FN:156,(anonymous_11)
FN:170,(anonymous_12)
FN:182,(anonymous_13)
FN:185,(anonymous_14)
FN:192,(anonymous_15)
FN:196,(anonymous_16)
FN:211,(anonymous_17)
FN:249,(anonymous_18)
FN:275,(anonymous_19)
FN:277,(anonymous_20)
FN:281,(anonymous_21)
FN:297,(anonymous_22)
FNF:22
FNH:22
FNDA:20,(anonymous_1)
FNDA:20,(anonymous_2)
FNDA:20,(anonymous_3)
FNDA:49,(anonymous_4)
FNDA:18,(anonymous_5)
FNDA:51,(anonymous_6)
FNDA:18,(anonymous_7)
FNDA:72,(anonymous_8)
FNDA:9,(anonymous_9)
FNDA:25,(anonymous_10)
FNDA:44,(anonymous_11)
FNDA:20,(anonymous_12)
FNDA:49,(anonymous_13)
FNDA:36,(anonymous_14)
FNDA:44,(anonymous_15)
FNDA:21,(anonymous_16)
FNDA:20,(anonymous_17)
FNDA:13,(anonymous_18)
FNDA:3,(anonymous_19)
FNDA:12,(anonymous_20)
FNDA:2,(anonymous_21)
FNDA:3,(anonymous_22)
DA:1,3
DA:2,3
DA:14,3
DA:22,3
DA:23,3
DA:30,3
DA:31,3
DA:37,3
DA:39,3
DA:40,20
DA:41,20
DA:42,20
DA:47,20
DA:48,20
DA:49,20
DA:50,20
DA:51,20
DA:53,20
DA:65,3
DA:70,20
DA:78,3
DA:84,20
DA:92,3
DA:96,49
DA:97,49
DA:107,3
DA:111,18
DA:113,18
DA:121,51
DA:126,3
DA:130,18
DA:132,18
DA:133,18
DA:134,18
DA:135,72
DA:138,18
DA:148,9
DA:151,25
DA:156,3
DA:160,44
DA:162,44
DA:163,44
DA:170,3
DA:180,20
DA:181,20
DA:183,49
DA:186,36
DA:193,44
DA:197,21
DA:211,3
DA:222,20
DA:223,20
DA:225,20
DA:243,20
DA:244,20
DA:246,20
DA:249,3
DA:250,13
DA:251,13
DA:256,13
DA:257,13
DA:258,23
DA:263,13
DA:271,0
DA:275,3
DA:276,3
DA:277,12
DA:281,3
DA:286,2
DA:287,2
DA:288,2
DA:290,2
DA:291,1
DA:293,0
DA:297,3
DA:298,3
DA:299,3
DA:300,12
DA:302,3
DA:304,3
DA:306,3
DA:308,3
LF:82
LH:80
BRDA:186,0,0,18
BRDA:186,0,1,18
BRDA:211,1,0,17
BRDA:212,2,0,18
BRDA:213,3,0,19
BRDA:216,4,0,20
BRDA:217,5,0,20
BRDA:218,6,0,20
BRDA:219,7,0,20
BRDA:220,8,0,20
BRDA:250,9,0,13
BRDA:250,9,1,4
BRDA:290,10,0,1
BRDA:297,11,0,0
BRDA:306,12,0,0
BRF:15
BRH:13
end_of_record
TN:
SF:tools/populateDbs/users/utils/life-events.ts
FN:10,(anonymous_0)
FNF:1
FNH:1
FNDA:20,(anonymous_0)
DA:1,3
DA:3,3
DA:10,3
DA:11,20
DA:12,20
DA:14,20
DA:15,20
DA:18,20
DA:19,20
DA:21,20
DA:22,20
DA:23,20
DA:24,20
DA:27,20
DA:31,20
DA:36,20
DA:41,20
DA:43,20
DA:44,979
DA:45,44
DA:46,44
DA:47,44
DA:50,44
DA:55,44
DA:62,979
DA:67,18
DA:68,18
DA:69,18
DA:72,979
DA:78,10
DA:79,10
DA:80,10
DA:83,979
DA:88,8
DA:89,8
DA:90,8
DA:94,979
DA:101,13
DA:102,13
DA:105,979
DA:106,36
DA:107,36
DA:111,979
DA:116,17
DA:121,17
DA:124,979
DA:129,979
DA:135,17
DA:137,979
DA:143,6
DA:146,979
DA:151,979
DA:152,39
DA:155,979
DA:156,26
DA:159,979
DA:162,20
DA:163,20
DA:164,20
DA:166,20
LF:60
LH:60
BRDA:44,0,0,44
BRDA:62,1,0,18
BRDA:63,2,0,979
BRDA:63,2,1,623
BRDA:63,2,2,18
BRDA:72,3,0,10
BRDA:73,4,0,979
BRDA:73,4,1,30
BRDA:73,4,2,24
BRDA:73,4,3,10
BRDA:83,5,0,8
BRDA:84,6,0,979
BRDA:84,6,1,481
BRDA:84,6,2,54
BRDA:94,7,0,13
BRDA:95,8,0,979
BRDA:95,8,1,551
BRDA:95,8,2,106
BRDA:95,8,3,15
BRDA:95,8,4,13
BRDA:105,9,0,36
BRDA:105,10,0,979
BRDA:105,10,1,533
BRDA:105,10,2,447
BRDA:111,11,0,17
BRDA:112,12,0,979
BRDA:112,12,1,587
BRDA:112,12,2,129
BRDA:129,13,0,17
BRDA:130,14,0,979
BRDA:130,14,1,551
BRDA:130,14,2,147
BRDA:130,14,3,22
BRDA:137,15,0,6
BRDA:138,16,0,979
BRDA:138,16,1,404
BRDA:138,16,2,131
BRDA:138,16,3,6
BRDA:151,17,0,39
BRDA:151,18,0,979
BRDA:151,18,1,587
BRDA:155,19,0,26
BRDA:155,20,0,979
BRDA:155,20,1,419
BRF:44
BRH:44
end_of_record
TN:
SF:tools/populateDbs/users/utils/userOptions.ts
FNF:0
FNH:0
DA:1,3
DA:9,3
DA:23,3
DA:171,3
DA:184,3
DA:207,3
LF:6
LH:6
BRF:0
BRH:0
end_of_record
TN:
SF:tools/populateDbs/utils/clearDatabase.ts
FN:6,(anonymous_1)
FNF:1
FNH:1
FNDA:4,(anonymous_1)
DA:1,4
DA:2,4
DA:3,4
DA:4,4
DA:6,4
DA:7,4
DA:8,4
DA:9,4
DA:10,4
DA:13,4
LF:10
LH:10
BRF:0
BRH:0
end_of_record
TN:
SF:tools/populateDbs/utils/populateHelperFunctions.ts
FN:7,(anonymous_1)
FN:9,(anonymous_2)
FN:17,(anonymous_3)
FN:33,(anonymous_4)
FN:42,(anonymous_5)
FN:52,(anonymous_6)
FN:57,(anonymous_7)
FN:61,(anonymous_8)
FN:67,(anonymous_9)
FN:70,(anonymous_10)
FN:76,(anonymous_11)
FN:79,(anonymous_12)
FN:90,(anonymous_13)
FN:96,(anonymous_14)
FNF:14
FNH:14
FNDA:622,(anonymous_1)
FNDA:422,(anonymous_2)
FNDA:1,(anonymous_3)
FNDA:236,(anonymous_4)
FNDA:13,(anonymous_5)
FNDA:23,(anonymous_6)
FNDA:44,(anonymous_7)
FNDA:40,(anonymous_8)
FNDA:85,(anonymous_9)
FNDA:85,(anonymous_10)
FNDA:20,(anonymous_11)
FNDA:64,(anonymous_12)
FNDA:2124,(anonymous_13)
FNDA:20,(anonymous_14)
DA:1,3
DA:2,3
DA:5,3
DA:7,622
DA:9,3
DA:10,422
DA:17,3
DA:21,1
DA:23,1
DA:25,1
DA:27,0
DA:33,3
DA:34,236
DA:35,236
DA:36,886
DA:37,886
DA:39,236
DA:42,3
DA:47,13
DA:48,13
DA:49,42
DA:50,42
DA:52,13
DA:53,23
DA:57,3
DA:58,44
DA:61,3
DA:67,40
DA:68,85
DA:70,85
DA:76,3
DA:79,20
DA:80,64
DA:81,64
DA:90,3
DA:91,2124
DA:92,2124
DA:93,2124
DA:96,3
DA:100,20
DA:101,20
DA:105,20
DA:106,20
LF:43
LH:42
BRDA:7,0,0,56
BRDA:23,1,0,0
BRDA:25,2,0,1
BRDA:25,2,1,0
BRDA:33,3,0,0
BRDA:44,4,0,0
BRDA:53,5,0,0
BRDA:53,5,1,23
BRDA:72,6,0,85
BRDA:72,6,1,31
BRDA:85,7,0,64
BRDA:85,7,1,20
BRDA:97,8,0,20
BRDA:98,9,0,20
BRF:14
BRH:9
end_of_record
