TN:
SF:src/config/database.ts
FN:7,(anonymous_1)
FN:11,(anonymous_2)
FN:15,(anonymous_3)
FN:31,(anonymous_4)
FNF:4
FNH:3
FNDA:4,(anonymous_1)
FNDA:4,(anonymous_2)
FNDA:0,(anonymous_3)
FNDA:4,(anonymous_4)
DA:1,4
DA:2,4
DA:3,4
DA:5,4
DA:7,4
DA:8,4
DA:9,4
DA:11,4
DA:12,4
DA:15,4
DA:16,0
DA:17,0
DA:20,4
DA:22,4
DA:23,4
DA:24,4
DA:26,0
DA:27,0
DA:31,4
DA:32,4
DA:33,4
DA:34,4
DA:36,0
LF:23
LH:18
BRF:0
BRH:0
end_of_record
TN:
SF:src/config/envVariables.ts
FN:5,(anonymous_1)
FNF:1
FNH:1
FNDA:84,(anonymous_1)
DA:1,4
DA:3,4
DA:5,4
DA:6,84
DA:7,84
DA:8,0
DA:9,0
DA:11,84
DA:14,4
DA:16,4
DA:18,4
DA:22,4
DA:24,4
DA:26,4
DA:30,4
DA:34,4
DA:36,4
DA:38,4
DA:40,4
DA:44,4
DA:46,4
DA:50,4
DA:52,4
DA:54,4
DA:56,4
DA:58,4
DA:60,4
DA:62,4
DA:67,4
DA:70,4
LF:30
LH:28
BRDA:7,0,0,0
BRDA:14,1,0,4
BRDA:14,1,1,4
BRDA:63,2,0,0
BRDA:63,2,1,4
BRDA:71,3,0,0
BRDA:71,3,1,4
BRDA:73,4,0,0
BRDA:73,4,1,4
BRF:9
BRH:5
end_of_record
TN:
SF:src/config/nodemailer.ts
FN:14,(anonymous_1)
FN:19,(anonymous_2)
FN:22,(anonymous_3)
FN:57,(anonymous_4)
FN:60,(anonymous_5)
FN:86,(anonymous_6)
FN:95,(anonymous_7)
FN:103,(anonymous_8)
FNF:8
FNH:1
FNDA:12,(anonymous_1)
FNDA:0,(anonymous_2)
FNDA:0,(anonymous_3)
FNDA:0,(anonymous_4)
FNDA:0,(anonymous_5)
FNDA:0,(anonymous_6)
FNDA:0,(anonymous_7)
FNDA:0,(anonymous_8)
DA:1,4
DA:2,4
DA:4,4
DA:6,4
DA:14,12
DA:19,4
DA:20,0
DA:22,4
DA:26,0
DA:57,4
DA:58,0
DA:60,4
DA:64,0
DA:86,4
DA:87,0
DA:88,0
DA:89,0
DA:91,0
DA:95,4
DA:99,0
DA:100,0
DA:103,4
DA:107,0
DA:108,0
LF:24
LH:12
BRF:0
BRH:0
end_of_record
TN:
SF:src/config/twilio.ts
FN:11,(anonymous_1)
FN:16,(anonymous_2)
FN:30,(anonymous_3)
FN:33,(anonymous_4)
FN:43,(anonymous_5)
FN:46,(anonymous_6)
FN:56,(anonymous_7)
FN:64,(anonymous_8)
FNF:8
FNH:1
FNDA:8,(anonymous_1)
FNDA:0,(anonymous_2)
FNDA:0,(anonymous_3)
FNDA:0,(anonymous_4)
FNDA:0,(anonymous_5)
FNDA:0,(anonymous_6)
FNDA:0,(anonymous_7)
FNDA:0,(anonymous_8)
DA:1,4
DA:2,4
DA:9,4
DA:11,8
DA:16,4
DA:17,0
DA:18,0
DA:24,0
DA:26,0
DA:30,4
DA:31,0
DA:33,4
DA:34,0
DA:43,4
DA:44,0
DA:46,4
DA:47,0
DA:56,4
DA:60,0
DA:61,0
DA:64,4
DA:68,0
DA:69,0
LF:23
LH:11
BRF:0
BRH:0
end_of_record
TN:
SF:src/controllers/auth.controller.ts
FN:16,(anonymous_1)
FN:69,(anonymous_2)
FN:81,(anonymous_3)
FN:108,(anonymous_4)
FN:168,(anonymous_5)
FN:215,(anonymous_6)
FN:237,(anonymous_7)
FN:265,(anonymous_8)
FN:299,(anonymous_9)
FN:330,(anonymous_10)
FN:371,(anonymous_11)
FN:389,(anonymous_12)
FN:406,(anonymous_13)
FN:416,(anonymous_14)
FN:464,(anonymous_15)
FN:511,(anonymous_16)
FN:552,(anonymous_17)
FN:603,(anonymous_18)
FN:609,(anonymous_19)
FN:674,(anonymous_20)
FN:681,(anonymous_21)
FNF:21
FNH:18
FNDA:4,(anonymous_1)
FNDA:4,(anonymous_2)
FNDA:4,(anonymous_3)
FNDA:1,(anonymous_4)
FNDA:5,(anonymous_5)
FNDA:3,(anonymous_6)
FNDA:1,(anonymous_7)
FNDA:4,(anonymous_8)
FNDA:5,(anonymous_9)
FNDA:2,(anonymous_10)
FNDA:0,(anonymous_11)
FNDA:0,(anonymous_12)
FNDA:0,(anonymous_13)
FNDA:5,(anonymous_14)
FNDA:5,(anonymous_15)
FNDA:4,(anonymous_16)
FNDA:4,(anonymous_17)
FNDA:6,(anonymous_18)
FNDA:6,(anonymous_19)
FNDA:8,(anonymous_20)
FNDA:9,(anonymous_21)
DA:1,4
DA:3,4
DA:4,4
DA:5,4
DA:6,4
DA:8,4
DA:9,4
DA:10,4
DA:12,4
DA:13,4
DA:16,4
DA:17,4
DA:19,4
DA:23,4
DA:27,4
DA:28,4
DA:30,4
DA:37,4
DA:44,4
DA:45,4
DA:50,4
DA:51,4
DA:53,0
DA:54,0
DA:56,0
DA:57,0
DA:58,0
DA:65,4
DA:70,4
DA:71,4
DA:73,4
DA:74,0
DA:75,0
DA:78,4
DA:82,4
DA:83,0
DA:84,0
DA:87,4
DA:88,3
DA:91,3
DA:93,1
DA:97,0
DA:98,0
DA:107,4
DA:109,1
DA:110,1
DA:118,1
DA:120,0
DA:121,0
DA:129,4
DA:169,5
DA:170,5
DA:171,5
DA:172,2
DA:173,2
DA:176,3
DA:178,3
DA:180,3
DA:181,3
DA:182,1
DA:185,1
DA:188,2
DA:201,2
DA:203,2
DA:205,0
DA:206,0
DA:214,4
DA:216,3
DA:218,3
DA:219,1
DA:220,1
DA:223,2
DA:224,2
DA:228,1
DA:230,1
DA:231,1
DA:232,0
DA:233,0
DA:236,1
DA:237,1
DA:239,1
DA:241,1
DA:242,1
DA:245,1
DA:251,1
DA:257,1
DA:264,4
DA:266,4
DA:268,4
DA:269,1
DA:272,1
DA:275,3
DA:276,3
DA:277,2
DA:279,2
DA:280,2
DA:281,1
DA:284,1
DA:287,1
DA:289,1
DA:290,1
DA:298,4
DA:300,5
DA:301,5
DA:302,1
DA:303,1
DA:306,4
DA:307,4
DA:308,4
DA:309,3
DA:310,2
DA:311,0
DA:314,0
DA:317,2
DA:318,2
DA:321,2
DA:322,2
DA:323,2
DA:326,2
DA:330,2
DA:331,2
DA:332,2
DA:334,1
DA:340,1
DA:347,1
DA:349,1
DA:350,1
DA:361,4
DA:365,4
DA:372,0
DA:379,4
DA:383,4
DA:390,0
DA:397,4
DA:401,4
DA:407,0
DA:414,4
DA:417,5
DA:418,5
DA:420,5
DA:421,1
DA:422,1
DA:425,4
DA:426,1
DA:427,1
DA:430,3
DA:431,3
DA:432,2
DA:433,1
DA:436,1
DA:437,1
DA:438,1
DA:441,1
DA:442,1
DA:443,1
DA:445,1
DA:446,1
DA:447,1
DA:449,0
DA:450,0
DA:455,1
DA:463,4
DA:465,5
DA:467,5
DA:468,5
DA:472,5
DA:473,2
DA:474,2
DA:477,3
DA:478,1
DA:479,1
DA:482,2
DA:483,2
DA:484,1
DA:487,1
DA:491,1
DA:492,1
DA:493,1
DA:494,1
DA:496,1
DA:498,0
DA:499,0
DA:509,4
DA:512,4
DA:514,4
DA:515,1
DA:516,1
DA:519,3
DA:520,3
DA:521,1
DA:524,1
DA:527,2
DA:528,2
DA:529,1
DA:530,1
DA:534,1
DA:535,1
DA:546,4
DA:553,4
DA:554,4
DA:555,1
DA:556,1
DA:559,3
DA:560,3
DA:562,3
DA:563,3
DA:564,3
DA:565,1
DA:568,1
DA:571,2
DA:572,1
DA:576,1
DA:577,1
DA:587,4
DA:604,6
DA:605,1
DA:607,5
DA:610,6
DA:611,6
DA:612,2
DA:613,2
DA:616,4
DA:618,4
DA:619,4
DA:620,4
DA:622,4
DA:623,1
DA:624,1
DA:627,3
DA:628,3
DA:632,1
DA:635,1
DA:638,2
DA:639,2
DA:640,2
DA:642,2
DA:644,1
DA:646,1
DA:647,1
DA:657,4
DA:675,8
DA:676,1
DA:678,7
DA:682,9
DA:683,9
DA:684,4
DA:685,4
DA:688,5
DA:689,5
DA:690,1
DA:691,1
DA:694,4
DA:695,1
DA:698,1
DA:701,3
DA:702,3
DA:703,3
DA:704,3
DA:705,1
DA:706,1
DA:709,2
DA:710,2
DA:712,1
DA:714,1
DA:715,1
LF:265
LH:239
BRDA:51,0,0,4
BRDA:51,1,0,4
BRDA:51,1,1,4
BRDA:51,1,2,0
BRDA:73,2,0,0
BRDA:82,3,0,0
BRDA:87,4,0,3
BRDA:90,5,0,3
BRDA:90,5,1,0
BRDA:171,6,0,2
BRDA:178,7,0,3
BRDA:178,7,1,0
BRDA:181,8,0,1
BRDA:193,9,0,2
BRDA:193,9,1,1
BRDA:218,10,0,1
BRDA:231,11,0,0
BRDA:268,12,0,1
BRDA:280,13,0,1
BRDA:301,14,0,1
BRDA:310,15,0,0
BRDA:310,16,0,2
BRDA:310,16,1,2
BRDA:420,17,0,1
BRDA:425,18,0,1
BRDA:431,19,0,2
BRDA:431,19,1,1
BRDA:431,20,0,3
BRDA:431,20,1,3
BRDA:432,21,0,1
BRDA:432,22,0,2
BRDA:432,22,1,2
BRDA:472,23,0,2
BRDA:477,24,0,1
BRDA:483,25,0,1
BRDA:483,26,0,2
BRDA:483,26,1,2
BRDA:514,27,0,1
BRDA:520,28,0,1
BRDA:529,29,0,0
BRDA:529,29,1,1
BRDA:537,30,0,1
BRDA:537,30,1,0
BRDA:554,31,0,1
BRDA:560,32,0,1
BRDA:560,32,1,2
BRDA:564,33,0,1
BRDA:578,34,0,1
BRDA:578,34,1,0
BRDA:604,35,0,1
BRDA:611,36,0,2
BRDA:622,37,0,1
BRDA:628,38,0,1
BRDA:629,39,0,3
BRDA:629,39,1,3
BRDA:675,40,0,1
BRDA:683,41,0,4
BRDA:689,42,0,1
BRDA:694,43,0,1
BRDA:704,44,0,1
BRF:60
BRH:50
end_of_record
TN:
SF:src/controllers/comment.controller.ts
FN:20,(anonymous_7)
FN:82,(anonymous_8)
FN:120,(anonymous_9)
FN:154,(anonymous_10)
FN:237,(anonymous_11)
FN:289,(anonymous_12)
FN:342,(anonymous_13)
FN:410,(anonymous_14)
FN:476,(anonymous_15)
FN:514,(anonymous_16)
FNF:10
FNH:9
FNDA:7,(anonymous_7)
FNDA:8,(anonymous_8)
FNDA:4,(anonymous_9)
FNDA:4,(anonymous_10)
FNDA:7,(anonymous_11)
FNDA:6,(anonymous_12)
FNDA:0,(anonymous_13)
FNDA:6,(anonymous_14)
FNDA:6,(anonymous_15)
FNDA:3,(anonymous_16)
DA:1,4
DA:3,4
DA:4,4
DA:5,4
DA:6,4
DA:8,4
DA:9,4
DA:11,4
DA:13,4
DA:14,4
DA:19,4
DA:21,7
DA:22,7
DA:24,7
DA:30,6
DA:31,1
DA:32,1
DA:35,5
DA:37,5
DA:38,2
DA:39,2
DA:42,5
DA:43,2
DA:44,2
DA:48,5
DA:49,0
DA:50,0
DA:51,0
DA:52,0
DA:53,0
DA:54,0
DA:55,0
DA:56,0
DA:57,0
DA:58,0
DA:59,0
DA:61,0
DA:65,5
DA:67,5
DA:72,1
DA:73,1
DA:81,4
DA:83,8
DA:84,8
DA:89,8
DA:90,1
DA:91,1
DA:94,7
DA:95,1
DA:96,1
DA:99,6
DA:101,6
DA:108,5
DA:110,1
DA:111,1
DA:119,4
DA:121,4
DA:122,4
DA:130,3
DA:131,1
DA:132,1
DA:135,2
DA:136,1
DA:137,1
DA:140,1
DA:142,1
DA:143,1
DA:151,4
DA:155,4
DA:156,4
DA:157,1
DA:158,1
DA:161,3
DA:162,3
DA:163,1
DA:164,1
DA:167,2
DA:168,2
DA:169,2
DA:171,2
DA:172,2
DA:174,2
DA:175,2
DA:185,2
DA:187,1
DA:195,1
DA:202,1
DA:215,1
DA:217,1
DA:221,1
DA:223,1
DA:224,1
DA:226,2
DA:234,4
DA:238,7
DA:239,7
DA:240,1
DA:241,1
DA:244,6
DA:245,6
DA:246,1
DA:247,1
DA:250,5
DA:251,5
DA:256,5
DA:257,1
DA:258,1
DA:261,4
DA:262,1
DA:263,1
DA:266,3
DA:267,1
DA:270,1
DA:273,2
DA:274,2
DA:276,1
DA:278,1
DA:279,1
DA:287,4
DA:290,6
DA:292,6
DA:293,1
DA:294,1
DA:297,5
DA:298,5
DA:303,5
DA:304,1
DA:305,1
DA:308,4
DA:309,1
DA:310,1
DA:313,3
DA:314,1
DA:315,1
DA:318,2
DA:319,2
DA:320,2
DA:322,1
DA:327,1
DA:328,1
DA:336,4
DA:343,0
DA:344,0
DA:345,0
DA:346,0
DA:349,0
DA:350,0
DA:351,0
DA:352,0
DA:355,0
DA:356,0
DA:358,0
DA:359,0
DA:361,0
DA:362,0
DA:363,0
DA:366,0
DA:367,0
DA:377,0
DA:379,0
DA:380,0
DA:382,0
DA:390,0
DA:392,0
DA:394,0
DA:396,0
DA:397,0
DA:399,0
DA:407,4
DA:411,6
DA:412,6
DA:413,1
DA:414,1
DA:417,5
DA:418,5
DA:419,1
DA:420,1
DA:423,4
DA:425,4
DA:426,4
DA:431,4
DA:432,1
DA:433,1
DA:436,3
DA:437,1
DA:438,1
DA:441,2
DA:446,2
DA:447,2
DA:453,2
DA:455,2
DA:457,0
DA:458,0
DA:461,2
DA:463,1
DA:465,1
DA:466,1
DA:474,4
DA:477,6
DA:478,6
DA:479,1
DA:480,1
DA:483,5
DA:484,5
DA:489,5
DA:490,1
DA:491,1
DA:494,4
DA:495,1
DA:496,1
DA:499,3
DA:504,3
DA:505,1
DA:508,1
DA:511,2
DA:513,2
DA:514,3
DA:517,2
DA:519,1
DA:521,1
DA:522,1
LF:221
LH:180
BRDA:30,0,0,1
BRDA:37,1,0,2
BRDA:42,2,0,2
BRDA:48,3,0,0
BRDA:50,4,0,0
BRDA:50,4,1,0
BRDA:52,5,0,0
BRDA:52,5,1,0
BRDA:54,6,0,0
BRDA:54,6,1,0
BRDA:56,7,0,0
BRDA:56,7,1,0
BRDA:58,8,0,0
BRDA:58,8,1,0
BRDA:89,9,0,1
BRDA:94,10,0,1
BRDA:99,11,0,4
BRDA:99,12,0,4
BRDA:130,13,0,1
BRDA:135,14,0,1
BRDA:156,15,0,1
BRDA:162,16,0,1
BRDA:239,17,0,1
BRDA:245,18,0,1
BRDA:256,19,0,1
BRDA:261,20,0,1
BRDA:266,21,0,1
BRDA:292,22,0,1
BRDA:303,23,0,1
BRDA:308,24,0,1
BRDA:313,25,0,1
BRDA:344,26,0,0
BRDA:350,27,0,0
BRDA:361,28,0,0
BRDA:412,29,0,1
BRDA:418,30,0,1
BRDA:431,31,0,1
BRDA:436,32,0,1
BRDA:446,33,0,2
BRDA:446,33,1,0
BRDA:478,34,0,1
BRDA:489,35,0,1
BRDA:494,36,0,1
BRDA:504,37,0,1
BRF:44
BRH:29
end_of_record
TN:
SF:src/controllers/post.controller.ts
FN:27,(anonymous_7)
FN:57,(anonymous_8)
FN:90,(anonymous_9)
FN:145,(anonymous_10)
FN:208,(anonymous_11)
FN:243,(anonymous_12)
FN:300,(anonymous_13)
FN:329,(anonymous_14)
FN:346,(anonymous_15)
FN:372,(anonymous_16)
FN:412,(anonymous_17)
FN:436,(anonymous_18)
FN:471,(anonymous_19)
FNF:13
FNH:13
FNDA:5,(anonymous_7)
FNDA:2,(anonymous_8)
FNDA:4,(anonymous_9)
FNDA:7,(anonymous_10)
FNDA:5,(anonymous_11)
FNDA:5,(anonymous_12)
FNDA:5,(anonymous_13)
FNDA:1,(anonymous_14)
FNDA:3,(anonymous_15)
FNDA:4,(anonymous_16)
FNDA:3,(anonymous_17)
FNDA:4,(anonymous_18)
FNDA:3,(anonymous_19)
DA:1,4
DA:6,4
DA:7,4
DA:9,4
DA:10,4
DA:11,4
DA:13,4
DA:14,4
DA:17,4
DA:18,4
DA:26,4
DA:28,5
DA:29,5
DA:30,5
DA:31,4
DA:35,4
DA:36,2
DA:37,2
DA:39,4
DA:40,2
DA:41,2
DA:44,4
DA:45,4
DA:47,1
DA:48,1
DA:56,4
DA:58,2
DA:59,2
DA:72,1
DA:74,1
DA:75,1
DA:87,4
DA:91,4
DA:92,4
DA:93,1
DA:94,1
DA:97,3
DA:98,3
DA:99,1
DA:100,1
DA:111,2
DA:117,2
DA:129,2
DA:130,2
DA:131,1
DA:133,1
DA:134,1
DA:142,4
DA:146,7
DA:147,7
DA:148,1
DA:149,1
DA:152,6
DA:153,6
DA:154,1
DA:155,1
DA:166,5
DA:168,5
DA:169,5
DA:170,4
DA:171,1
DA:172,1
DA:175,3
DA:179,1
DA:182,1
DA:185,2
DA:186,2
DA:187,2
DA:188,2
DA:189,2
DA:190,2
DA:191,2
DA:193,2
DA:195,2
DA:197,1
DA:198,1
DA:206,4
DA:209,5
DA:210,5
DA:211,5
DA:212,1
DA:213,1
DA:216,4
DA:217,4
DA:218,1
DA:219,1
DA:222,3
DA:223,1
DA:224,1
DA:227,2
DA:229,1
DA:231,1
DA:232,1
DA:240,4
DA:244,5
DA:245,5
DA:246,1
DA:247,1
DA:250,4
DA:251,4
DA:252,1
DA:253,1
DA:256,3
DA:258,3
DA:259,3
DA:260,2
DA:261,1
DA:262,1
DA:265,1
DA:270,1
DA:271,1
DA:277,1
DA:279,1
DA:281,0
DA:282,0
DA:285,1
DA:287,1
DA:289,1
DA:290,1
DA:298,4
DA:301,5
DA:302,5
DA:303,1
DA:304,1
DA:307,4
DA:308,4
DA:309,3
DA:310,1
DA:311,1
DA:314,2
DA:319,2
DA:320,1
DA:323,1
DA:326,1
DA:328,1
DA:329,1
DA:332,1
DA:334,1
DA:336,1
DA:337,1
DA:345,4
DA:347,3
DA:348,3
DA:349,2
DA:350,1
DA:351,1
DA:355,1
DA:359,1
DA:361,1
DA:362,1
DA:370,4
DA:373,4
DA:374,4
DA:375,1
DA:376,1
DA:379,3
DA:380,3
DA:381,3
DA:382,1
DA:383,1
DA:386,2
DA:388,2
DA:390,2
DA:394,2
DA:400,1
DA:402,1
DA:410,4
DA:413,3
DA:414,3
DA:415,1
DA:416,1
DA:419,2
DA:420,2
DA:424,1
DA:426,1
DA:434,4
DA:437,4
DA:438,4
DA:439,1
DA:440,1
DA:443,3
DA:444,3
DA:446,2
DA:447,1
DA:448,1
DA:451,1
DA:457,1
DA:459,1
DA:461,1
DA:469,4
DA:472,3
DA:473,3
DA:474,1
DA:475,1
DA:478,2
DA:479,2
DA:484,2
DA:485,2
DA:486,2
DA:492,1
DA:493,0
DA:494,0
DA:497,1
DA:499,1
DA:500,1
LF:205
LH:201
BRDA:35,0,0,2
BRDA:39,1,0,2
BRDA:92,2,0,1
BRDA:98,3,0,1
BRDA:147,4,0,1
BRDA:153,5,0,1
BRDA:170,6,0,1
BRDA:175,7,0,1
BRDA:176,8,0,3
BRDA:176,8,1,2
BRDA:211,9,0,1
BRDA:217,10,0,1
BRDA:222,11,0,1
BRDA:222,12,0,3
BRDA:222,12,1,1
BRDA:245,13,0,1
BRDA:251,14,0,1
BRDA:260,15,0,1
BRDA:270,16,0,1
BRDA:270,16,1,0
BRDA:302,17,0,1
BRDA:309,18,0,1
BRDA:319,19,0,1
BRDA:349,20,0,1
BRDA:374,21,0,1
BRDA:381,22,0,1
BRDA:390,23,0,1
BRDA:390,23,1,1
BRDA:414,24,0,1
BRDA:438,25,0,1
BRDA:446,26,0,1
BRDA:473,27,0,1
BRDA:487,28,0,1
BRDA:487,28,1,1
BRDA:488,29,0,1
BRDA:488,29,1,1
BRDA:492,30,0,0
BRF:37
BRH:35
end_of_record
TN:
SF:src/controllers/user.controller.ts
FN:18,(anonymous_1)
FN:38,(anonymous_2)
FN:67,(anonymous_3)
FN:153,(anonymous_4)
FN:229,(anonymous_5)
FN:235,(anonymous_6)
FN:315,(anonymous_7)
FN:359,(anonymous_8)
FN:394,(anonymous_9)
FN:426,(anonymous_10)
FN:491,(anonymous_11)
FN:549,(anonymous_12)
FN:604,(anonymous_13)
FN:631,(anonymous_14)
FN:635,(anonymous_15)
FN:680,(anonymous_16)
FN:708,(anonymous_17)
FN:711,(anonymous_18)
FNF:18
FNH:18
FNDA:3,(anonymous_1)
FNDA:3,(anonymous_2)
FNDA:4,(anonymous_3)
FNDA:8,(anonymous_4)
FNDA:7,(anonymous_5)
FNDA:7,(anonymous_6)
FNDA:7,(anonymous_7)
FNDA:6,(anonymous_8)
FNDA:5,(anonymous_9)
FNDA:7,(anonymous_10)
FNDA:7,(anonymous_11)
FNDA:6,(anonymous_12)
FNDA:7,(anonymous_13)
FNDA:1,(anonymous_14)
FNDA:7,(anonymous_15)
FNDA:7,(anonymous_16)
FNDA:1,(anonymous_17)
FNDA:12,(anonymous_18)
DA:1,4
DA:2,4
DA:4,4
DA:5,4
DA:7,4
DA:8,4
DA:9,4
DA:11,4
DA:12,4
DA:17,4
DA:19,3
DA:20,3
DA:21,3
DA:26,2
DA:28,1
DA:29,1
DA:37,4
DA:39,3
DA:41,3
DA:47,2
DA:48,1
DA:51,1
DA:54,1
DA:56,1
DA:57,1
DA:65,4
DA:68,4
DA:69,4
DA:70,1
DA:71,1
DA:74,3
DA:75,1
DA:76,1
DA:79,2
DA:81,2
DA:98,1
DA:100,1
DA:101,1
DA:109,4
DA:154,8
DA:155,8
DA:156,2
DA:157,2
DA:160,6
DA:161,6
DA:162,1
DA:163,1
DA:166,5
DA:167,1
DA:168,1
DA:171,4
DA:173,4
DA:175,4
DA:177,4
DA:178,3
DA:179,1
DA:182,1
DA:185,2
DA:199,2
DA:201,2
DA:203,1
DA:204,1
DA:212,4
DA:230,7
DA:231,1
DA:233,6
DA:236,7
DA:237,7
DA:238,2
DA:239,2
DA:242,5
DA:243,5
DA:244,1
DA:245,1
DA:248,4
DA:249,1
DA:250,1
DA:253,3
DA:254,3
DA:256,2
DA:257,1
DA:258,1
DA:261,1
DA:262,1
DA:264,1
DA:266,1
DA:267,1
DA:275,4
DA:316,7
DA:317,7
DA:318,1
DA:319,1
DA:322,6
DA:323,6
DA:324,1
DA:325,1
DA:328,5
DA:329,5
DA:330,1
DA:331,1
DA:334,4
DA:335,4
DA:337,3
DA:338,1
DA:339,1
DA:342,2
DA:343,2
DA:345,2
DA:349,1
DA:350,1
DA:358,4
DA:360,6
DA:361,6
DA:362,5
DA:363,1
DA:364,1
DA:367,4
DA:368,1
DA:369,1
DA:372,3
DA:373,3
DA:378,3
DA:384,1
DA:385,1
DA:393,4
DA:395,5
DA:396,5
DA:400,4
DA:401,1
DA:402,1
DA:405,3
DA:406,1
DA:407,1
DA:410,2
DA:415,1
DA:416,1
DA:424,4
DA:427,7
DA:428,7
DA:429,1
DA:430,1
DA:433,6
DA:434,6
DA:435,0
DA:436,0
DA:439,6
DA:440,6
DA:456,5
DA:457,2
DA:458,2
DA:461,3
DA:462,3
DA:465,3
DA:469,3
DA:474,3
DA:480,1
DA:481,1
DA:489,4
DA:492,7
DA:493,7
DA:494,1
DA:497,1
DA:500,6
DA:501,6
DA:502,1
DA:505,1
DA:508,5
DA:509,5
DA:510,4
DA:511,2
DA:512,2
DA:515,2
DA:516,2
DA:517,1
DA:518,1
DA:521,1
DA:523,1
DA:525,1
DA:526,0
DA:527,0
DA:530,1
DA:531,1
DA:533,1
DA:534,1
DA:536,1
DA:538,1
DA:539,1
DA:547,4
DA:550,6
DA:551,6
DA:552,6
DA:553,1
DA:556,1
DA:559,5
DA:560,1
DA:561,1
DA:564,4
DA:565,4
DA:567,3
DA:568,1
DA:569,1
DA:572,2
DA:573,2
DA:574,1
DA:575,1
DA:578,1
DA:579,1
DA:581,1
DA:583,1
DA:585,1
DA:586,1
DA:588,1
DA:593,1
DA:594,1
DA:602,4
DA:605,7
DA:606,7
DA:607,1
DA:610,1
DA:613,6
DA:614,6
DA:615,6
DA:616,5
DA:617,2
DA:618,2
DA:622,3
DA:624,3
DA:625,1
DA:626,1
DA:630,2
DA:631,1
DA:634,2
DA:635,7
DA:638,2
DA:639,1
DA:640,1
DA:643,1
DA:652,1
DA:661,1
DA:669,1
DA:670,1
DA:678,4
DA:681,7
DA:682,7
DA:684,7
DA:685,1
DA:688,1
DA:691,6
DA:692,6
DA:693,5
DA:694,2
DA:695,2
DA:699,3
DA:701,3
DA:702,1
DA:703,1
DA:707,2
DA:708,1
DA:710,2
DA:711,12
DA:713,2
DA:714,1
DA:715,1
DA:718,1
DA:725,1
DA:733,1
DA:741,1
DA:742,1
LF:268
LH:264
BRDA:22,0,0,1
BRDA:22,0,1,1
BRDA:23,1,0,1
BRDA:23,1,1,1
BRDA:47,2,0,1
BRDA:69,3,0,1
BRDA:74,4,0,1
BRDA:155,5,0,2
BRDA:161,6,0,1
BRDA:166,7,0,1
BRDA:175,8,0,0
BRDA:175,8,1,4
BRDA:178,9,0,1
BRDA:190,10,0,2
BRDA:190,10,1,1
BRDA:230,11,0,1
BRDA:237,12,0,2
BRDA:243,13,0,1
BRDA:248,14,0,1
BRDA:256,15,0,1
BRDA:317,16,0,1
BRDA:323,17,0,1
BRDA:329,18,0,1
BRDA:329,19,0,5
BRDA:329,19,1,4
BRDA:337,20,0,1
BRDA:362,21,0,1
BRDA:367,22,0,1
BRDA:374,23,0,1
BRDA:374,23,1,2
BRDA:375,24,0,1
BRDA:375,24,1,2
BRDA:400,25,0,1
BRDA:405,26,0,1
BRDA:428,27,0,1
BRDA:434,28,0,0
BRDA:434,29,0,6
BRDA:434,29,1,6
BRDA:456,30,0,2
BRDA:462,31,0,1
BRDA:462,31,1,2
BRDA:465,32,0,1
BRDA:465,32,1,2
BRDA:493,33,0,1
BRDA:501,34,0,1
BRDA:510,35,0,2
BRDA:510,36,0,4
BRDA:510,36,1,3
BRDA:516,37,0,1
BRDA:523,38,0,1
BRDA:523,38,1,1
BRDA:525,39,0,0
BRDA:552,40,0,1
BRDA:559,41,0,1
BRDA:567,42,0,1
BRDA:567,43,0,3
BRDA:567,43,1,2
BRDA:573,44,0,1
BRDA:606,45,0,1
BRDA:616,46,0,2
BRDA:616,47,0,5
BRDA:616,47,1,4
BRDA:622,48,0,3
BRDA:622,48,1,2
BRDA:624,49,0,1
BRDA:638,50,0,1
BRDA:638,51,0,2
BRDA:638,51,1,1
BRDA:684,52,0,1
BRDA:693,53,0,2
BRDA:693,54,0,5
BRDA:693,54,1,4
BRDA:699,55,0,3
BRDA:699,55,1,2
BRDA:701,56,0,1
BRDA:713,57,0,1
BRDA:713,58,0,2
BRDA:713,58,1,1
BRF:78
BRH:75
end_of_record
TN:
SF:src/controllers/utils/postValidation.ts
FN:10,(anonymous_1)
FN:37,(anonymous_2)
FN:41,(anonymous_3)
FN:53,(anonymous_4)
FN:67,(anonymous_5)
FN:77,(anonymous_6)
FNF:6
FNH:1
FNDA:0,(anonymous_1)
FNDA:0,(anonymous_2)
FNDA:0,(anonymous_3)
FNDA:0,(anonymous_4)
FNDA:0,(anonymous_5)
FNDA:11,(anonymous_6)
DA:1,4
DA:2,4
DA:3,4
DA:4,4
DA:6,4
DA:11,0
DA:16,0
DA:18,0
DA:19,0
DA:24,4
DA:37,0
DA:41,0
DA:54,0
DA:59,0
DA:61,0
DA:68,0
DA:72,0
DA:74,0
DA:78,11
DA:92,4
LF:20
LH:8
BRDA:11,0,0,0
BRDA:11,0,1,0
BRDA:12,1,0,0
BRDA:12,1,1,0
BRDA:12,1,2,0
BRDA:54,2,0,0
BRDA:55,3,0,0
BRDA:55,3,1,0
BRDA:55,3,2,0
BRDA:68,4,0,0
BRDA:69,5,0,0
BRDA:69,5,1,0
BRDA:79,6,0,11
BRDA:79,6,1,11
BRDA:79,6,2,2
BRDA:79,6,3,2
BRDA:79,6,4,2
BRDA:79,6,5,2
BRF:18
BRH:6
end_of_record
TN:
SF:src/middleware/authConfig.ts
FN:31,(anonymous_1)
FN:35,(anonymous_2)
FN:36,checkUserRoleAndValidity
FN:65,(anonymous_4)
FN:95,(anonymous_5)
FN:118,(anonymous_6)
FN:152,(anonymous_7)
FN:188,(anonymous_8)
FNF:8
FNH:3
FNDA:0,(anonymous_1)
FNDA:1,(anonymous_2)
FNDA:28,checkUserRoleAndValidity
FNDA:4,(anonymous_4)
FNDA:0,(anonymous_5)
FNDA:0,(anonymous_6)
FNDA:0,(anonymous_7)
FNDA:0,(anonymous_8)
DA:1,1
DA:2,1
DA:3,1
DA:4,1
DA:6,1
DA:16,1
DA:17,1
DA:18,1
DA:21,1
DA:23,1
DA:25,1
DA:26,1
DA:27,1
DA:28,1
DA:29,1
DA:31,1
DA:32,0
DA:35,1
DA:36,1
DA:37,28
DA:39,28
DA:41,0
DA:42,0
DA:43,0
DA:45,0
DA:51,0
DA:53,0
DA:54,0
DA:55,0
DA:57,0
DA:59,0
DA:64,1
DA:66,4
DA:67,4
DA:68,4
DA:69,4
DA:70,1
DA:74,3
DA:75,1
DA:79,2
DA:81,2
DA:82,1
DA:84,0
DA:89,1
DA:96,0
DA:97,0
DA:98,0
DA:100,0
DA:102,0
DA:104,0
DA:110,1
DA:119,0
DA:120,0
DA:122,0
DA:123,0
DA:124,0
DA:133,0
DA:136,0
DA:137,0
DA:139,0
DA:145,1
DA:153,0
DA:154,0
DA:156,0
DA:157,0
DA:159,0
DA:161,0
DA:169,0
DA:172,0
DA:173,0
DA:175,0
DA:181,1
DA:194,0
DA:195,0
DA:197,0
DA:198,0
DA:200,0
DA:201,0
DA:202,0
DA:203,0
DA:205,0
DA:213,0
DA:216,0
DA:217,0
DA:219,0
DA:225,1
DA:228,1
LF:87
LH:37
BRDA:32,0,0,0
BRDA:32,0,1,0
BRDA:32,1,0,0
BRDA:32,1,1,0
BRDA:39,2,0,28
BRDA:39,2,1,0
BRDA:39,3,0,28
BRDA:39,3,1,0
BRDA:41,4,0,0
BRDA:41,4,1,0
BRDA:41,5,0,0
BRDA:41,5,1,0
BRDA:67,6,0,2
BRDA:67,6,1,2
BRDA:69,7,0,1
BRDA:74,8,0,1
BRDA:81,9,0,1
BRDA:98,10,0,0
BRDA:122,11,0,0
BRDA:123,12,0,0
BRDA:123,12,1,0
BRDA:130,13,0,0
BRDA:130,13,1,0
BRDA:156,14,0,0
BRDA:157,15,0,0
BRDA:157,15,1,0
BRDA:159,16,0,0
BRDA:159,16,1,0
BRDA:159,16,2,0
BRDA:197,17,0,0
BRDA:198,18,0,0
BRDA:198,18,1,0
BRDA:200,19,0,0
BRDA:200,19,1,0
BRDA:200,19,2,0
BRDA:202,20,0,0
BRDA:202,20,1,0
BRDA:203,21,0,0
BRDA:203,21,1,0
BRF:39
BRH:7
end_of_record
TN:
SF:src/middleware/otherConfig.ts
FN:7,(anonymous_1)
FNF:1
FNH:1
FNDA:4,(anonymous_1)
DA:1,4
DA:2,4
DA:3,4
DA:4,4
DA:5,4
DA:7,4
DA:8,4
DA:9,4
DA:10,4
DA:11,4
DA:12,4
DA:15,4
LF:12
LH:12
BRF:0
BRH:0
end_of_record
TN:
SF:src/models/comment.model.ts
FNF:0
FNH:0
DA:1,4
DA:15,4
DA:28,4
DA:29,4
DA:31,4
LF:5
LH:5
BRF:0
BRH:0
end_of_record
TN:
SF:src/models/post.model.ts
FN:65,(anonymous_0)
FNF:1
FNH:1
FNDA:25,(anonymous_0)
DA:1,4
DA:20,4
DA:65,4
DA:66,25
DA:76,4
LF:5
LH:5
BRDA:67,0,0,25
BRDA:67,0,1,21
BRDA:67,0,2,9
BRDA:67,0,3,8
BRDA:67,0,4,8
BRDA:67,0,5,5
BRDA:67,0,6,5
BRF:7
BRH:7
end_of_record
TN:
SF:src/models/reaction.model.ts
FNF:0
FNH:0
DA:1,4
DA:11,4
DA:24,4
DA:33,4
LF:4
LH:4
BRF:0
BRH:0
end_of_record
TN:
SF:src/models/user-model/user-about.model.ts
FNF:0
FNH:0
DA:1,4
DA:57,4
DA:115,4
DA:116,4
DA:117,4
DA:118,4
DA:119,4
DA:120,4
LF:8
LH:8
BRF:0
BRH:0
end_of_record
TN:
SF:src/models/user-model/user.model.ts
FN:157,(anonymous_1)
FN:162,(anonymous_2)
FN:170,(anonymous_3)
FNF:3
FNH:3
FNDA:58,(anonymous_1)
FNDA:100,(anonymous_2)
FNDA:16,(anonymous_3)
DA:1,4
DA:2,4
DA:3,4
DA:82,4
DA:151,4
DA:152,4
DA:153,4
DA:154,4
DA:155,4
DA:157,4
DA:158,58
DA:159,56
DA:162,4
DA:163,100
DA:164,100
DA:165,71
DA:167,100
DA:170,4
DA:171,16
DA:176,4
LF:20
LH:20
BRDA:158,0,0,2
BRDA:158,1,0,58
BRDA:158,1,1,56
BRDA:164,2,0,71
BRDA:164,3,0,100
BRDA:164,3,1,28
BRDA:164,3,2,73
BRF:7
BRH:7
end_of_record
TN:
SF:src/routes/auth.router.ts
FNF:0
FNH:0
DA:1,4
DA:2,4
DA:23,4
DA:26,4
DA:29,4
DA:32,4
DA:35,4
DA:38,4
DA:41,4
DA:44,4
DA:47,4
DA:50,4
DA:53,4
DA:56,4
DA:59,4
DA:62,4
DA:65,4
DA:68,4
DA:71,4
DA:74,4
DA:77,4
DA:79,4
LF:22
LH:22
BRF:0
BRH:0
end_of_record
TN:
SF:src/routes/comment.router.ts
FNF:0
FNH:0
DA:1,4
DA:2,4
DA:14,4
DA:17,4
DA:20,4
DA:23,4
DA:26,4
DA:29,4
DA:32,4
DA:35,4
DA:38,4
DA:41,4
DA:43,4
LF:13
LH:13
BRF:0
BRH:0
end_of_record
TN:
SF:src/routes/index.ts
FN:13,(anonymous_1)
FNF:1
FNH:1
FNDA:4,(anonymous_1)
DA:3,4
DA:4,4
DA:5,4
DA:6,4
DA:7,4
DA:11,4
DA:13,4
DA:14,4
DA:15,4
DA:16,4
DA:17,4
DA:18,4
DA:21,4
LF:13
LH:13
BRF:0
BRH:0
end_of_record
TN:
SF:src/routes/post.router.ts
FNF:0
FNH:0
DA:1,4
DA:2,4
DA:17,4
DA:20,4
DA:23,4
DA:26,4
DA:29,4
DA:32,4
DA:36,4
DA:39,4
DA:42,4
DA:45,4
DA:48,4
DA:51,4
DA:54,4
DA:58,4
LF:16
LH:16
BRF:0
BRH:0
end_of_record
TN:
SF:src/routes/search.router.ts
FNF:0
FNH:0
DA:1,4
DA:3,4
DA:20,4
LF:3
LH:3
BRF:0
BRH:0
end_of_record
TN:
SF:src/routes/user.router.ts
FNF:0
FNH:0
DA:1,4
DA:2,4
DA:18,4
DA:21,4
DA:24,4
DA:27,4
DA:30,4
DA:33,4
DA:36,4
DA:40,4
DA:43,4
DA:46,4
DA:49,4
DA:52,4
DA:55,4
DA:58,4
DA:60,4
LF:17
LH:17
BRF:0
BRH:0
end_of_record
TN:
SF:src/utils/generateAndSendToken.ts
FN:13,(anonymous_0)
FNF:1
FNH:0
FNDA:0,(anonymous_0)
DA:1,3
DA:6,3
DA:13,3
DA:18,0
DA:19,0
DA:20,0
DA:21,0
DA:25,0
DA:26,0
DA:27,0
DA:28,0
DA:30,0
DA:31,0
DA:33,0
DA:34,0
DA:37,0
DA:38,0
DA:39,0
DA:42,0
DA:43,0
DA:44,0
DA:49,0
DA:50,0
DA:54,3
LF:24
LH:4
BRDA:18,0,0,0
BRDA:18,0,1,0
BRDA:18,1,0,0
BRDA:18,1,1,0
BRDA:20,2,0,0
BRDA:20,3,0,0
BRDA:20,3,1,0
BRDA:25,4,0,0
BRDA:25,4,1,0
BRDA:38,5,0,0
BRDA:38,5,1,0
BRDA:39,6,0,0
BRDA:39,6,1,0
BRDA:42,7,0,0
BRDA:44,8,0,0
BRDA:44,8,1,0
BRF:16
BRH:0
end_of_record
TN:
SF:src/utils/getNextIndexArray.ts
FN:1,(anonymous_0)
FNF:1
FNH:1
FNDA:25,(anonymous_0)
DA:1,1
DA:2,25
DA:4,1
LF:3
LH:3
BRDA:2,0,0,3
BRDA:2,0,1,22
BRF:2
BRH:2
end_of_record
TN:
SF:tests/utils/generatePassword.ts
FN:3,(anonymous_0)
FN:30,(anonymous_1)
FN:36,(anonymous_2)
FNF:3
FNH:3
FNDA:72,(anonymous_0)
FNDA:1620,(anonymous_1)
FNDA:6,(anonymous_2)
DA:1,2
DA:3,2
DA:4,72
DA:5,72
DA:6,72
DA:10,72
DA:15,72
DA:18,72
DA:24,72
DA:25,154
DA:28,72
DA:30,1620
DA:33,72
DA:36,2
DA:37,6
LF:15
LH:15
BRF:0
BRH:0
end_of_record
TN:
SF:tests/utils/generateRandomTokenEmailOrSms.ts
FN:7,(anonymous_0)
FNF:1
FNH:1
FNDA:20,(anonymous_0)
DA:1,1
DA:2,1
DA:3,1
DA:7,1
DA:9,20
DA:11,20
DA:13,20
DA:16,1
LF:8
LH:8
BRDA:9,0,0,12
BRDA:9,0,1,8
BRDA:9,1,0,20
BRDA:9,1,1,16
BRDA:11,2,0,12
BRDA:11,2,1,8
BRF:6
BRH:6
end_of_record
TN:
SF:tests/utils/generateUser.ts
FN:15,(anonymous_0)
FNF:1
FNH:1
FNDA:48,(anonymous_0)
DA:1,2
DA:2,2
DA:3,2
DA:15,48
DA:25,2
LF:5
LH:5
BRF:0
BRH:0
end_of_record
TN:
SF:tests/utils/generateUsername.ts
FN:6,(anonymous_0)
FNF:1
FNH:1
FNDA:48,(anonymous_0)
DA:1,2
DA:6,2
DA:8,48
DA:9,48
LF:4
LH:4
BRDA:8,0,0,26
BRDA:8,0,1,22
BRDA:8,1,0,48
BRDA:8,1,1,41
BRDA:9,2,0,26
BRDA:9,2,1,22
BRF:6
BRH:6
end_of_record
TN:
SF:tests/utils/getPostIdsFromPosts.ts
FN:3,(anonymous_0)
FN:3,(anonymous_1)
FNF:2
FNH:2
FNDA:2,(anonymous_0)
FNDA:8,(anonymous_1)
DA:3,8
DA:5,1
LF:2
LH:2
BRF:0
BRH:0
end_of_record
TN:
SF:tests/utils/userSignupFunctionGenerator.ts
FN:5,(anonymous_1)
FN:6,(anonymous_2)
FNF:2
FNH:2
FNDA:1,(anonymous_1)
FNDA:31,(anonymous_2)
DA:1,1
DA:2,1
DA:5,1
DA:6,1
DA:10,31
DA:11,31
DA:13,31
DA:14,31
DA:20,31
DA:22,0
DA:23,0
LF:11
LH:9
BRDA:11,0,0,18
BRDA:11,0,1,13
BRF:2
BRH:2
end_of_record
TN:
SF:tools/populateDbs/createUsersAndPosts.ts
FN:6,(anonymous_1)
FNF:1
FNH:1
FNDA:1,(anonymous_1)
DA:1,1
DA:2,1
DA:3,1
DA:4,1
DA:6,1
DA:7,1
DA:8,1
DA:10,1
DA:11,1
DA:13,1
DA:16,1
LF:11
LH:11
BRDA:6,0,0,0
BRF:1
BRH:0
end_of_record
TN:
SF:tools/populateDbs/posts/populatePosts.ts
FN:15,(anonymous_1)
FN:17,(anonymous_2)
FN:51,(anonymous_3)
FN:62,(anonymous_4)
FNF:4
FNH:4
FNDA:20,(anonymous_1)
FNDA:99,(anonymous_2)
FNDA:4,(anonymous_3)
FNDA:28,(anonymous_4)
DA:1,3
DA:2,3
DA:5,3
DA:6,3
DA:7,3
DA:9,3
DA:10,3
DA:11,3
DA:13,3
DA:15,3
DA:16,20
DA:17,99
DA:20,20
DA:22,20
DA:23,20
DA:24,1
DA:32,20
DA:33,19
DA:36,20
DA:37,20
DA:38,2
DA:41,20
DA:42,20
DA:43,20
DA:44,20
DA:46,0
DA:47,0
DA:51,3
DA:55,4
DA:56,4
DA:57,18
DA:60,4
DA:62,4
DA:63,28
DA:64,28
DA:67,4
LF:36
LH:34
BRDA:23,0,0,1
BRDA:32,1,0,19
BRDA:37,2,0,2
BRDA:37,3,0,20
BRDA:37,3,1,14
BRDA:52,4,0,0
BRDA:63,5,0,0
BRDA:63,6,0,28
BRDA:63,6,1,28
BRF:9
BRH:7
end_of_record
TN:
SF:tools/populateDbs/posts/utils/addComments.ts
FN:8,(anonymous_1)
FN:10,(anonymous_2)
FN:18,(anonymous_3)
FN:37,(anonymous_4)
FN:42,(anonymous_5)
FNF:5
FNH:5
FNDA:19,(anonymous_1)
FNDA:94,(anonymous_2)
FNDA:94,(anonymous_3)
FNDA:19,(anonymous_4)
FNDA:94,(anonymous_5)
DA:1,3
DA:4,3
DA:5,3
DA:6,3
DA:8,3
DA:9,19
DA:10,94
DA:18,3
DA:22,94
DA:24,94
DA:25,94
DA:31,94
DA:33,0
DA:37,3
DA:38,19
DA:40,19
DA:41,19
DA:42,94
DA:45,0
DA:49,3
LF:20
LH:18
BRDA:8,0,0,0
BRF:1
BRH:0
end_of_record
TN:
SF:tools/populateDbs/posts/utils/addReactions.ts
FN:10,(anonymous_6)
FN:20,(anonymous_7)
FNF:2
FNH:2
FNDA:95,(anonymous_6)
FNDA:211,(anonymous_7)
DA:3,3
DA:4,3
DA:10,3
DA:15,95
DA:16,95
DA:18,95
DA:19,95
DA:21,211
DA:27,211
DA:31,0
DA:35,3
LF:11
LH:10
BRDA:15,0,0,95
BRDA:15,0,1,16
BRF:2
BRH:2
end_of_record
TN:
SF:tools/populateDbs/posts/utils/addRepliesToComment.ts
FN:9,(anonymous_1)
FN:40,(anonymous_2)
FN:62,(anonymous_3)
FNF:3
FNH:2
FNDA:2,(anonymous_1)
FNDA:1,(anonymous_2)
FNDA:0,(anonymous_3)
DA:1,1
DA:2,1
DA:5,1
DA:7,1
DA:9,1
DA:13,2
DA:14,2
DA:15,2
DA:16,0
DA:17,0
DA:20,2
DA:27,2
DA:29,2
DA:31,2
DA:33,2
DA:34,2
DA:36,0
DA:40,1
DA:45,1
DA:46,1
DA:47,2
DA:50,1
DA:52,1
DA:58,0
DA:62,1
DA:67,0
DA:68,0
DA:69,0
DA:72,0
LF:29
LH:21
BRDA:15,0,0,0
BRDA:43,1,0,0
BRDA:65,2,0,0
BRF:3
BRH:0
end_of_record
TN:
SF:tools/populateDbs/posts/utils/addSavedPosts.ts
FN:9,(anonymous_0)
FN:20,(anonymous_1)
FN:23,(anonymous_2)
FNF:3
FNH:3
FNDA:6,(anonymous_0)
FNDA:1,(anonymous_1)
FNDA:4,(anonymous_2)
DA:4,3
DA:9,3
DA:10,6
DA:11,6
DA:13,6
DA:14,6
DA:16,0
DA:20,3
DA:21,1
DA:22,1
DA:23,4
DA:26,0
LF:12
LH:10
BRF:0
BRH:0
end_of_record
TN:
SF:tools/populateDbs/posts/utils/getPostData.ts
FN:35,(anonymous_0)
FNF:1
FNH:1
FNDA:20,(anonymous_0)
DA:1,3
DA:4,3
DA:10,3
DA:35,20
DA:58,3
LF:5
LH:5
BRDA:37,0,0,5
BRDA:37,0,1,15
BRDA:38,1,0,6
BRDA:38,1,1,14
BRDA:39,2,0,10
BRDA:39,2,1,10
BRDA:40,3,0,1
BRDA:40,3,1,19
BRDA:46,4,0,4
BRDA:46,4,1,16
BRDA:53,5,0,20
BRDA:53,5,1,17
BRF:12
BRH:12
end_of_record
TN:
SF:tools/populateDbs/users/populateUsers.ts
FN:39,(anonymous_1)
FN:65,(anonymous_2)
FN:78,(anonymous_3)
FN:92,(anonymous_4)
FN:107,(anonymous_5)
FN:120,(anonymous_6)
FN:126,(anonymous_7)
FN:135,(anonymous_8)
FN:147,(anonymous_9)
FN:150,(anonymous_10)
FN:156,(anonymous_11)
FN:170,(anonymous_12)
FN:182,(anonymous_13)
FN:185,(anonymous_14)
FN:192,(anonymous_15)
FN:196,(anonymous_16)
FN:211,(anonymous_17)
FN:249,(anonymous_18)
FN:275,(anonymous_19)
FN:277,(anonymous_20)
FN:281,(anonymous_21)
FN:297,(anonymous_22)
FNF:22
FNH:22
FNDA:26,(anonymous_1)
FNDA:26,(anonymous_2)
FNDA:26,(anonymous_3)
FNDA:69,(anonymous_4)
FNDA:24,(anonymous_5)
FNDA:63,(anonymous_6)
FNDA:21,(anonymous_7)
FNDA:84,(anonymous_8)
FNDA:10,(anonymous_9)
FNDA:42,(anonymous_10)
FNDA:50,(anonymous_11)
FNDA:26,(anonymous_12)
FNDA:69,(anonymous_13)
FNDA:45,(anonymous_14)
FNDA:50,(anonymous_15)
FNDA:19,(anonymous_16)
FNDA:26,(anonymous_17)
FNDA:13,(anonymous_18)
FNDA:3,(anonymous_19)
FNDA:12,(anonymous_20)
FNDA:2,(anonymous_21)
FNDA:3,(anonymous_22)
DA:1,3
DA:2,3
DA:14,3
DA:22,3
DA:23,3
DA:30,3
DA:31,3
DA:37,3
DA:39,3
DA:40,26
DA:41,26
DA:42,26
DA:47,26
DA:48,26
DA:49,26
DA:50,26
DA:51,26
DA:53,26
DA:65,3
DA:70,26
DA:78,3
DA:84,26
DA:92,3
DA:96,69
DA:97,69
DA:107,3
DA:111,24
DA:113,24
DA:121,63
DA:126,3
DA:130,21
DA:132,21
DA:133,21
DA:134,21
DA:135,84
DA:138,21
DA:148,10
DA:151,42
DA:156,3
DA:160,50
DA:162,50
DA:163,50
DA:170,3
DA:180,26
DA:181,26
DA:183,69
DA:186,45
DA:193,50
DA:197,19
DA:211,3
DA:222,26
DA:223,26
DA:225,26
DA:243,26
DA:244,26
DA:246,26
DA:249,3
DA:250,13
DA:251,13
DA:256,13
DA:257,13
DA:258,30
DA:263,13
DA:271,0
DA:275,3
DA:276,3
DA:277,12
DA:281,3
DA:286,2
DA:287,2
DA:288,2
DA:290,2
DA:291,1
DA:293,0
DA:297,3
DA:298,3
DA:299,3
DA:300,12
DA:302,3
DA:304,3
DA:306,3
DA:308,3
LF:82
LH:80
BRDA:186,0,0,24
BRDA:186,0,1,21
BRDA:211,1,0,22
BRDA:212,2,0,23
BRDA:213,3,0,25
BRDA:216,4,0,26
BRDA:217,5,0,26
BRDA:218,6,0,26
BRDA:219,7,0,26
BRDA:220,8,0,26
BRDA:250,9,0,13
BRDA:250,9,1,2
BRDA:290,10,0,1
BRDA:297,11,0,0
BRDA:306,12,0,0
BRF:15
BRH:13
end_of_record
TN:
SF:tools/populateDbs/users/utils/life-events.ts
FN:10,(anonymous_0)
FNF:1
FNH:1
FNDA:26,(anonymous_0)
DA:1,3
DA:3,3
DA:10,3
DA:11,26
DA:12,26
DA:14,26
DA:15,26
DA:18,26
DA:19,26
DA:21,26
DA:22,26
DA:23,26
DA:24,26
DA:27,26
DA:31,26
DA:36,26
DA:41,26
DA:43,26
DA:44,1325
DA:45,64
DA:46,64
DA:47,64
DA:50,64
DA:55,64
DA:62,1325
DA:67,24
DA:68,24
DA:69,24
DA:72,1325
DA:78,12
DA:79,12
DA:80,12
DA:83,1325
DA:88,9
DA:89,9
DA:90,9
DA:94,1325
DA:101,17
DA:102,17
DA:105,1325
DA:106,52
DA:107,52
DA:111,1325
DA:116,23
DA:121,23
DA:124,1325
DA:129,1325
DA:135,23
DA:137,1325
DA:143,4
DA:146,1325
DA:151,1325
DA:152,67
DA:155,1325
DA:156,29
DA:159,1325
DA:162,26
DA:163,26
DA:164,26
DA:166,26
LF:60
LH:60
BRDA:44,0,0,64
BRDA:62,1,0,24
BRDA:63,2,0,1325
BRDA:63,2,1,863
BRDA:63,2,2,25
BRDA:72,3,0,12
BRDA:73,4,0,1325
BRDA:73,4,1,37
BRDA:73,4,2,30
BRDA:73,4,3,12
BRDA:83,5,0,9
BRDA:84,6,0,1325
BRDA:84,6,1,677
BRDA:84,6,2,78
BRDA:94,7,0,17
BRDA:95,8,0,1325
BRDA:95,8,1,767
BRDA:95,8,2,203
BRDA:95,8,3,22
BRDA:95,8,4,17
BRDA:105,9,0,52
BRDA:105,10,0,1325
BRDA:105,10,1,744
BRDA:105,10,2,567
BRDA:111,11,0,23
BRDA:112,12,0,1325
BRDA:112,12,1,815
BRDA:112,12,2,150
BRDA:129,13,0,23
BRDA:130,14,0,1325
BRDA:130,14,1,767
BRDA:130,14,2,197
BRDA:130,14,3,28
BRDA:137,15,0,4
BRDA:138,16,0,1325
BRDA:138,16,1,570
BRDA:138,16,2,193
BRDA:138,16,3,6
BRDA:151,17,0,67
BRDA:151,18,0,1325
BRDA:151,18,1,815
BRDA:155,19,0,29
BRDA:155,20,0,1325
BRDA:155,20,1,591
BRF:44
BRH:44
end_of_record
TN:
SF:tools/populateDbs/users/utils/userOptions.ts
FNF:0
FNH:0
DA:1,3
DA:9,3
DA:23,3
DA:171,3
DA:184,3
DA:207,3
LF:6
LH:6
BRF:0
BRH:0
end_of_record
TN:
SF:tools/populateDbs/utils/clearDatabase.ts
FN:6,(anonymous_1)
FNF:1
FNH:1
FNDA:4,(anonymous_1)
DA:1,4
DA:2,4
DA:3,4
DA:4,4
DA:6,4
DA:7,4
DA:8,4
DA:9,4
DA:10,4
DA:13,4
LF:10
LH:10
BRF:0
BRH:0
end_of_record
TN:
SF:tools/populateDbs/utils/populateHelperFunctions.ts
FN:7,(anonymous_1)
FN:9,(anonymous_2)
FN:17,(anonymous_3)
FN:33,(anonymous_4)
FN:42,(anonymous_5)
FN:52,(anonymous_6)
FN:57,(anonymous_7)
FN:61,(anonymous_8)
FN:67,(anonymous_9)
FN:70,(anonymous_10)
FN:76,(anonymous_11)
FN:79,(anonymous_12)
FN:90,(anonymous_13)
FN:96,(anonymous_14)
FNF:14
FNH:14
FNDA:724,(anonymous_1)
FNDA:490,(anonymous_2)
FNDA:2,(anonymous_3)
FNDA:254,(anonymous_4)
FNDA:13,(anonymous_5)
FNDA:30,(anonymous_6)
FNDA:50,(anonymous_7)
FNDA:52,(anonymous_8)
FNDA:114,(anonymous_9)
FNDA:114,(anonymous_10)
FNDA:26,(anonymous_11)
FNDA:90,(anonymous_12)
FNDA:2877,(anonymous_13)
FNDA:26,(anonymous_14)
DA:1,3
DA:2,3
DA:5,3
DA:7,724
DA:9,3
DA:10,490
DA:17,3
DA:21,2
DA:23,2
DA:25,2
DA:27,0
DA:33,3
DA:34,254
DA:35,254
DA:36,1144
DA:37,1144
DA:39,254
DA:42,3
DA:47,13
DA:48,13
DA:49,42
DA:50,42
DA:52,13
DA:53,30
DA:57,3
DA:58,50
DA:61,3
DA:67,52
DA:68,114
DA:70,114
DA:76,3
DA:79,26
DA:80,90
DA:81,90
DA:90,3
DA:91,2877
DA:92,2877
DA:93,2877
DA:96,3
DA:100,26
DA:101,26
DA:105,26
DA:106,26
LF:43
LH:42
BRDA:7,0,0,71
BRDA:23,1,0,0
BRDA:25,2,0,2
BRDA:25,2,1,0
BRDA:33,3,0,0
BRDA:44,4,0,0
BRDA:53,5,0,0
BRDA:53,5,1,30
BRDA:72,6,0,114
BRDA:72,6,1,41
BRDA:85,7,0,90
BRDA:85,7,1,26
BRDA:97,8,0,26
BRDA:98,9,0,26
BRF:14
BRH:9
end_of_record
